CRITICAL - 2022-02-10 17:34:48 --> include(templates/header): failed to open stream: No such file or directory
#0 /home/acessoho/public_html/codeigniter4/app/Views/home.php(1): CodeIgniter\Debug\Exceptions->errorHandler(2, 'include(templat...', '/home/acessoho/...', 1, Array)
#1 /home/acessoho/public_html/codeigniter4/app/Views/home.php(1): include()
#2 /home/acessoho/public_html/codeigniter4/system/View/View.php(210): include('/home/acessoho/...')
#3 /home/acessoho/public_html/codeigniter4/system/View/View.php(213): CodeIgniter\View\View->CodeIgniter\View\{closure}()
#4 /home/acessoho/public_html/codeigniter4/system/Common.php(1089): CodeIgniter\View\View->render('home', Array, true)
#5 /home/acessoho/public_html/codeigniter4/app/Controllers/Home.php(9): view('home')
#6 /home/acessoho/public_html/codeigniter4/system/CodeIgniter.php(825): App\Controllers\Home->index()
#7 /home/acessoho/public_html/codeigniter4/system/CodeIgniter.php(412): CodeIgniter\CodeIgniter->runController(Object(App\Controllers\Home))
#8 /home/acessoho/public_html/codeigniter4/system/CodeIgniter.php(320): CodeIgniter\CodeIgniter->handleRequest(NULL, Object(Config\Cache), false)
#9 /home/acessoho/public_html/codeigniter4/index.php(38): CodeIgniter\CodeIgniter->run()
#10 {main}
CRITICAL - 2022-02-10 17:34:52 --> include(templates/header): failed to open stream: No such file or directory
#0 /home/acessoho/public_html/codeigniter4/app/Views/home.php(1): CodeIgniter\Debug\Exceptions->errorHandler(2, 'include(templat...', '/home/acessoho/...', 1, Array)
#1 /home/acessoho/public_html/codeigniter4/app/Views/home.php(1): include()
#2 /home/acessoho/public_html/codeigniter4/system/View/View.php(210): include('/home/acessoho/...')
#3 /home/acessoho/public_html/codeigniter4/system/View/View.php(213): CodeIgniter\View\View->CodeIgniter\View\{closure}()
#4 /home/acessoho/public_html/codeigniter4/system/Common.php(1089): CodeIgniter\View\View->render('home', Array, true)
#5 /home/acessoho/public_html/codeigniter4/app/Controllers/Home.php(9): view('home')
#6 /home/acessoho/public_html/codeigniter4/system/CodeIgniter.php(825): App\Controllers\Home->index()
#7 /home/acessoho/public_html/codeigniter4/system/CodeIgniter.php(412): CodeIgniter\CodeIgniter->runController(Object(App\Controllers\Home))
#8 /home/acessoho/public_html/codeigniter4/system/CodeIgniter.php(320): CodeIgniter\CodeIgniter->handleRequest(NULL, Object(Config\Cache), false)
#9 /home/acessoho/public_html/codeigniter4/index.php(38): CodeIgniter\CodeIgniter->run()
#10 {main}
