CRITICAL - 2022-05-11 10:55:34 --> Undefined variable: mneus
#0 /home/acessoho/public_html/codeigniter4/app/Views/admin/templates/header.php(116): CodeIgniter\Debug\Exceptions->errorHandler(8, 'Undefined varia...', '/home/acessoho/...', 116, Array)
#1 /home/acessoho/public_html/codeigniter4/system/View/View.php(210): include('/home/acessoho/...')
#2 /home/acessoho/public_html/codeigniter4/system/View/View.php(213): CodeIgniter\View\View->CodeIgniter\View\{closure}()
#3 /home/acessoho/public_html/codeigniter4/system/Common.php(1089): CodeIgniter\View\View->render('admin/templates...', Array, true)
#4 /home/acessoho/public_html/codeigniter4/app/Controllers/Admin/Home.php(48): view('admin/templates...', Array)
#5 /home/acessoho/public_html/codeigniter4/system/CodeIgniter.php(825): App\Controllers\Admin\Home->index()
#6 /home/acessoho/public_html/codeigniter4/system/CodeIgniter.php(412): CodeIgniter\CodeIgniter->runController(Object(App\Controllers\Admin\Home))
#7 /home/acessoho/public_html/codeigniter4/system/CodeIgniter.php(320): CodeIgniter\CodeIgniter->handleRequest(NULL, Object(Config\Cache), false)
#8 /home/acessoho/public_html/codeigniter4/index.php(38): CodeIgniter\CodeIgniter->run()
#9 {main}
CRITICAL - 2022-05-11 10:55:49 --> Undefined variable: page
#0 /home/acessoho/public_html/codeigniter4/app/Views/admin/templates/header.php(121): CodeIgniter\Debug\Exceptions->errorHandler(8, 'Undefined varia...', '/home/acessoho/...', 121, Array)
#1 /home/acessoho/public_html/codeigniter4/system/View/View.php(210): include('/home/acessoho/...')
#2 /home/acessoho/public_html/codeigniter4/system/View/View.php(213): CodeIgniter\View\View->CodeIgniter\View\{closure}()
#3 /home/acessoho/public_html/codeigniter4/system/Common.php(1089): CodeIgniter\View\View->render('admin/templates...', Array, true)
#4 /home/acessoho/public_html/codeigniter4/app/Controllers/Admin/Home.php(48): view('admin/templates...', Array)
#5 /home/acessoho/public_html/codeigniter4/system/CodeIgniter.php(825): App\Controllers\Admin\Home->index()
#6 /home/acessoho/public_html/codeigniter4/system/CodeIgniter.php(412): CodeIgniter\CodeIgniter->runController(Object(App\Controllers\Admin\Home))
#7 /home/acessoho/public_html/codeigniter4/system/CodeIgniter.php(320): CodeIgniter\CodeIgniter->handleRequest(NULL, Object(Config\Cache), false)
#8 /home/acessoho/public_html/codeigniter4/index.php(38): CodeIgniter\CodeIgniter->run()
#9 {main}
CRITICAL - 2022-05-11 10:58:16 --> Undefined variable: url
#0 /home/acessoho/public_html/codeigniter4/app/Views/admin/templates/header.php(124): CodeIgniter\Debug\Exceptions->errorHandler(8, 'Undefined varia...', '/home/acessoho/...', 124, Array)
#1 /home/acessoho/public_html/codeigniter4/system/View/View.php(210): include('/home/acessoho/...')
#2 /home/acessoho/public_html/codeigniter4/system/View/View.php(213): CodeIgniter\View\View->CodeIgniter\View\{closure}()
#3 /home/acessoho/public_html/codeigniter4/system/Common.php(1089): CodeIgniter\View\View->render('admin/templates...', Array, true)
#4 /home/acessoho/public_html/codeigniter4/app/Controllers/Admin/Home.php(48): view('admin/templates...', Array)
#5 /home/acessoho/public_html/codeigniter4/system/CodeIgniter.php(825): App\Controllers\Admin\Home->index()
#6 /home/acessoho/public_html/codeigniter4/system/CodeIgniter.php(412): CodeIgniter\CodeIgniter->runController(Object(App\Controllers\Admin\Home))
#7 /home/acessoho/public_html/codeigniter4/system/CodeIgniter.php(320): CodeIgniter\CodeIgniter->handleRequest(NULL, Object(Config\Cache), false)
#8 /home/acessoho/public_html/codeigniter4/index.php(38): CodeIgniter\CodeIgniter->run()
#9 {main}
CRITICAL - 2022-05-11 11:01:19 --> Undefined variable: url
#0 /home/acessoho/public_html/codeigniter4/app/Views/admin/templates/header.php(124): CodeIgniter\Debug\Exceptions->errorHandler(8, 'Undefined varia...', '/home/acessoho/...', 124, Array)
#1 /home/acessoho/public_html/codeigniter4/system/View/View.php(210): include('/home/acessoho/...')
#2 /home/acessoho/public_html/codeigniter4/system/View/View.php(213): CodeIgniter\View\View->CodeIgniter\View\{closure}()
#3 /home/acessoho/public_html/codeigniter4/system/Common.php(1089): CodeIgniter\View\View->render('admin/templates...', Array, true)
#4 /home/acessoho/public_html/codeigniter4/app/Controllers/Admin/Home.php(48): view('admin/templates...', Array)
#5 /home/acessoho/public_html/codeigniter4/system/CodeIgniter.php(825): App\Controllers\Admin\Home->index()
#6 /home/acessoho/public_html/codeigniter4/system/CodeIgniter.php(412): CodeIgniter\CodeIgniter->runController(Object(App\Controllers\Admin\Home))
#7 /home/acessoho/public_html/codeigniter4/system/CodeIgniter.php(320): CodeIgniter\CodeIgniter->handleRequest(NULL, Object(Config\Cache), false)
#8 /home/acessoho/public_html/codeigniter4/index.php(38): CodeIgniter\CodeIgniter->run()
#9 {main}
CRITICAL - 2022-05-11 11:02:01 --> Undefined variable: url
#0 /home/acessoho/public_html/codeigniter4/app/Views/admin/templates/header.php(124): CodeIgniter\Debug\Exceptions->errorHandler(8, 'Undefined varia...', '/home/acessoho/...', 124, Array)
#1 /home/acessoho/public_html/codeigniter4/system/View/View.php(210): include('/home/acessoho/...')
#2 /home/acessoho/public_html/codeigniter4/system/View/View.php(213): CodeIgniter\View\View->CodeIgniter\View\{closure}()
#3 /home/acessoho/public_html/codeigniter4/system/Common.php(1089): CodeIgniter\View\View->render('admin/templates...', Array, true)
#4 /home/acessoho/public_html/codeigniter4/app/Controllers/Admin/Home.php(48): view('admin/templates...', Array)
#5 /home/acessoho/public_html/codeigniter4/system/CodeIgniter.php(825): App\Controllers\Admin\Home->index()
#6 /home/acessoho/public_html/codeigniter4/system/CodeIgniter.php(412): CodeIgniter\CodeIgniter->runController(Object(App\Controllers\Admin\Home))
#7 /home/acessoho/public_html/codeigniter4/system/CodeIgniter.php(320): CodeIgniter\CodeIgniter->handleRequest(NULL, Object(Config\Cache), false)
#8 /home/acessoho/public_html/codeigniter4/index.php(38): CodeIgniter\CodeIgniter->run()
#9 {main}
CRITICAL - 2022-05-11 11:03:57 --> Undefined variable: url
#0 /home/acessoho/public_html/codeigniter4/app/Views/admin/templates/header.php(124): CodeIgniter\Debug\Exceptions->errorHandler(8, 'Undefined varia...', '/home/acessoho/...', 124, Array)
#1 /home/acessoho/public_html/codeigniter4/system/View/View.php(210): include('/home/acessoho/...')
#2 /home/acessoho/public_html/codeigniter4/system/View/View.php(213): CodeIgniter\View\View->CodeIgniter\View\{closure}()
#3 /home/acessoho/public_html/codeigniter4/system/Common.php(1089): CodeIgniter\View\View->render('admin/templates...', Array, true)
#4 /home/acessoho/public_html/codeigniter4/app/Controllers/Admin/Home.php(48): view('admin/templates...', Array)
#5 /home/acessoho/public_html/codeigniter4/system/CodeIgniter.php(825): App\Controllers\Admin\Home->index()
#6 /home/acessoho/public_html/codeigniter4/system/CodeIgniter.php(412): CodeIgniter\CodeIgniter->runController(Object(App\Controllers\Admin\Home))
#7 /home/acessoho/public_html/codeigniter4/system/CodeIgniter.php(320): CodeIgniter\CodeIgniter->handleRequest(NULL, Object(Config\Cache), false)
#8 /home/acessoho/public_html/codeigniter4/index.php(38): CodeIgniter\CodeIgniter->run()
#9 {main}
CRITICAL - 2022-05-11 11:04:07 --> Undefined variable: sub_page
#0 /home/acessoho/public_html/codeigniter4/app/Views/admin/templates/header.php(124): CodeIgniter\Debug\Exceptions->errorHandler(8, 'Undefined varia...', '/home/acessoho/...', 124, Array)
#1 /home/acessoho/public_html/codeigniter4/system/View/View.php(210): include('/home/acessoho/...')
#2 /home/acessoho/public_html/codeigniter4/system/View/View.php(213): CodeIgniter\View\View->CodeIgniter\View\{closure}()
#3 /home/acessoho/public_html/codeigniter4/system/Common.php(1089): CodeIgniter\View\View->render('admin/templates...', Array, true)
#4 /home/acessoho/public_html/codeigniter4/app/Controllers/Admin/Home.php(48): view('admin/templates...', Array)
#5 /home/acessoho/public_html/codeigniter4/system/CodeIgniter.php(825): App\Controllers\Admin\Home->index()
#6 /home/acessoho/public_html/codeigniter4/system/CodeIgniter.php(412): CodeIgniter\CodeIgniter->runController(Object(App\Controllers\Admin\Home))
#7 /home/acessoho/public_html/codeigniter4/system/CodeIgniter.php(320): CodeIgniter\CodeIgniter->handleRequest(NULL, Object(Config\Cache), false)
#8 /home/acessoho/public_html/codeigniter4/index.php(38): CodeIgniter\CodeIgniter->run()
#9 {main}
CRITICAL - 2022-05-11 11:04:38 --> Undefined variable: page
#0 /home/acessoho/public_html/codeigniter4/app/Views/admin/templates/header.php(121): CodeIgniter\Debug\Exceptions->errorHandler(8, 'Undefined varia...', '/home/acessoho/...', 121, Array)
#1 /home/acessoho/public_html/codeigniter4/system/View/View.php(210): include('/home/acessoho/...')
#2 /home/acessoho/public_html/codeigniter4/system/View/View.php(213): CodeIgniter\View\View->CodeIgniter\View\{closure}()
#3 /home/acessoho/public_html/codeigniter4/system/Common.php(1089): CodeIgniter\View\View->render('admin/templates...', Array, true)
#4 /home/acessoho/public_html/codeigniter4/app/Controllers/Admin/Home.php(48): view('admin/templates...', Array)
#5 /home/acessoho/public_html/codeigniter4/system/CodeIgniter.php(825): App\Controllers\Admin\Home->index()
#6 /home/acessoho/public_html/codeigniter4/system/CodeIgniter.php(412): CodeIgniter\CodeIgniter->runController(Object(App\Controllers\Admin\Home))
#7 /home/acessoho/public_html/codeigniter4/system/CodeIgniter.php(320): CodeIgniter\CodeIgniter->handleRequest(NULL, Object(Config\Cache), false)
#8 /home/acessoho/public_html/codeigniter4/index.php(38): CodeIgniter\CodeIgniter->run()
#9 {main}
ERROR - 2022-05-11 11:06:01 --> You have an error in your SQL syntax; check the manual that corresponds to your MariaDB server version for the right syntax to use near '.`id`, `m`.`page`, `msp`.`id` AS `id_sub_page`, `msp`.`sub_page`, `msp`.`url`...' at line 1
CRITICAL - 2022-05-11 11:06:01 --> You have an error in your SQL syntax; check the manual that corresponds to your MariaDB server version for the right syntax to use near '.`id`, `m`.`page`, `msp`.`id` AS `id_sub_page`, `msp`.`sub_page`, `msp`.`url`...' at line 1
#0 /home/acessoho/public_html/codeigniter4/system/Database/MySQLi/Connection.php(292): mysqli->query('SELECT `SELECT`...', 0)
#1 /home/acessoho/public_html/codeigniter4/system/Database/BaseConnection.php(670): CodeIgniter\Database\MySQLi\Connection->execute('SELECT `SELECT`...')
#2 /home/acessoho/public_html/codeigniter4/system/Database/BaseConnection.php(598): CodeIgniter\Database\BaseConnection->simpleQuery('SELECT `SELECT`...')
#3 /home/acessoho/public_html/codeigniter4/system/Database/BaseBuilder.php(1455): CodeIgniter\Database\BaseConnection->query('SELECT `SELECT`...', Array, false)
#4 /home/acessoho/public_html/codeigniter4/system/Model.php(183): CodeIgniter\Database\BaseBuilder->get()
#5 /home/acessoho/public_html/codeigniter4/system/BaseModel.php(584): CodeIgniter\Model->doFindAll(0, 0)
#6 /home/acessoho/public_html/codeigniter4/app/Controllers/Admin/Home.php(46): CodeIgniter\BaseModel->findAll()
#7 /home/acessoho/public_html/codeigniter4/system/CodeIgniter.php(825): App\Controllers\Admin\Home->index()
#8 /home/acessoho/public_html/codeigniter4/system/CodeIgniter.php(412): CodeIgniter\CodeIgniter->runController(Object(App\Controllers\Admin\Home))
#9 /home/acessoho/public_html/codeigniter4/system/CodeIgniter.php(320): CodeIgniter\CodeIgniter->handleRequest(NULL, Object(Config\Cache), false)
#10 /home/acessoho/public_html/codeigniter4/index.php(38): CodeIgniter\CodeIgniter->run()
#11 {main}
ERROR - 2022-05-11 11:13:23 --> You have an error in your SQL syntax; check the manual that corresponds to your MariaDB server version for the right syntax to use near '.`id`, `m`.`page`, `msp`.`id` `id_sub_page`, `msp`.`sub_page`, `msp`.`url`
FR...' at line 1
CRITICAL - 2022-05-11 11:13:23 --> You have an error in your SQL syntax; check the manual that corresponds to your MariaDB server version for the right syntax to use near '.`id`, `m`.`page`, `msp`.`id` `id_sub_page`, `msp`.`sub_page`, `msp`.`url`
FR...' at line 1
#0 /home/acessoho/public_html/codeigniter4/system/Database/MySQLi/Connection.php(292): mysqli->query('SELECT `SELECT`...', 0)
#1 /home/acessoho/public_html/codeigniter4/system/Database/BaseConnection.php(670): CodeIgniter\Database\MySQLi\Connection->execute('SELECT `SELECT`...')
#2 /home/acessoho/public_html/codeigniter4/system/Database/BaseConnection.php(598): CodeIgniter\Database\BaseConnection->simpleQuery('SELECT `SELECT`...')
#3 /home/acessoho/public_html/codeigniter4/system/Database/BaseBuilder.php(1455): CodeIgniter\Database\BaseConnection->query('SELECT `SELECT`...', Array, false)
#4 /home/acessoho/public_html/codeigniter4/system/Model.php(183): CodeIgniter\Database\BaseBuilder->get()
#5 /home/acessoho/public_html/codeigniter4/system/BaseModel.php(584): CodeIgniter\Model->doFindAll(0, 0)
#6 /home/acessoho/public_html/codeigniter4/app/Controllers/Admin/Home.php(46): CodeIgniter\BaseModel->findAll()
#7 /home/acessoho/public_html/codeigniter4/system/CodeIgniter.php(825): App\Controllers\Admin\Home->index()
#8 /home/acessoho/public_html/codeigniter4/system/CodeIgniter.php(412): CodeIgniter\CodeIgniter->runController(Object(App\Controllers\Admin\Home))
#9 /home/acessoho/public_html/codeigniter4/system/CodeIgniter.php(320): CodeIgniter\CodeIgniter->handleRequest(NULL, Object(Config\Cache), false)
#10 /home/acessoho/public_html/codeigniter4/index.php(38): CodeIgniter\CodeIgniter->run()
#11 {main}
ERROR - 2022-05-11 11:14:32 --> You have an error in your SQL syntax; check the manual that corresponds to your MariaDB server version for the right syntax to use near '.`page`, `msp`.`sub_page`, `msp`.`url`
FROM `menu_adm_permission` `mp`
LEFT J...' at line 1
CRITICAL - 2022-05-11 11:14:32 --> You have an error in your SQL syntax; check the manual that corresponds to your MariaDB server version for the right syntax to use near '.`page`, `msp`.`sub_page`, `msp`.`url`
FROM `menu_adm_permission` `mp`
LEFT J...' at line 1
#0 /home/acessoho/public_html/codeigniter4/system/Database/MySQLi/Connection.php(292): mysqli->query('SELECT `SELECT`...', 0)
#1 /home/acessoho/public_html/codeigniter4/system/Database/BaseConnection.php(670): CodeIgniter\Database\MySQLi\Connection->execute('SELECT `SELECT`...')
#2 /home/acessoho/public_html/codeigniter4/system/Database/BaseConnection.php(598): CodeIgniter\Database\BaseConnection->simpleQuery('SELECT `SELECT`...')
#3 /home/acessoho/public_html/codeigniter4/system/Database/BaseBuilder.php(1455): CodeIgniter\Database\BaseConnection->query('SELECT `SELECT`...', Array, false)
#4 /home/acessoho/public_html/codeigniter4/system/Model.php(183): CodeIgniter\Database\BaseBuilder->get()
#5 /home/acessoho/public_html/codeigniter4/system/BaseModel.php(584): CodeIgniter\Model->doFindAll(0, 0)
#6 /home/acessoho/public_html/codeigniter4/app/Controllers/Admin/Home.php(46): CodeIgniter\BaseModel->findAll()
#7 /home/acessoho/public_html/codeigniter4/system/CodeIgniter.php(825): App\Controllers\Admin\Home->index()
#8 /home/acessoho/public_html/codeigniter4/system/CodeIgniter.php(412): CodeIgniter\CodeIgniter->runController(Object(App\Controllers\Admin\Home))
#9 /home/acessoho/public_html/codeigniter4/system/CodeIgniter.php(320): CodeIgniter\CodeIgniter->handleRequest(NULL, Object(Config\Cache), false)
#10 /home/acessoho/public_html/codeigniter4/index.php(38): CodeIgniter\CodeIgniter->run()
#11 {main}
ERROR - 2022-05-11 11:15:40 --> You have an error in your SQL syntax; check the manual that corresponds to your MariaDB server version for the right syntax to use near '.`page`, `msp`.`sub_page`, `msp`.`url`
FROM `menu_adm_permission` `mp`
INNER ...' at line 1
CRITICAL - 2022-05-11 11:15:40 --> You have an error in your SQL syntax; check the manual that corresponds to your MariaDB server version for the right syntax to use near '.`page`, `msp`.`sub_page`, `msp`.`url`
FROM `menu_adm_permission` `mp`
INNER ...' at line 1
#0 /home/acessoho/public_html/codeigniter4/system/Database/MySQLi/Connection.php(292): mysqli->query('SELECT `SELECT`...', 0)
#1 /home/acessoho/public_html/codeigniter4/system/Database/BaseConnection.php(670): CodeIgniter\Database\MySQLi\Connection->execute('SELECT `SELECT`...')
#2 /home/acessoho/public_html/codeigniter4/system/Database/BaseConnection.php(598): CodeIgniter\Database\BaseConnection->simpleQuery('SELECT `SELECT`...')
#3 /home/acessoho/public_html/codeigniter4/system/Database/BaseBuilder.php(1455): CodeIgniter\Database\BaseConnection->query('SELECT `SELECT`...', Array, false)
#4 /home/acessoho/public_html/codeigniter4/system/Model.php(183): CodeIgniter\Database\BaseBuilder->get()
#5 /home/acessoho/public_html/codeigniter4/system/BaseModel.php(584): CodeIgniter\Model->doFindAll(0, 0)
#6 /home/acessoho/public_html/codeigniter4/app/Controllers/Admin/Home.php(46): CodeIgniter\BaseModel->findAll()
#7 /home/acessoho/public_html/codeigniter4/system/CodeIgniter.php(825): App\Controllers\Admin\Home->index()
#8 /home/acessoho/public_html/codeigniter4/system/CodeIgniter.php(412): CodeIgniter\CodeIgniter->runController(Object(App\Controllers\Admin\Home))
#9 /home/acessoho/public_html/codeigniter4/system/CodeIgniter.php(320): CodeIgniter\CodeIgniter->handleRequest(NULL, Object(Config\Cache), false)
#10 /home/acessoho/public_html/codeigniter4/index.php(38): CodeIgniter\CodeIgniter->run()
#11 {main}
ERROR - 2022-05-11 11:16:57 --> Unknown column 'msp.id_sub_page' in 'on clause'
CRITICAL - 2022-05-11 11:16:57 --> Unknown column 'msp.id_sub_page' in 'on clause'
#0 /home/acessoho/public_html/codeigniter4/system/Database/MySQLi/Connection.php(292): mysqli->query('SELECT `m`.`pag...', 0)
#1 /home/acessoho/public_html/codeigniter4/system/Database/BaseConnection.php(670): CodeIgniter\Database\MySQLi\Connection->execute('SELECT `m`.`pag...')
#2 /home/acessoho/public_html/codeigniter4/system/Database/BaseConnection.php(598): CodeIgniter\Database\BaseConnection->simpleQuery('SELECT `m`.`pag...')
#3 /home/acessoho/public_html/codeigniter4/system/Database/BaseBuilder.php(1455): CodeIgniter\Database\BaseConnection->query('SELECT `m`.`pag...', Array, false)
#4 /home/acessoho/public_html/codeigniter4/system/Model.php(183): CodeIgniter\Database\BaseBuilder->get()
#5 /home/acessoho/public_html/codeigniter4/system/BaseModel.php(584): CodeIgniter\Model->doFindAll(0, 0)
#6 /home/acessoho/public_html/codeigniter4/app/Controllers/Admin/Home.php(46): CodeIgniter\BaseModel->findAll()
#7 /home/acessoho/public_html/codeigniter4/system/CodeIgniter.php(825): App\Controllers\Admin\Home->index()
#8 /home/acessoho/public_html/codeigniter4/system/CodeIgniter.php(412): CodeIgniter\CodeIgniter->runController(Object(App\Controllers\Admin\Home))
#9 /home/acessoho/public_html/codeigniter4/system/CodeIgniter.php(320): CodeIgniter\CodeIgniter->handleRequest(NULL, Object(Config\Cache), false)
#10 /home/acessoho/public_html/codeigniter4/index.php(38): CodeIgniter\CodeIgniter->run()
#11 {main}
CRITICAL - 2022-05-11 11:18:05 --> Undefined variable: menus
#0 /home/acessoho/public_html/codeigniter4/app/Views/admin/templates/header.php(116): CodeIgniter\Debug\Exceptions->errorHandler(8, 'Undefined varia...', '/home/acessoho/...', 116, Array)
#1 /home/acessoho/public_html/codeigniter4/system/View/View.php(210): include('/home/acessoho/...')
#2 /home/acessoho/public_html/codeigniter4/system/View/View.php(213): CodeIgniter\View\View->CodeIgniter\View\{closure}()
#3 /home/acessoho/public_html/codeigniter4/system/Common.php(1089): CodeIgniter\View\View->render('admin/templates...', Array, true)
#4 /home/acessoho/public_html/codeigniter4/app/Controllers/Admin/Usuarios.php(25): view('admin/templates...', Array)
#5 /home/acessoho/public_html/codeigniter4/system/CodeIgniter.php(825): App\Controllers\Admin\Usuarios->index()
#6 /home/acessoho/public_html/codeigniter4/system/CodeIgniter.php(412): CodeIgniter\CodeIgniter->runController(Object(App\Controllers\Admin\Usuarios))
#7 /home/acessoho/public_html/codeigniter4/system/CodeIgniter.php(320): CodeIgniter\CodeIgniter->handleRequest(NULL, Object(Config\Cache), false)
#8 /home/acessoho/public_html/codeigniter4/index.php(38): CodeIgniter\CodeIgniter->run()
#9 {main}
CRITICAL - 2022-05-11 11:18:23 --> Undefined variable: menus
#0 /home/acessoho/public_html/codeigniter4/app/Views/admin/templates/header.php(116): CodeIgniter\Debug\Exceptions->errorHandler(8, 'Undefined varia...', '/home/acessoho/...', 116, Array)
#1 /home/acessoho/public_html/codeigniter4/system/View/View.php(210): include('/home/acessoho/...')
#2 /home/acessoho/public_html/codeigniter4/system/View/View.php(213): CodeIgniter\View\View->CodeIgniter\View\{closure}()
#3 /home/acessoho/public_html/codeigniter4/system/Common.php(1089): CodeIgniter\View\View->render('admin/templates...', Array, true)
#4 /home/acessoho/public_html/codeigniter4/app/Controllers/Admin/Banners.php(26): view('admin/templates...', Array)
#5 /home/acessoho/public_html/codeigniter4/system/CodeIgniter.php(825): App\Controllers\Admin\Banners->index()
#6 /home/acessoho/public_html/codeigniter4/system/CodeIgniter.php(412): CodeIgniter\CodeIgniter->runController(Object(App\Controllers\Admin\Banners))
#7 /home/acessoho/public_html/codeigniter4/system/CodeIgniter.php(320): CodeIgniter\CodeIgniter->handleRequest(NULL, Object(Config\Cache), false)
#8 /home/acessoho/public_html/codeigniter4/index.php(38): CodeIgniter\CodeIgniter->run()
#9 {main}
CRITICAL - 2022-05-11 11:24:18 --> Undefined variable: menus
#0 /home/acessoho/public_html/codeigniter4/app/Views/admin/templates/header.php(116): CodeIgniter\Debug\Exceptions->errorHandler(8, 'Undefined varia...', '/home/acessoho/...', 116, Array)
#1 /home/acessoho/public_html/codeigniter4/system/View/View.php(210): include('/home/acessoho/...')
#2 /home/acessoho/public_html/codeigniter4/system/View/View.php(213): CodeIgniter\View\View->CodeIgniter\View\{closure}()
#3 /home/acessoho/public_html/codeigniter4/system/Common.php(1089): CodeIgniter\View\View->render('admin/templates...', Array, true)
#4 /home/acessoho/public_html/codeigniter4/app/Controllers/Admin/Banners.php(26): view('admin/templates...', Array)
#5 /home/acessoho/public_html/codeigniter4/system/CodeIgniter.php(825): App\Controllers\Admin\Banners->index()
#6 /home/acessoho/public_html/codeigniter4/system/CodeIgniter.php(412): CodeIgniter\CodeIgniter->runController(Object(App\Controllers\Admin\Banners))
#7 /home/acessoho/public_html/codeigniter4/system/CodeIgniter.php(320): CodeIgniter\CodeIgniter->handleRequest(NULL, Object(Config\Cache), false)
#8 /home/acessoho/public_html/codeigniter4/index.php(38): CodeIgniter\CodeIgniter->run()
#9 {main}
CRITICAL - 2022-05-11 11:33:52 --> Undefined variable: menus
#0 /home/acessoho/public_html/codeigniter4/app/Views/admin/templates/header.php(116): CodeIgniter\Debug\Exceptions->errorHandler(8, 'Undefined varia...', '/home/acessoho/...', 116, Array)
#1 /home/acessoho/public_html/codeigniter4/system/View/View.php(210): include('/home/acessoho/...')
#2 /home/acessoho/public_html/codeigniter4/system/View/View.php(213): CodeIgniter\View\View->CodeIgniter\View\{closure}()
#3 /home/acessoho/public_html/codeigniter4/system/Common.php(1089): CodeIgniter\View\View->render('admin/templates...', Array, true)
#4 /home/acessoho/public_html/codeigniter4/app/Controllers/Admin/Banners.php(26): view('admin/templates...', Array)
#5 /home/acessoho/public_html/codeigniter4/system/CodeIgniter.php(825): App\Controllers\Admin\Banners->index()
#6 /home/acessoho/public_html/codeigniter4/system/CodeIgniter.php(412): CodeIgniter\CodeIgniter->runController(Object(App\Controllers\Admin\Banners))
#7 /home/acessoho/public_html/codeigniter4/system/CodeIgniter.php(320): CodeIgniter\CodeIgniter->handleRequest(NULL, Object(Config\Cache), false)
#8 /home/acessoho/public_html/codeigniter4/index.php(38): CodeIgniter\CodeIgniter->run()
#9 {main}
CRITICAL - 2022-05-11 12:20:04 --> Undefined variable: menus
#0 /home/acessoho/public_html/codeigniter4/app/Views/admin/templates/header.php(116): CodeIgniter\Debug\Exceptions->errorHandler(8, 'Undefined varia...', '/home/acessoho/...', 116, Array)
#1 /home/acessoho/public_html/codeigniter4/system/View/View.php(210): include('/home/acessoho/...')
#2 /home/acessoho/public_html/codeigniter4/system/View/View.php(213): CodeIgniter\View\View->CodeIgniter\View\{closure}()
#3 /home/acessoho/public_html/codeigniter4/system/Common.php(1089): CodeIgniter\View\View->render('admin/templates...', Array, true)
#4 /home/acessoho/public_html/codeigniter4/app/Controllers/Admin/Usuarios.php(25): view('admin/templates...', Array)
#5 /home/acessoho/public_html/codeigniter4/system/CodeIgniter.php(825): App\Controllers\Admin\Usuarios->index()
#6 /home/acessoho/public_html/codeigniter4/system/CodeIgniter.php(412): CodeIgniter\CodeIgniter->runController(Object(App\Controllers\Admin\Usuarios))
#7 /home/acessoho/public_html/codeigniter4/system/CodeIgniter.php(320): CodeIgniter\CodeIgniter->handleRequest(NULL, Object(Config\Cache), false)
#8 /home/acessoho/public_html/codeigniter4/index.php(38): CodeIgniter\CodeIgniter->run()
#9 {main}
CRITICAL - 2022-05-11 12:28:02 --> Undefined variable: menus
#0 /home/acessoho/public_html/codeigniter4/app/Views/admin/templates/header.php(117): CodeIgniter\Debug\Exceptions->errorHandler(8, 'Undefined varia...', '/home/acessoho/...', 117, Array)
#1 /home/acessoho/public_html/codeigniter4/system/View/View.php(210): include('/home/acessoho/...')
#2 /home/acessoho/public_html/codeigniter4/system/View/View.php(213): CodeIgniter\View\View->CodeIgniter\View\{closure}()
#3 /home/acessoho/public_html/codeigniter4/system/Common.php(1089): CodeIgniter\View\View->render('admin/templates...', Array, true)
#4 /home/acessoho/public_html/codeigniter4/app/Controllers/Admin/Usuarios.php(25): view('admin/templates...', Array)
#5 /home/acessoho/public_html/codeigniter4/system/CodeIgniter.php(825): App\Controllers\Admin\Usuarios->index()
#6 /home/acessoho/public_html/codeigniter4/system/CodeIgniter.php(412): CodeIgniter\CodeIgniter->runController(Object(App\Controllers\Admin\Usuarios))
#7 /home/acessoho/public_html/codeigniter4/system/CodeIgniter.php(320): CodeIgniter\CodeIgniter->handleRequest(NULL, Object(Config\Cache), false)
#8 /home/acessoho/public_html/codeigniter4/index.php(38): CodeIgniter\CodeIgniter->run()
#9 {main}
CRITICAL - 2022-05-11 12:44:05 --> Invalid file: admin/templates/main.php
#0 /home/acessoho/public_html/codeigniter4/system/View/View.php(198): CodeIgniter\Exceptions\FrameworkException::forInvalidFile('admin/templates...')
#1 /home/acessoho/public_html/codeigniter4/system/Common.php(1089): CodeIgniter\View\View->render('admin/templates...', Array, true)
#2 /home/acessoho/public_html/codeigniter4/app/Controllers/Admin/Home.php(48): view('admin/templates...', Array)
#3 /home/acessoho/public_html/codeigniter4/system/CodeIgniter.php(825): App\Controllers\Admin\Home->index()
#4 /home/acessoho/public_html/codeigniter4/system/CodeIgniter.php(412): CodeIgniter\CodeIgniter->runController(Object(App\Controllers\Admin\Home))
#5 /home/acessoho/public_html/codeigniter4/system/CodeIgniter.php(320): CodeIgniter\CodeIgniter->handleRequest(NULL, Object(Config\Cache), false)
#6 /home/acessoho/public_html/codeigniter4/index.php(38): CodeIgniter\CodeIgniter->run()
#7 {main}
CRITICAL - 2022-05-11 12:44:32 --> Invalid file: admin/templates/layout.php
#0 /home/acessoho/public_html/codeigniter4/system/View/View.php(198): CodeIgniter\Exceptions\FrameworkException::forInvalidFile('admin/templates...')
#1 /home/acessoho/public_html/codeigniter4/system/View/View.php(226): CodeIgniter\View\View->render('admin/templates...', Array, true)
#2 /home/acessoho/public_html/codeigniter4/system/Common.php(1089): CodeIgniter\View\View->render('admin/pages/hom...', Array, true)
#3 /home/acessoho/public_html/codeigniter4/app/Controllers/Admin/Home.php(49): view('admin/pages/hom...')
#4 /home/acessoho/public_html/codeigniter4/system/CodeIgniter.php(825): App\Controllers\Admin\Home->index()
#5 /home/acessoho/public_html/codeigniter4/system/CodeIgniter.php(412): CodeIgniter\CodeIgniter->runController(Object(App\Controllers\Admin\Home))
#6 /home/acessoho/public_html/codeigniter4/system/CodeIgniter.php(320): CodeIgniter\CodeIgniter->handleRequest(NULL, Object(Config\Cache), false)
#7 /home/acessoho/public_html/codeigniter4/index.php(38): CodeIgniter\CodeIgniter->run()
#8 {main}
CRITICAL - 2022-05-11 12:45:17 --> Invalid file: admin/templates/layout.php
#0 /home/acessoho/public_html/codeigniter4/system/View/View.php(198): CodeIgniter\Exceptions\FrameworkException::forInvalidFile('admin/templates...')
#1 /home/acessoho/public_html/codeigniter4/system/View/View.php(226): CodeIgniter\View\View->render('admin/templates...', Array, true)
#2 /home/acessoho/public_html/codeigniter4/system/Common.php(1089): CodeIgniter\View\View->render('admin/pages/hom...', Array, true)
#3 /home/acessoho/public_html/codeigniter4/app/Controllers/Admin/Home.php(49): view('admin/pages/hom...')
#4 /home/acessoho/public_html/codeigniter4/system/CodeIgniter.php(825): App\Controllers\Admin\Home->index()
#5 /home/acessoho/public_html/codeigniter4/system/CodeIgniter.php(412): CodeIgniter\CodeIgniter->runController(Object(App\Controllers\Admin\Home))
#6 /home/acessoho/public_html/codeigniter4/system/CodeIgniter.php(320): CodeIgniter\CodeIgniter->handleRequest(NULL, Object(Config\Cache), false)
#7 /home/acessoho/public_html/codeigniter4/index.php(38): CodeIgniter\CodeIgniter->run()
#8 {main}
CRITICAL - 2022-05-11 12:48:40 --> Undefined variable: menus
#0 /home/acessoho/public_html/codeigniter4/app/Views/admin/templates/header.php(117): CodeIgniter\Debug\Exceptions->errorHandler(8, 'Undefined varia...', '/home/acessoho/...', 117, Array)
#1 /home/acessoho/public_html/codeigniter4/system/View/View.php(210): include('/home/acessoho/...')
#2 /home/acessoho/public_html/codeigniter4/system/View/View.php(213): CodeIgniter\View\View->CodeIgniter\View\{closure}()
#3 /home/acessoho/public_html/codeigniter4/system/Common.php(1089): CodeIgniter\View\View->render('admin/templates...', Array, true)
#4 /home/acessoho/public_html/codeigniter4/app/Controllers/Admin/Usuarios.php(25): view('admin/templates...', Array)
#5 /home/acessoho/public_html/codeigniter4/system/CodeIgniter.php(825): App\Controllers\Admin\Usuarios->index()
#6 /home/acessoho/public_html/codeigniter4/system/CodeIgniter.php(412): CodeIgniter\CodeIgniter->runController(Object(App\Controllers\Admin\Usuarios))
#7 /home/acessoho/public_html/codeigniter4/system/CodeIgniter.php(320): CodeIgniter\CodeIgniter->handleRequest(NULL, Object(Config\Cache), false)
#8 /home/acessoho/public_html/codeigniter4/index.php(38): CodeIgniter\CodeIgniter->run()
#9 {main}
CRITICAL - 2022-05-11 13:15:03 --> Undefined variable: title
#0 /home/acessoho/public_html/codeigniter4/app/Views/admin/templates/layout.php(6): CodeIgniter\Debug\Exceptions->errorHandler(8, 'Undefined varia...', '/home/acessoho/...', 6, Array)
#1 /home/acessoho/public_html/codeigniter4/system/View/View.php(210): include('/home/acessoho/...')
#2 /home/acessoho/public_html/codeigniter4/system/View/View.php(213): CodeIgniter\View\View->CodeIgniter\View\{closure}()
#3 /home/acessoho/public_html/codeigniter4/system/Common.php(1089): CodeIgniter\View\View->render('admin/templates...', Array, true)
#4 /home/acessoho/public_html/codeigniter4/app/Controllers/Admin/Home.php(48): view('admin/templates...')
#5 /home/acessoho/public_html/codeigniter4/system/CodeIgniter.php(825): App\Controllers\Admin\Home->index()
#6 /home/acessoho/public_html/codeigniter4/system/CodeIgniter.php(412): CodeIgniter\CodeIgniter->runController(Object(App\Controllers\Admin\Home))
#7 /home/acessoho/public_html/codeigniter4/system/CodeIgniter.php(320): CodeIgniter\CodeIgniter->handleRequest(NULL, Object(Config\Cache), false)
#8 /home/acessoho/public_html/codeigniter4/index.php(38): CodeIgniter\CodeIgniter->run()
#9 {main}
CRITICAL - 2022-05-11 13:22:08 --> Undefined variable: menus
#0 /home/acessoho/public_html/codeigniter4/app/Views/admin/templates/header.php(117): CodeIgniter\Debug\Exceptions->errorHandler(8, 'Undefined varia...', '/home/acessoho/...', 117, Array)
#1 /home/acessoho/public_html/codeigniter4/system/View/View.php(210): include('/home/acessoho/...')
#2 /home/acessoho/public_html/codeigniter4/system/View/View.php(213): CodeIgniter\View\View->CodeIgniter\View\{closure}()
#3 /home/acessoho/public_html/codeigniter4/system/Common.php(1089): CodeIgniter\View\View->render('admin/templates...', Array, true)
#4 /home/acessoho/public_html/codeigniter4/app/Controllers/Admin/Usuarios.php(25): view('admin/templates...', Array)
#5 /home/acessoho/public_html/codeigniter4/system/CodeIgniter.php(825): App\Controllers\Admin\Usuarios->index()
#6 /home/acessoho/public_html/codeigniter4/system/CodeIgniter.php(412): CodeIgniter\CodeIgniter->runController(Object(App\Controllers\Admin\Usuarios))
#7 /home/acessoho/public_html/codeigniter4/system/CodeIgniter.php(320): CodeIgniter\CodeIgniter->handleRequest(NULL, Object(Config\Cache), false)
#8 /home/acessoho/public_html/codeigniter4/index.php(38): CodeIgniter\CodeIgniter->run()
#9 {main}
CRITICAL - 2022-05-11 14:53:33 --> Undefined variable: menus
#0 /home/acessoho/public_html/codeigniter4/app/Views/admin/templates/header.php(117): CodeIgniter\Debug\Exceptions->errorHandler(8, 'Undefined varia...', '/home/acessoho/...', 117, Array)
#1 /home/acessoho/public_html/codeigniter4/system/View/View.php(210): include('/home/acessoho/...')
#2 /home/acessoho/public_html/codeigniter4/system/View/View.php(213): CodeIgniter\View\View->CodeIgniter\View\{closure}()
#3 /home/acessoho/public_html/codeigniter4/system/Common.php(1089): CodeIgniter\View\View->render('admin/templates...', Array, true)
#4 /home/acessoho/public_html/codeigniter4/app/Controllers/Admin/Usuarios.php(25): view('admin/templates...', Array)
#5 /home/acessoho/public_html/codeigniter4/system/CodeIgniter.php(825): App\Controllers\Admin\Usuarios->index()
#6 /home/acessoho/public_html/codeigniter4/system/CodeIgniter.php(412): CodeIgniter\CodeIgniter->runController(Object(App\Controllers\Admin\Usuarios))
#7 /home/acessoho/public_html/codeigniter4/system/CodeIgniter.php(320): CodeIgniter\CodeIgniter->handleRequest(NULL, Object(Config\Cache), false)
#8 /home/acessoho/public_html/codeigniter4/index.php(38): CodeIgniter\CodeIgniter->run()
#9 {main}
CRITICAL - 2022-05-11 15:02:56 --> Undefined variable: menus
#0 /home/acessoho/public_html/codeigniter4/app/Views/admin/templates/header.php(117): CodeIgniter\Debug\Exceptions->errorHandler(8, 'Undefined varia...', '/home/acessoho/...', 117, Array)
#1 /home/acessoho/public_html/codeigniter4/system/View/View.php(210): include('/home/acessoho/...')
#2 /home/acessoho/public_html/codeigniter4/system/View/View.php(213): CodeIgniter\View\View->CodeIgniter\View\{closure}()
#3 /home/acessoho/public_html/codeigniter4/system/Common.php(1089): CodeIgniter\View\View->render('admin/templates...', Array, true)
#4 /home/acessoho/public_html/codeigniter4/app/Controllers/Admin/Usuarios.php(25): view('admin/templates...', Array)
#5 /home/acessoho/public_html/codeigniter4/system/CodeIgniter.php(825): App\Controllers\Admin\Usuarios->index()
#6 /home/acessoho/public_html/codeigniter4/system/CodeIgniter.php(412): CodeIgniter\CodeIgniter->runController(Object(App\Controllers\Admin\Usuarios))
#7 /home/acessoho/public_html/codeigniter4/system/CodeIgniter.php(320): CodeIgniter\CodeIgniter->handleRequest(NULL, Object(Config\Cache), false)
#8 /home/acessoho/public_html/codeigniter4/index.php(38): CodeIgniter\CodeIgniter->run()
#9 {main}
CRITICAL - 2022-05-11 15:03:42 --> Undefined variable: menus
#0 /home/acessoho/public_html/codeigniter4/app/Views/admin/templates/layout.php(121): CodeIgniter\Debug\Exceptions->errorHandler(8, 'Undefined varia...', '/home/acessoho/...', 121, Array)
#1 /home/acessoho/public_html/codeigniter4/system/View/View.php(210): include('/home/acessoho/...')
#2 /home/acessoho/public_html/codeigniter4/system/View/View.php(213): CodeIgniter\View\View->CodeIgniter\View\{closure}()
#3 /home/acessoho/public_html/codeigniter4/system/Common.php(1089): CodeIgniter\View\View->render('admin/templates...', Array, true)
#4 /home/acessoho/public_html/codeigniter4/app/Controllers/Admin/Usuarios.php(25): view('admin/templates...', Array)
#5 /home/acessoho/public_html/codeigniter4/system/CodeIgniter.php(825): App\Controllers\Admin\Usuarios->index()
#6 /home/acessoho/public_html/codeigniter4/system/CodeIgniter.php(412): CodeIgniter\CodeIgniter->runController(Object(App\Controllers\Admin\Usuarios))
#7 /home/acessoho/public_html/codeigniter4/system/CodeIgniter.php(320): CodeIgniter\CodeIgniter->handleRequest(NULL, Object(Config\Cache), false)
#8 /home/acessoho/public_html/codeigniter4/index.php(38): CodeIgniter\CodeIgniter->run()
#9 {main}
CRITICAL - 2022-05-11 15:04:06 --> Undefined variable: msg
#0 /home/acessoho/public_html/codeigniter4/app/Views/admin/pages/users/usuarios.php(17): CodeIgniter\Debug\Exceptions->errorHandler(8, 'Undefined varia...', '/home/acessoho/...', 17, Array)
#1 /home/acessoho/public_html/codeigniter4/system/View/View.php(210): include('/home/acessoho/...')
#2 /home/acessoho/public_html/codeigniter4/system/View/View.php(213): CodeIgniter\View\View->CodeIgniter\View\{closure}()
#3 /home/acessoho/public_html/codeigniter4/system/Common.php(1089): CodeIgniter\View\View->render('admin/pages/use...', Array, true)
#4 /home/acessoho/public_html/codeigniter4/app/Controllers/Admin/Usuarios.php(30): view('admin/pages/use...', Array)
#5 /home/acessoho/public_html/codeigniter4/system/CodeIgniter.php(825): App\Controllers\Admin\Usuarios->index()
#6 /home/acessoho/public_html/codeigniter4/system/CodeIgniter.php(412): CodeIgniter\CodeIgniter->runController(Object(App\Controllers\Admin\Usuarios))
#7 /home/acessoho/public_html/codeigniter4/system/CodeIgniter.php(320): CodeIgniter\CodeIgniter->handleRequest(NULL, Object(Config\Cache), false)
#8 /home/acessoho/public_html/codeigniter4/index.php(38): CodeIgniter\CodeIgniter->run()
#9 {main}
CRITICAL - 2022-05-11 15:14:01 --> Function name must be a string
#0 /home/acessoho/public_html/codeigniter4/system/CodeIgniter.php(825): App\Controllers\Admin\Usuarios->index()
#1 /home/acessoho/public_html/codeigniter4/system/CodeIgniter.php(412): CodeIgniter\CodeIgniter->runController(Object(App\Controllers\Admin\Usuarios))
#2 /home/acessoho/public_html/codeigniter4/system/CodeIgniter.php(320): CodeIgniter\CodeIgniter->handleRequest(NULL, Object(Config\Cache), false)
#3 /home/acessoho/public_html/codeigniter4/index.php(38): CodeIgniter\CodeIgniter->run()
#4 {main}
CRITICAL - 2022-05-11 15:18:04 --> Undefined variable: msg
#0 /home/acessoho/public_html/codeigniter4/app/Views/admin/pages/users/usuarios.php(17): CodeIgniter\Debug\Exceptions->errorHandler(8, 'Undefined varia...', '/home/acessoho/...', 17, Array)
#1 /home/acessoho/public_html/codeigniter4/system/View/View.php(210): include('/home/acessoho/...')
#2 /home/acessoho/public_html/codeigniter4/system/View/View.php(213): CodeIgniter\View\View->CodeIgniter\View\{closure}()
#3 /home/acessoho/public_html/codeigniter4/system/Common.php(1089): CodeIgniter\View\View->render('admin/pages/use...', Array, true)
#4 /home/acessoho/public_html/codeigniter4/app/Controllers/Admin/Usuarios.php(30): view('admin/pages/use...', Array)
#5 /home/acessoho/public_html/codeigniter4/system/CodeIgniter.php(825): App\Controllers\Admin\Usuarios->index()
#6 /home/acessoho/public_html/codeigniter4/system/CodeIgniter.php(412): CodeIgniter\CodeIgniter->runController(Object(App\Controllers\Admin\Usuarios))
#7 /home/acessoho/public_html/codeigniter4/system/CodeIgniter.php(320): CodeIgniter\CodeIgniter->handleRequest(NULL, Object(Config\Cache), false)
#8 /home/acessoho/public_html/codeigniter4/index.php(38): CodeIgniter\CodeIgniter->run()
#9 {main}
CRITICAL - 2022-05-11 15:18:40 --> Undefined variable: count
#0 /home/acessoho/public_html/codeigniter4/app/Views/admin/pages/users/usuarios.php(22): CodeIgniter\Debug\Exceptions->errorHandler(8, 'Undefined varia...', '/home/acessoho/...', 22, Array)
#1 /home/acessoho/public_html/codeigniter4/system/View/View.php(210): include('/home/acessoho/...')
#2 /home/acessoho/public_html/codeigniter4/system/View/View.php(213): CodeIgniter\View\View->CodeIgniter\View\{closure}()
#3 /home/acessoho/public_html/codeigniter4/system/Common.php(1089): CodeIgniter\View\View->render('admin/pages/use...', Array, true)
#4 /home/acessoho/public_html/codeigniter4/app/Controllers/Admin/Usuarios.php(29): view('admin/pages/use...', Array, Array)
#5 /home/acessoho/public_html/codeigniter4/system/CodeIgniter.php(825): App\Controllers\Admin\Usuarios->index()
#6 /home/acessoho/public_html/codeigniter4/system/CodeIgniter.php(412): CodeIgniter\CodeIgniter->runController(Object(App\Controllers\Admin\Usuarios))
#7 /home/acessoho/public_html/codeigniter4/system/CodeIgniter.php(320): CodeIgniter\CodeIgniter->handleRequest(NULL, Object(Config\Cache), false)
#8 /home/acessoho/public_html/codeigniter4/index.php(38): CodeIgniter\CodeIgniter->run()
#9 {main}
CRITICAL - 2022-05-11 15:19:22 --> syntax error, unexpected ')', expecting ']'
#0 /home/acessoho/public_html/codeigniter4/system/Autoloader/Autoloader.php(241): CodeIgniter\Autoloader\Autoloader->includeFile('/home/acessoho/...')
#1 /home/acessoho/public_html/codeigniter4/system/Autoloader/Autoloader.php(219): CodeIgniter\Autoloader\Autoloader->loadInNamespace('App\\Controllers...')
#2 [internal function]: CodeIgniter\Autoloader\Autoloader->loadClass('App\\Controllers...')
#3 [internal function]: spl_autoload_call('App\\Controllers...')
#4 /home/acessoho/public_html/codeigniter4/system/CodeIgniter.php(790): class_exists('\\App\\Controller...', true)
#5 /home/acessoho/public_html/codeigniter4/system/CodeIgniter.php(399): CodeIgniter\CodeIgniter->startController()
#6 /home/acessoho/public_html/codeigniter4/system/CodeIgniter.php(320): CodeIgniter\CodeIgniter->handleRequest(NULL, Object(Config\Cache), false)
#7 /home/acessoho/public_html/codeigniter4/index.php(38): CodeIgniter\CodeIgniter->run()
#8 {main}
CRITICAL - 2022-05-11 15:20:58 --> Function name must be a string
#0 /home/acessoho/public_html/codeigniter4/system/CodeIgniter.php(825): App\Controllers\Admin\Usuarios->index()
#1 /home/acessoho/public_html/codeigniter4/system/CodeIgniter.php(412): CodeIgniter\CodeIgniter->runController(Object(App\Controllers\Admin\Usuarios))
#2 /home/acessoho/public_html/codeigniter4/system/CodeIgniter.php(320): CodeIgniter\CodeIgniter->handleRequest(NULL, Object(Config\Cache), false)
#3 /home/acessoho/public_html/codeigniter4/index.php(38): CodeIgniter\CodeIgniter->run()
#4 {main}
CRITICAL - 2022-05-11 15:25:48 --> Undefined variable: menus
#0 /home/acessoho/public_html/codeigniter4/app/Views/admin/templates/layout.php(121): CodeIgniter\Debug\Exceptions->errorHandler(8, 'Undefined varia...', '/home/acessoho/...', 121, Array)
#1 /home/acessoho/public_html/codeigniter4/system/View/View.php(210): include('/home/acessoho/...')
#2 /home/acessoho/public_html/codeigniter4/system/View/View.php(213): CodeIgniter\View\View->CodeIgniter\View\{closure}()
#3 /home/acessoho/public_html/codeigniter4/system/View/View.php(226): CodeIgniter\View\View->render('admin/templates...', Array, true)
#4 /home/acessoho/public_html/codeigniter4/system/Common.php(1089): CodeIgniter\View\View->render('admin/pages/use...', Array, true)
#5 /home/acessoho/public_html/codeigniter4/app/Controllers/Admin/Usuarios.php(29): view('admin/pages/use...', Array)
#6 /home/acessoho/public_html/codeigniter4/system/CodeIgniter.php(825): App\Controllers\Admin\Usuarios->index()
#7 /home/acessoho/public_html/codeigniter4/system/CodeIgniter.php(412): CodeIgniter\CodeIgniter->runController(Object(App\Controllers\Admin\Usuarios))
#8 /home/acessoho/public_html/codeigniter4/system/CodeIgniter.php(320): CodeIgniter\CodeIgniter->handleRequest(NULL, Object(Config\Cache), false)
#9 /home/acessoho/public_html/codeigniter4/index.php(38): CodeIgniter\CodeIgniter->run()
#10 {main}
CRITICAL - 2022-05-11 15:33:11 --> Undefined variable: menus
#0 /home/acessoho/public_html/codeigniter4/app/Views/admin/templates/layout.php(121): CodeIgniter\Debug\Exceptions->errorHandler(8, 'Undefined varia...', '/home/acessoho/...', 121, Array)
#1 /home/acessoho/public_html/codeigniter4/system/View/View.php(210): include('/home/acessoho/...')
#2 /home/acessoho/public_html/codeigniter4/system/View/View.php(213): CodeIgniter\View\View->CodeIgniter\View\{closure}()
#3 /home/acessoho/public_html/codeigniter4/system/View/View.php(226): CodeIgniter\View\View->render('admin/templates...', Array, true)
#4 /home/acessoho/public_html/codeigniter4/system/Common.php(1089): CodeIgniter\View\View->render('admin/pages/use...', Array, true)
#5 /home/acessoho/public_html/codeigniter4/app/Controllers/Admin/Usuarios.php(29): view('admin/pages/use...', Array)
#6 /home/acessoho/public_html/codeigniter4/system/CodeIgniter.php(825): App\Controllers\Admin\Usuarios->index()
#7 /home/acessoho/public_html/codeigniter4/system/CodeIgniter.php(412): CodeIgniter\CodeIgniter->runController(Object(App\Controllers\Admin\Usuarios))
#8 /home/acessoho/public_html/codeigniter4/system/CodeIgniter.php(320): CodeIgniter\CodeIgniter->handleRequest(NULL, Object(Config\Cache), false)
#9 /home/acessoho/public_html/codeigniter4/index.php(38): CodeIgniter\CodeIgniter->run()
#10 {main}
CRITICAL - 2022-05-11 15:34:54 --> Undefined variable: menus
#0 /home/acessoho/public_html/codeigniter4/app/Views/admin/templates/layout.php(121): CodeIgniter\Debug\Exceptions->errorHandler(8, 'Undefined varia...', '/home/acessoho/...', 121, Array)
#1 /home/acessoho/public_html/codeigniter4/system/View/View.php(210): include('/home/acessoho/...')
#2 /home/acessoho/public_html/codeigniter4/system/View/View.php(213): CodeIgniter\View\View->CodeIgniter\View\{closure}()
#3 /home/acessoho/public_html/codeigniter4/system/View/View.php(226): CodeIgniter\View\View->render('admin/templates...', Array, true)
#4 /home/acessoho/public_html/codeigniter4/system/Common.php(1089): CodeIgniter\View\View->render('admin/pages/use...', Array, true)
#5 /home/acessoho/public_html/codeigniter4/app/Controllers/Admin/Usuarios.php(29): view('admin/pages/use...', Array)
#6 /home/acessoho/public_html/codeigniter4/system/CodeIgniter.php(825): App\Controllers\Admin\Usuarios->index()
#7 /home/acessoho/public_html/codeigniter4/system/CodeIgniter.php(412): CodeIgniter\CodeIgniter->runController(Object(App\Controllers\Admin\Usuarios))
#8 /home/acessoho/public_html/codeigniter4/system/CodeIgniter.php(320): CodeIgniter\CodeIgniter->handleRequest(NULL, Object(Config\Cache), false)
#9 /home/acessoho/public_html/codeigniter4/index.php(38): CodeIgniter\CodeIgniter->run()
#10 {main}
CRITICAL - 2022-05-11 15:36:00 --> Undefined variable: menus
#0 /home/acessoho/public_html/codeigniter4/app/Views/admin/templates/header.php(117): CodeIgniter\Debug\Exceptions->errorHandler(8, 'Undefined varia...', '/home/acessoho/...', 117, Array)
#1 /home/acessoho/public_html/codeigniter4/system/View/View.php(210): include('/home/acessoho/...')
#2 /home/acessoho/public_html/codeigniter4/system/View/View.php(213): CodeIgniter\View\View->CodeIgniter\View\{closure}()
#3 /home/acessoho/public_html/codeigniter4/system/Common.php(1089): CodeIgniter\View\View->render('admin/templates...', Array, true)
#4 /home/acessoho/public_html/codeigniter4/app/Controllers/Admin/Banners.php(26): view('admin/templates...', Array)
#5 /home/acessoho/public_html/codeigniter4/system/CodeIgniter.php(825): App\Controllers\Admin\Banners->index()
#6 /home/acessoho/public_html/codeigniter4/system/CodeIgniter.php(412): CodeIgniter\CodeIgniter->runController(Object(App\Controllers\Admin\Banners))
#7 /home/acessoho/public_html/codeigniter4/system/CodeIgniter.php(320): CodeIgniter\CodeIgniter->handleRequest(NULL, Object(Config\Cache), false)
#8 /home/acessoho/public_html/codeigniter4/index.php(38): CodeIgniter\CodeIgniter->run()
#9 {main}
CRITICAL - 2022-05-11 15:43:47 --> Undefined variable: menus
#0 /home/acessoho/public_html/codeigniter4/app/Views/admin/templates/layout.php(121): CodeIgniter\Debug\Exceptions->errorHandler(8, 'Undefined varia...', '/home/acessoho/...', 121, Array)
#1 /home/acessoho/public_html/codeigniter4/system/View/View.php(210): include('/home/acessoho/...')
#2 /home/acessoho/public_html/codeigniter4/system/View/View.php(213): CodeIgniter\View\View->CodeIgniter\View\{closure}()
#3 /home/acessoho/public_html/codeigniter4/system/Common.php(1089): CodeIgniter\View\View->render('admin/templates...', Array, true)
#4 /home/acessoho/public_html/codeigniter4/app/Controllers/Admin/Home.php(48): view('admin/templates...', Array)
#5 /home/acessoho/public_html/codeigniter4/system/CodeIgniter.php(825): App\Controllers\Admin\Home->index()
#6 /home/acessoho/public_html/codeigniter4/system/CodeIgniter.php(412): CodeIgniter\CodeIgniter->runController(Object(App\Controllers\Admin\Home))
#7 /home/acessoho/public_html/codeigniter4/system/CodeIgniter.php(320): CodeIgniter\CodeIgniter->handleRequest(NULL, Object(Config\Cache), false)
#8 /home/acessoho/public_html/codeigniter4/index.php(38): CodeIgniter\CodeIgniter->run()
#9 {main}
CRITICAL - 2022-05-11 15:46:32 --> Invalid file: admin/templates/home.php
#0 /home/acessoho/public_html/codeigniter4/system/View/View.php(198): CodeIgniter\Exceptions\FrameworkException::forInvalidFile('admin/templates...')
#1 /home/acessoho/public_html/codeigniter4/system/Common.php(1089): CodeIgniter\View\View->render('admin/templates...', Array, true)
#2 /home/acessoho/public_html/codeigniter4/app/Controllers/Admin/Home.php(51): view('admin/templates...', Array)
#3 /home/acessoho/public_html/codeigniter4/system/CodeIgniter.php(825): App\Controllers\Admin\Home->index()
#4 /home/acessoho/public_html/codeigniter4/system/CodeIgniter.php(412): CodeIgniter\CodeIgniter->runController(Object(App\Controllers\Admin\Home))
#5 /home/acessoho/public_html/codeigniter4/system/CodeIgniter.php(320): CodeIgniter\CodeIgniter->handleRequest(NULL, Object(Config\Cache), false)
#6 /home/acessoho/public_html/codeigniter4/index.php(38): CodeIgniter\CodeIgniter->run()
#7 {main}
CRITICAL - 2022-05-11 15:50:02 --> Undefined variable: menus
#0 /home/acessoho/public_html/codeigniter4/app/Views/admin/templates/header.php(117): CodeIgniter\Debug\Exceptions->errorHandler(8, 'Undefined varia...', '/home/acessoho/...', 117, Array)
#1 /home/acessoho/public_html/codeigniter4/system/View/View.php(210): include('/home/acessoho/...')
#2 /home/acessoho/public_html/codeigniter4/system/View/View.php(213): CodeIgniter\View\View->CodeIgniter\View\{closure}()
#3 /home/acessoho/public_html/codeigniter4/system/Common.php(1089): CodeIgniter\View\View->render('admin/templates...', Array, true)
#4 /home/acessoho/public_html/codeigniter4/app/Controllers/Admin/Banners.php(26): view('admin/templates...', Array)
#5 /home/acessoho/public_html/codeigniter4/system/CodeIgniter.php(825): App\Controllers\Admin\Banners->index()
#6 /home/acessoho/public_html/codeigniter4/system/CodeIgniter.php(412): CodeIgniter\CodeIgniter->runController(Object(App\Controllers\Admin\Banners))
#7 /home/acessoho/public_html/codeigniter4/system/CodeIgniter.php(320): CodeIgniter\CodeIgniter->handleRequest(NULL, Object(Config\Cache), false)
#8 /home/acessoho/public_html/codeigniter4/index.php(38): CodeIgniter\CodeIgniter->run()
#9 {main}
CRITICAL - 2022-05-11 16:18:03 --> Undefined variable: img
#0 /home/acessoho/public_html/codeigniter4/app/Views/admin/templates/layout.php(97): CodeIgniter\Debug\Exceptions->errorHandler(8, 'Undefined varia...', '/home/acessoho/...', 97, Array)
#1 /home/acessoho/public_html/codeigniter4/system/View/View.php(210): include('/home/acessoho/...')
#2 /home/acessoho/public_html/codeigniter4/system/View/View.php(213): CodeIgniter\View\View->CodeIgniter\View\{closure}()
#3 /home/acessoho/public_html/codeigniter4/system/View/View.php(226): CodeIgniter\View\View->render('admin/templates...', Array, true)
#4 /home/acessoho/public_html/codeigniter4/system/Common.php(1089): CodeIgniter\View\View->render('admin/pages/use...', Array, true)
#5 /home/acessoho/public_html/codeigniter4/app/Controllers/Admin/Usuarios.php(33): view('admin/pages/use...', Array)
#6 /home/acessoho/public_html/codeigniter4/system/CodeIgniter.php(825): App\Controllers\Admin\Usuarios->index()
#7 /home/acessoho/public_html/codeigniter4/system/CodeIgniter.php(412): CodeIgniter\CodeIgniter->runController(Object(App\Controllers\Admin\Usuarios))
#8 /home/acessoho/public_html/codeigniter4/system/CodeIgniter.php(320): CodeIgniter\CodeIgniter->handleRequest(NULL, Object(Config\Cache), false)
#9 /home/acessoho/public_html/codeigniter4/index.php(38): CodeIgniter\CodeIgniter->run()
#10 {main}
CRITICAL - 2022-05-11 16:27:45 --> Undefined variable: img
#0 /home/acessoho/public_html/codeigniter4/app/Views/admin/templates/layout.php(97): CodeIgniter\Debug\Exceptions->errorHandler(8, 'Undefined varia...', '/home/acessoho/...', 97, Array)
#1 /home/acessoho/public_html/codeigniter4/system/View/View.php(210): include('/home/acessoho/...')
#2 /home/acessoho/public_html/codeigniter4/system/View/View.php(213): CodeIgniter\View\View->CodeIgniter\View\{closure}()
#3 /home/acessoho/public_html/codeigniter4/system/View/View.php(226): CodeIgniter\View\View->render('admin/templates...', Array, true)
#4 /home/acessoho/public_html/codeigniter4/system/Common.php(1089): CodeIgniter\View\View->render('admin/pages/use...', Array, true)
#5 /home/acessoho/public_html/codeigniter4/app/Controllers/Admin/Usuarios.php(33): view('admin/pages/use...', Array)
#6 /home/acessoho/public_html/codeigniter4/system/CodeIgniter.php(825): App\Controllers\Admin\Usuarios->index()
#7 /home/acessoho/public_html/codeigniter4/system/CodeIgniter.php(412): CodeIgniter\CodeIgniter->runController(Object(App\Controllers\Admin\Usuarios))
#8 /home/acessoho/public_html/codeigniter4/system/CodeIgniter.php(320): CodeIgniter\CodeIgniter->handleRequest(NULL, Object(Config\Cache), false)
#9 /home/acessoho/public_html/codeigniter4/index.php(38): CodeIgniter\CodeIgniter->run()
#10 {main}
CRITICAL - 2022-05-11 16:30:50 --> Undefined variable: icon
#0 /home/acessoho/public_html/codeigniter4/app/Views/admin/templates/layout.php(130): CodeIgniter\Debug\Exceptions->errorHandler(8, 'Undefined varia...', '/home/acessoho/...', 130, Array)
#1 /home/acessoho/public_html/codeigniter4/system/View/View.php(210): include('/home/acessoho/...')
#2 /home/acessoho/public_html/codeigniter4/system/View/View.php(213): CodeIgniter\View\View->CodeIgniter\View\{closure}()
#3 /home/acessoho/public_html/codeigniter4/system/View/View.php(226): CodeIgniter\View\View->render('admin/templates...', Array, true)
#4 /home/acessoho/public_html/codeigniter4/system/Common.php(1089): CodeIgniter\View\View->render('admin/pages/use...', Array, true)
#5 /home/acessoho/public_html/codeigniter4/app/Controllers/Admin/Usuarios.php(33): view('admin/pages/use...', Array)
#6 /home/acessoho/public_html/codeigniter4/system/CodeIgniter.php(825): App\Controllers\Admin\Usuarios->index()
#7 /home/acessoho/public_html/codeigniter4/system/CodeIgniter.php(412): CodeIgniter\CodeIgniter->runController(Object(App\Controllers\Admin\Usuarios))
#8 /home/acessoho/public_html/codeigniter4/system/CodeIgniter.php(320): CodeIgniter\CodeIgniter->handleRequest(NULL, Object(Config\Cache), false)
#9 /home/acessoho/public_html/codeigniter4/index.php(38): CodeIgniter\CodeIgniter->run()
#10 {main}
CRITICAL - 2022-05-11 16:32:43 --> syntax error, unexpected ';'
#0 /home/acessoho/public_html/codeigniter4/system/View/View.php(213): CodeIgniter\View\View->CodeIgniter\View\{closure}()
#1 /home/acessoho/public_html/codeigniter4/system/View/View.php(226): CodeIgniter\View\View->render('admin/templates...', Array, true)
#2 /home/acessoho/public_html/codeigniter4/system/Common.php(1089): CodeIgniter\View\View->render('admin/pages/use...', Array, true)
#3 /home/acessoho/public_html/codeigniter4/app/Controllers/Admin/Usuarios.php(33): view('admin/pages/use...', Array)
#4 /home/acessoho/public_html/codeigniter4/system/CodeIgniter.php(825): App\Controllers\Admin\Usuarios->index()
#5 /home/acessoho/public_html/codeigniter4/system/CodeIgniter.php(412): CodeIgniter\CodeIgniter->runController(Object(App\Controllers\Admin\Usuarios))
#6 /home/acessoho/public_html/codeigniter4/system/CodeIgniter.php(320): CodeIgniter\CodeIgniter->handleRequest(NULL, Object(Config\Cache), false)
#7 /home/acessoho/public_html/codeigniter4/index.php(38): CodeIgniter\CodeIgniter->run()
#8 {main}
CRITICAL - 2022-05-11 16:32:49 --> syntax error, unexpected ';'
#0 /home/acessoho/public_html/codeigniter4/system/View/View.php(213): CodeIgniter\View\View->CodeIgniter\View\{closure}()
#1 /home/acessoho/public_html/codeigniter4/system/View/View.php(226): CodeIgniter\View\View->render('admin/templates...', Array, true)
#2 /home/acessoho/public_html/codeigniter4/system/Common.php(1089): CodeIgniter\View\View->render('admin/pages/use...', Array, true)
#3 /home/acessoho/public_html/codeigniter4/app/Controllers/Admin/Usuarios.php(33): view('admin/pages/use...', Array)
#4 /home/acessoho/public_html/codeigniter4/system/CodeIgniter.php(825): App\Controllers\Admin\Usuarios->index()
#5 /home/acessoho/public_html/codeigniter4/system/CodeIgniter.php(412): CodeIgniter\CodeIgniter->runController(Object(App\Controllers\Admin\Usuarios))
#6 /home/acessoho/public_html/codeigniter4/system/CodeIgniter.php(320): CodeIgniter\CodeIgniter->handleRequest(NULL, Object(Config\Cache), false)
#7 /home/acessoho/public_html/codeigniter4/index.php(38): CodeIgniter\CodeIgniter->run()
#8 {main}
CRITICAL - 2022-05-11 16:32:52 --> syntax error, unexpected ';'
#0 /home/acessoho/public_html/codeigniter4/system/View/View.php(213): CodeIgniter\View\View->CodeIgniter\View\{closure}()
#1 /home/acessoho/public_html/codeigniter4/system/View/View.php(226): CodeIgniter\View\View->render('admin/templates...', Array, true)
#2 /home/acessoho/public_html/codeigniter4/system/Common.php(1089): CodeIgniter\View\View->render('admin/pages/use...', Array, true)
#3 /home/acessoho/public_html/codeigniter4/app/Controllers/Admin/Usuarios.php(33): view('admin/pages/use...', Array)
#4 /home/acessoho/public_html/codeigniter4/system/CodeIgniter.php(825): App\Controllers\Admin\Usuarios->index()
#5 /home/acessoho/public_html/codeigniter4/system/CodeIgniter.php(412): CodeIgniter\CodeIgniter->runController(Object(App\Controllers\Admin\Usuarios))
#6 /home/acessoho/public_html/codeigniter4/system/CodeIgniter.php(320): CodeIgniter\CodeIgniter->handleRequest(NULL, Object(Config\Cache), false)
#7 /home/acessoho/public_html/codeigniter4/index.php(38): CodeIgniter\CodeIgniter->run()
#8 {main}
CRITICAL - 2022-05-11 16:32:59 --> syntax error, unexpected ';'
#0 /home/acessoho/public_html/codeigniter4/system/View/View.php(213): CodeIgniter\View\View->CodeIgniter\View\{closure}()
#1 /home/acessoho/public_html/codeigniter4/system/View/View.php(226): CodeIgniter\View\View->render('admin/templates...', Array, true)
#2 /home/acessoho/public_html/codeigniter4/system/Common.php(1089): CodeIgniter\View\View->render('admin/pages/hom...', Array, true)
#3 /home/acessoho/public_html/codeigniter4/app/Controllers/Admin/Home.php(49): view('admin/pages/hom...', Array)
#4 /home/acessoho/public_html/codeigniter4/system/CodeIgniter.php(825): App\Controllers\Admin\Home->index()
#5 /home/acessoho/public_html/codeigniter4/system/CodeIgniter.php(412): CodeIgniter\CodeIgniter->runController(Object(App\Controllers\Admin\Home))
#6 /home/acessoho/public_html/codeigniter4/system/CodeIgniter.php(320): CodeIgniter\CodeIgniter->handleRequest(NULL, Object(Config\Cache), false)
#7 /home/acessoho/public_html/codeigniter4/index.php(38): CodeIgniter\CodeIgniter->run()
#8 {main}
CRITICAL - 2022-05-11 16:33:10 --> Undefined variable: icon
#0 /home/acessoho/public_html/codeigniter4/app/Views/admin/templates/layout.php(130): CodeIgniter\Debug\Exceptions->errorHandler(8, 'Undefined varia...', '/home/acessoho/...', 130, Array)
#1 /home/acessoho/public_html/codeigniter4/system/View/View.php(210): include('/home/acessoho/...')
#2 /home/acessoho/public_html/codeigniter4/system/View/View.php(213): CodeIgniter\View\View->CodeIgniter\View\{closure}()
#3 /home/acessoho/public_html/codeigniter4/system/View/View.php(226): CodeIgniter\View\View->render('admin/templates...', Array, true)
#4 /home/acessoho/public_html/codeigniter4/system/Common.php(1089): CodeIgniter\View\View->render('admin/pages/hom...', Array, true)
#5 /home/acessoho/public_html/codeigniter4/app/Controllers/Admin/Home.php(49): view('admin/pages/hom...', Array)
#6 /home/acessoho/public_html/codeigniter4/system/CodeIgniter.php(825): App\Controllers\Admin\Home->index()
#7 /home/acessoho/public_html/codeigniter4/system/CodeIgniter.php(412): CodeIgniter\CodeIgniter->runController(Object(App\Controllers\Admin\Home))
#8 /home/acessoho/public_html/codeigniter4/system/CodeIgniter.php(320): CodeIgniter\CodeIgniter->handleRequest(NULL, Object(Config\Cache), false)
#9 /home/acessoho/public_html/codeigniter4/index.php(38): CodeIgniter\CodeIgniter->run()
#10 {main}
CRITICAL - 2022-05-11 16:34:52 --> Undefined variable: id
#0 /home/acessoho/public_html/codeigniter4/app/Views/admin/templates/layout.php(123): CodeIgniter\Debug\Exceptions->errorHandler(8, 'Undefined varia...', '/home/acessoho/...', 123, Array)
#1 /home/acessoho/public_html/codeigniter4/system/View/View.php(210): include('/home/acessoho/...')
#2 /home/acessoho/public_html/codeigniter4/system/View/View.php(213): CodeIgniter\View\View->CodeIgniter\View\{closure}()
#3 /home/acessoho/public_html/codeigniter4/system/View/View.php(226): CodeIgniter\View\View->render('admin/templates...', Array, true)
#4 /home/acessoho/public_html/codeigniter4/system/Common.php(1089): CodeIgniter\View\View->render('admin/pages/hom...', Array, true)
#5 /home/acessoho/public_html/codeigniter4/app/Controllers/Admin/Home.php(49): view('admin/pages/hom...', Array)
#6 /home/acessoho/public_html/codeigniter4/system/CodeIgniter.php(825): App\Controllers\Admin\Home->index()
#7 /home/acessoho/public_html/codeigniter4/system/CodeIgniter.php(412): CodeIgniter\CodeIgniter->runController(Object(App\Controllers\Admin\Home))
#8 /home/acessoho/public_html/codeigniter4/system/CodeIgniter.php(320): CodeIgniter\CodeIgniter->handleRequest(NULL, Object(Config\Cache), false)
#9 /home/acessoho/public_html/codeigniter4/index.php(38): CodeIgniter\CodeIgniter->run()
#10 {main}
ERROR - 2022-05-11 16:36:03 --> Unknown column 'm.i' in 'field list'
CRITICAL - 2022-05-11 16:36:03 --> Unknown column 'm.i' in 'field list'
#0 /home/acessoho/public_html/codeigniter4/system/Database/MySQLi/Connection.php(292): mysqli->query('SELECT `m`.`i`,...', 0)
#1 /home/acessoho/public_html/codeigniter4/system/Database/BaseConnection.php(670): CodeIgniter\Database\MySQLi\Connection->execute('SELECT `m`.`i`,...')
#2 /home/acessoho/public_html/codeigniter4/system/Database/BaseConnection.php(598): CodeIgniter\Database\BaseConnection->simpleQuery('SELECT `m`.`i`,...')
#3 /home/acessoho/public_html/codeigniter4/system/Database/BaseBuilder.php(1455): CodeIgniter\Database\BaseConnection->query('SELECT `m`.`i`,...', Array, false)
#4 /home/acessoho/public_html/codeigniter4/system/Model.php(183): CodeIgniter\Database\BaseBuilder->get()
#5 /home/acessoho/public_html/codeigniter4/system/BaseModel.php(584): CodeIgniter\Model->doFindAll(0, 0)
#6 /home/acessoho/public_html/codeigniter4/app/Controllers/Admin/Home.php(37): CodeIgniter\BaseModel->findAll()
#7 /home/acessoho/public_html/codeigniter4/system/CodeIgniter.php(825): App\Controllers\Admin\Home->index()
#8 /home/acessoho/public_html/codeigniter4/system/CodeIgniter.php(412): CodeIgniter\CodeIgniter->runController(Object(App\Controllers\Admin\Home))
#9 /home/acessoho/public_html/codeigniter4/system/CodeIgniter.php(320): CodeIgniter\CodeIgniter->handleRequest(NULL, Object(Config\Cache), false)
#10 /home/acessoho/public_html/codeigniter4/index.php(38): CodeIgniter\CodeIgniter->run()
#11 {main}
CRITICAL - 2022-05-11 17:01:20 --> Invalid file: admin/templates/header.php
#0 /home/acessoho/public_html/codeigniter4/system/View/View.php(198): CodeIgniter\Exceptions\FrameworkException::forInvalidFile('admin/templates...')
#1 /home/acessoho/public_html/codeigniter4/system/Common.php(1089): CodeIgniter\View\View->render('admin/templates...', Array, true)
#2 /home/acessoho/public_html/codeigniter4/app/Controllers/Admin/Config.php(24): view('admin/templates...', Array)
#3 /home/acessoho/public_html/codeigniter4/system/CodeIgniter.php(825): App\Controllers\Admin\Config->index()
#4 /home/acessoho/public_html/codeigniter4/system/CodeIgniter.php(412): CodeIgniter\CodeIgniter->runController(Object(App\Controllers\Admin\Config))
#5 /home/acessoho/public_html/codeigniter4/system/CodeIgniter.php(320): CodeIgniter\CodeIgniter->handleRequest(NULL, Object(Config\Cache), false)
#6 /home/acessoho/public_html/codeigniter4/index.php(38): CodeIgniter\CodeIgniter->run()
#7 {main}
ERROR - 2022-05-11 17:43:40 --> You have an error in your SQL syntax; check the manual that corresponds to your MariaDB server version for the right syntax to use near ' ""' at line 5
CRITICAL - 2022-05-11 17:43:40 --> You have an error in your SQL syntax; check the manual that corresponds to your MariaDB server version for the right syntax to use near ' ""' at line 5
#0 /home/acessoho/public_html/codeigniter4/system/Database/MySQLi/Connection.php(292): mysqli->query('SELECT `mp`.`us...', 0)
#1 /home/acessoho/public_html/codeigniter4/system/Database/BaseConnection.php(670): CodeIgniter\Database\MySQLi\Connection->execute('SELECT `mp`.`us...')
#2 /home/acessoho/public_html/codeigniter4/system/Database/BaseConnection.php(598): CodeIgniter\Database\BaseConnection->simpleQuery('SELECT `mp`.`us...')
#3 /home/acessoho/public_html/codeigniter4/system/Database/BaseBuilder.php(1455): CodeIgniter\Database\BaseConnection->query('SELECT `mp`.`us...', Array, false)
#4 /home/acessoho/public_html/codeigniter4/system/Model.php(183): CodeIgniter\Database\BaseBuilder->get()
#5 /home/acessoho/public_html/codeigniter4/system/BaseModel.php(584): CodeIgniter\Model->doFindAll(0, 0)
#6 /home/acessoho/public_html/codeigniter4/app/Controllers/Admin/Usuarios.php(23): CodeIgniter\BaseModel->findAll()
#7 /home/acessoho/public_html/codeigniter4/system/CodeIgniter.php(825): App\Controllers\Admin\Usuarios->index()
#8 /home/acessoho/public_html/codeigniter4/system/CodeIgniter.php(412): CodeIgniter\CodeIgniter->runController(Object(App\Controllers\Admin\Usuarios))
#9 /home/acessoho/public_html/codeigniter4/system/CodeIgniter.php(320): CodeIgniter\CodeIgniter->handleRequest(NULL, Object(Config\Cache), false)
#10 /home/acessoho/public_html/codeigniter4/index.php(38): CodeIgniter\CodeIgniter->run()
#11 {main}
CRITICAL - 2022-05-11 17:55:28 --> Call to a member function where() on array
#0 /home/acessoho/public_html/codeigniter4/system/CodeIgniter.php(825): App\Controllers\Admin\Usuarios->index()
#1 /home/acessoho/public_html/codeigniter4/system/CodeIgniter.php(412): CodeIgniter\CodeIgniter->runController(Object(App\Controllers\Admin\Usuarios))
#2 /home/acessoho/public_html/codeigniter4/system/CodeIgniter.php(320): CodeIgniter\CodeIgniter->handleRequest(NULL, Object(Config\Cache), false)
#3 /home/acessoho/public_html/codeigniter4/index.php(38): CodeIgniter\CodeIgniter->run()
#4 {main}
CRITICAL - 2022-05-11 17:55:43 --> extract() expects parameter 1 to be array, null given
#0 [internal function]: CodeIgniter\Debug\Exceptions->errorHandler(2, 'extract() expec...', '/home/acessoho/...', 120, Array)
#1 /home/acessoho/public_html/codeigniter4/app/Views/admin/templates/layout.php(120): extract(NULL)
#2 /home/acessoho/public_html/codeigniter4/system/View/View.php(210): include('/home/acessoho/...')
#3 /home/acessoho/public_html/codeigniter4/system/View/View.php(213): CodeIgniter\View\View->CodeIgniter\View\{closure}()
#4 /home/acessoho/public_html/codeigniter4/system/View/View.php(226): CodeIgniter\View\View->render('admin/templates...', Array, true)
#5 /home/acessoho/public_html/codeigniter4/system/Common.php(1089): CodeIgniter\View\View->render('admin/pages/use...', Array, true)
#6 /home/acessoho/public_html/codeigniter4/app/Controllers/Admin/Usuarios.php(33): view('admin/pages/use...', Array)
#7 /home/acessoho/public_html/codeigniter4/system/CodeIgniter.php(825): App\Controllers\Admin\Usuarios->index()
#8 /home/acessoho/public_html/codeigniter4/system/CodeIgniter.php(412): CodeIgniter\CodeIgniter->runController(Object(App\Controllers\Admin\Usuarios))
#9 /home/acessoho/public_html/codeigniter4/system/CodeIgniter.php(320): CodeIgniter\CodeIgniter->handleRequest(NULL, Object(Config\Cache), false)
#10 /home/acessoho/public_html/codeigniter4/index.php(38): CodeIgniter\CodeIgniter->run()
#11 {main}
ERROR - 2022-05-11 19:04:41 --> Duplicate entry 'admin@acessohost.com.br' for key 'email'
CRITICAL - 2022-05-11 19:04:41 --> Duplicate entry 'admin@acessohost.com.br' for key 'email'
#0 /home/acessoho/public_html/codeigniter4/system/Database/MySQLi/Connection.php(292): mysqli->query('INSERT INTO `us...', 0)
#1 /home/acessoho/public_html/codeigniter4/system/Database/BaseConnection.php(670): CodeIgniter\Database\MySQLi\Connection->execute('INSERT INTO `us...')
#2 /home/acessoho/public_html/codeigniter4/system/Database/BaseConnection.php(598): CodeIgniter\Database\BaseConnection->simpleQuery('INSERT INTO `us...')
#3 /home/acessoho/public_html/codeigniter4/system/Database/BaseBuilder.php(1771): CodeIgniter\Database\BaseConnection->query('INSERT INTO `us...', Array, false)
#4 /home/acessoho/public_html/codeigniter4/system/Model.php(239): CodeIgniter\Database\BaseBuilder->insert()
#5 /home/acessoho/public_html/codeigniter4/system/BaseModel.php(738): CodeIgniter\Model->doInsert(Array)
#6 /home/acessoho/public_html/codeigniter4/system/Model.php(625): CodeIgniter\BaseModel->insert(Array, false)
#7 /home/acessoho/public_html/codeigniter4/system/BaseModel.php(658): CodeIgniter\Model->insert(Array, false)
#8 /home/acessoho/public_html/codeigniter4/app/Controllers/Admin/Usuarios.php(53): CodeIgniter\BaseModel->save(Array)
#9 /home/acessoho/public_html/codeigniter4/system/CodeIgniter.php(825): App\Controllers\Admin\Usuarios->store()
#10 /home/acessoho/public_html/codeigniter4/system/CodeIgniter.php(412): CodeIgniter\CodeIgniter->runController(Object(App\Controllers\Admin\Usuarios))
#11 /home/acessoho/public_html/codeigniter4/system/CodeIgniter.php(320): CodeIgniter\CodeIgniter->handleRequest(NULL, Object(Config\Cache), false)
#12 /home/acessoho/public_html/codeigniter4/index.php(38): CodeIgniter\CodeIgniter->run()
#13 {main}
CRITICAL - 2022-05-11 19:14:24 --> Invalid file: admin/templates/header.php
#0 /home/acessoho/public_html/codeigniter4/system/View/View.php(198): CodeIgniter\Exceptions\FrameworkException::forInvalidFile('admin/templates...')
#1 /home/acessoho/public_html/codeigniter4/system/Common.php(1089): CodeIgniter\View\View->render('admin/templates...', Array, true)
#2 /home/acessoho/public_html/codeigniter4/app/Controllers/Admin/Banners.php(26): view('admin/templates...', Array)
#3 /home/acessoho/public_html/codeigniter4/system/CodeIgniter.php(825): App\Controllers\Admin\Banners->index()
#4 /home/acessoho/public_html/codeigniter4/system/CodeIgniter.php(412): CodeIgniter\CodeIgniter->runController(Object(App\Controllers\Admin\Banners))
#5 /home/acessoho/public_html/codeigniter4/system/CodeIgniter.php(320): CodeIgniter\CodeIgniter->handleRequest(NULL, Object(Config\Cache), false)
#6 /home/acessoho/public_html/codeigniter4/index.php(38): CodeIgniter\CodeIgniter->run()
#7 {main}
