CRITICAL - 2022-03-10 14:03:35 --> Undefined variable: count
#0 /home/acessoho/public_html/codeigniter4/app/Views/admin/pages/home.php(9): CodeIgniter\Debug\Exceptions->errorHandler(8, 'Undefined varia...', '/home/acessoho/...', 9, Array)
#1 /home/acessoho/public_html/codeigniter4/system/View/View.php(210): include('/home/acessoho/...')
#2 /home/acessoho/public_html/codeigniter4/system/View/View.php(213): CodeIgniter\View\View->CodeIgniter\View\{closure}()
#3 /home/acessoho/public_html/codeigniter4/system/Common.php(1089): CodeIgniter\View\View->render('admin/pages/hom...', Array, true)
#4 /home/acessoho/public_html/codeigniter4/app/Controllers/Admin/Home.php(24): view('admin/pages/hom...')
#5 /home/acessoho/public_html/codeigniter4/system/CodeIgniter.php(825): App\Controllers\Admin\Home->index()
#6 /home/acessoho/public_html/codeigniter4/system/CodeIgniter.php(412): CodeIgniter\CodeIgniter->runController(Object(App\Controllers\Admin\Home))
#7 /home/acessoho/public_html/codeigniter4/system/CodeIgniter.php(320): CodeIgniter\CodeIgniter->handleRequest(NULL, Object(Config\Cache), false)
#8 /home/acessoho/public_html/codeigniter4/index.php(38): CodeIgniter\CodeIgniter->run()
#9 {main}
CRITICAL - 2022-03-10 14:04:46 --> Undefined variable: count
#0 /home/acessoho/public_html/codeigniter4/app/Views/admin/pages/home.php(9): CodeIgniter\Debug\Exceptions->errorHandler(8, 'Undefined varia...', '/home/acessoho/...', 9, Array)
#1 /home/acessoho/public_html/codeigniter4/system/View/View.php(210): include('/home/acessoho/...')
#2 /home/acessoho/public_html/codeigniter4/system/View/View.php(213): CodeIgniter\View\View->CodeIgniter\View\{closure}()
#3 /home/acessoho/public_html/codeigniter4/system/Common.php(1089): CodeIgniter\View\View->render('admin/pages/hom...', Array, true)
#4 /home/acessoho/public_html/codeigniter4/app/Controllers/Admin/Home.php(24): view('admin/pages/hom...')
#5 /home/acessoho/public_html/codeigniter4/system/CodeIgniter.php(825): App\Controllers\Admin\Home->index()
#6 /home/acessoho/public_html/codeigniter4/system/CodeIgniter.php(412): CodeIgniter\CodeIgniter->runController(Object(App\Controllers\Admin\Home))
#7 /home/acessoho/public_html/codeigniter4/system/CodeIgniter.php(320): CodeIgniter\CodeIgniter->handleRequest(NULL, Object(Config\Cache), false)
#8 /home/acessoho/public_html/codeigniter4/index.php(38): CodeIgniter\CodeIgniter->run()
#9 {main}
CRITICAL - 2022-03-10 14:04:55 --> Undefined variable: countUsers
#0 /home/acessoho/public_html/codeigniter4/app/Views/admin/pages/home.php(9): CodeIgniter\Debug\Exceptions->errorHandler(8, 'Undefined varia...', '/home/acessoho/...', 9, Array)
#1 /home/acessoho/public_html/codeigniter4/system/View/View.php(210): include('/home/acessoho/...')
#2 /home/acessoho/public_html/codeigniter4/system/View/View.php(213): CodeIgniter\View\View->CodeIgniter\View\{closure}()
#3 /home/acessoho/public_html/codeigniter4/system/Common.php(1089): CodeIgniter\View\View->render('admin/pages/hom...', Array, true)
#4 /home/acessoho/public_html/codeigniter4/app/Controllers/Admin/Home.php(24): view('admin/pages/hom...')
#5 /home/acessoho/public_html/codeigniter4/system/CodeIgniter.php(825): App\Controllers\Admin\Home->index()
#6 /home/acessoho/public_html/codeigniter4/system/CodeIgniter.php(412): CodeIgniter\CodeIgniter->runController(Object(App\Controllers\Admin\Home))
#7 /home/acessoho/public_html/codeigniter4/system/CodeIgniter.php(320): CodeIgniter\CodeIgniter->handleRequest(NULL, Object(Config\Cache), false)
#8 /home/acessoho/public_html/codeigniter4/index.php(38): CodeIgniter\CodeIgniter->run()
#9 {main}
CRITICAL - 2022-03-10 14:06:40 --> Call to a member function countAll() on null
#0 /home/acessoho/public_html/codeigniter4/system/CodeIgniter.php(825): App\Controllers\Admin\Home->index()
#1 /home/acessoho/public_html/codeigniter4/system/CodeIgniter.php(412): CodeIgniter\CodeIgniter->runController(Object(App\Controllers\Admin\Home))
#2 /home/acessoho/public_html/codeigniter4/system/CodeIgniter.php(320): CodeIgniter\CodeIgniter->handleRequest(NULL, Object(Config\Cache), false)
#3 /home/acessoho/public_html/codeigniter4/index.php(38): CodeIgniter\CodeIgniter->run()
#4 {main}
CRITICAL - 2022-03-10 14:09:35 --> Undefined variable: countContacts
#0 /home/acessoho/public_html/codeigniter4/app/Views/admin/pages/home.php(51): CodeIgniter\Debug\Exceptions->errorHandler(8, 'Undefined varia...', '/home/acessoho/...', 51, Array)
#1 /home/acessoho/public_html/codeigniter4/system/View/View.php(210): include('/home/acessoho/...')
#2 /home/acessoho/public_html/codeigniter4/system/View/View.php(213): CodeIgniter\View\View->CodeIgniter\View\{closure}()
#3 /home/acessoho/public_html/codeigniter4/system/Common.php(1089): CodeIgniter\View\View->render('admin/pages/hom...', Array, true)
#4 /home/acessoho/public_html/codeigniter4/app/Controllers/Admin/Home.php(32): view('admin/pages/hom...')
#5 /home/acessoho/public_html/codeigniter4/system/CodeIgniter.php(825): App\Controllers\Admin\Home->index()
#6 /home/acessoho/public_html/codeigniter4/system/CodeIgniter.php(412): CodeIgniter\CodeIgniter->runController(Object(App\Controllers\Admin\Home))
#7 /home/acessoho/public_html/codeigniter4/system/CodeIgniter.php(320): CodeIgniter\CodeIgniter->handleRequest(NULL, Object(Config\Cache), false)
#8 /home/acessoho/public_html/codeigniter4/index.php(38): CodeIgniter\CodeIgniter->run()
#9 {main}
CRITICAL - 2022-03-10 14:11:07 --> Undefined variable: countContacts
#0 /home/acessoho/public_html/codeigniter4/app/Views/admin/pages/home.php(51): CodeIgniter\Debug\Exceptions->errorHandler(8, 'Undefined varia...', '/home/acessoho/...', 51, Array)
#1 /home/acessoho/public_html/codeigniter4/system/View/View.php(210): include('/home/acessoho/...')
#2 /home/acessoho/public_html/codeigniter4/system/View/View.php(213): CodeIgniter\View\View->CodeIgniter\View\{closure}()
#3 /home/acessoho/public_html/codeigniter4/system/Common.php(1089): CodeIgniter\View\View->render('admin/pages/hom...', Array, true)
#4 /home/acessoho/public_html/codeigniter4/app/Controllers/Admin/Home.php(36): view('admin/pages/hom...')
#5 /home/acessoho/public_html/codeigniter4/system/CodeIgniter.php(825): App\Controllers\Admin\Home->index()
#6 /home/acessoho/public_html/codeigniter4/system/CodeIgniter.php(412): CodeIgniter\CodeIgniter->runController(Object(App\Controllers\Admin\Home))
#7 /home/acessoho/public_html/codeigniter4/system/CodeIgniter.php(320): CodeIgniter\CodeIgniter->handleRequest(NULL, Object(Config\Cache), false)
#8 /home/acessoho/public_html/codeigniter4/index.php(38): CodeIgniter\CodeIgniter->run()
#9 {main}
CRITICAL - 2022-03-10 14:13:01 --> Class 'App\Models\ContactModel' not found
#0 /home/acessoho/public_html/codeigniter4/system/CodeIgniter.php(802): App\Controllers\Admin\Home->__construct()
#1 /home/acessoho/public_html/codeigniter4/system/CodeIgniter.php(403): CodeIgniter\CodeIgniter->createController()
#2 /home/acessoho/public_html/codeigniter4/system/CodeIgniter.php(320): CodeIgniter\CodeIgniter->handleRequest(NULL, Object(Config\Cache), false)
#3 /home/acessoho/public_html/codeigniter4/index.php(38): CodeIgniter\CodeIgniter->run()
#4 {main}
CRITICAL - 2022-03-10 14:19:01 --> Undefined variable: co_nome
#0 /home/acessoho/public_html/codeigniter4/app/Views/admin/pages/home.php(167): CodeIgniter\Debug\Exceptions->errorHandler(8, 'Undefined varia...', '/home/acessoho/...', 167, Array)
#1 /home/acessoho/public_html/codeigniter4/system/View/View.php(210): include('/home/acessoho/...')
#2 /home/acessoho/public_html/codeigniter4/system/View/View.php(213): CodeIgniter\View\View->CodeIgniter\View\{closure}()
#3 /home/acessoho/public_html/codeigniter4/system/Common.php(1089): CodeIgniter\View\View->render('admin/pages/hom...', Array, true)
#4 /home/acessoho/public_html/codeigniter4/app/Controllers/Admin/Home.php(37): view('admin/pages/hom...')
#5 /home/acessoho/public_html/codeigniter4/system/CodeIgniter.php(825): App\Controllers\Admin\Home->index()
#6 /home/acessoho/public_html/codeigniter4/system/CodeIgniter.php(412): CodeIgniter\CodeIgniter->runController(Object(App\Controllers\Admin\Home))
#7 /home/acessoho/public_html/codeigniter4/system/CodeIgniter.php(320): CodeIgniter\CodeIgniter->handleRequest(NULL, Object(Config\Cache), false)
#8 /home/acessoho/public_html/codeigniter4/index.php(38): CodeIgniter\CodeIgniter->run()
#9 {main}
CRITICAL - 2022-03-10 14:19:01 --> Allowed memory size of 134217728 bytes exhausted (tried to allocate 89116336 bytes)
#0 [internal function]: CodeIgniter\Debug\Exceptions->shutdownHandler()
#1 {main}
CRITICAL - 2022-03-10 14:39:18 --> Call to a member function order() on array
#0 /home/acessoho/public_html/codeigniter4/system/CodeIgniter.php(825): App\Controllers\Admin\Home->index()
#1 /home/acessoho/public_html/codeigniter4/system/CodeIgniter.php(412): CodeIgniter\CodeIgniter->runController(Object(App\Controllers\Admin\Home))
#2 /home/acessoho/public_html/codeigniter4/system/CodeIgniter.php(320): CodeIgniter\CodeIgniter->handleRequest(NULL, Object(Config\Cache), false)
#3 /home/acessoho/public_html/codeigniter4/index.php(38): CodeIgniter\CodeIgniter->run()
#4 {main}
CRITICAL - 2022-03-10 14:39:40 --> Call to a member function orderBy() on array
#0 /home/acessoho/public_html/codeigniter4/system/CodeIgniter.php(825): App\Controllers\Admin\Home->index()
#1 /home/acessoho/public_html/codeigniter4/system/CodeIgniter.php(412): CodeIgniter\CodeIgniter->runController(Object(App\Controllers\Admin\Home))
#2 /home/acessoho/public_html/codeigniter4/system/CodeIgniter.php(320): CodeIgniter\CodeIgniter->handleRequest(NULL, Object(Config\Cache), false)
#3 /home/acessoho/public_html/codeigniter4/index.php(38): CodeIgniter\CodeIgniter->run()
#4 {main}
CRITICAL - 2022-03-10 14:39:55 --> Call to a member function orderBy() on array
#0 /home/acessoho/public_html/codeigniter4/system/CodeIgniter.php(825): App\Controllers\Admin\Home->index()
#1 /home/acessoho/public_html/codeigniter4/system/CodeIgniter.php(412): CodeIgniter\CodeIgniter->runController(Object(App\Controllers\Admin\Home))
#2 /home/acessoho/public_html/codeigniter4/system/CodeIgniter.php(320): CodeIgniter\CodeIgniter->handleRequest(NULL, Object(Config\Cache), false)
#3 /home/acessoho/public_html/codeigniter4/index.php(38): CodeIgniter\CodeIgniter->run()
#4 {main}
CRITICAL - 2022-03-10 14:40:17 --> Call to a member function limit() on array
#0 /home/acessoho/public_html/codeigniter4/system/CodeIgniter.php(825): App\Controllers\Admin\Home->index()
#1 /home/acessoho/public_html/codeigniter4/system/CodeIgniter.php(412): CodeIgniter\CodeIgniter->runController(Object(App\Controllers\Admin\Home))
#2 /home/acessoho/public_html/codeigniter4/system/CodeIgniter.php(320): CodeIgniter\CodeIgniter->handleRequest(NULL, Object(Config\Cache), false)
#3 /home/acessoho/public_html/codeigniter4/index.php(38): CodeIgniter\CodeIgniter->run()
#4 {main}
CRITICAL - 2022-03-10 14:42:28 --> extract() expects parameter 1 to be array, null given
#0 [internal function]: CodeIgniter\Debug\Exceptions->errorHandler(2, 'extract() expec...', '/home/acessoho/...', 77, Array)
#1 /home/acessoho/public_html/codeigniter4/app/Views/admin/pages/home.php(77): extract(NULL)
#2 /home/acessoho/public_html/codeigniter4/system/View/View.php(210): include('/home/acessoho/...')
#3 /home/acessoho/public_html/codeigniter4/system/View/View.php(213): CodeIgniter\View\View->CodeIgniter\View\{closure}()
#4 /home/acessoho/public_html/codeigniter4/system/Common.php(1089): CodeIgniter\View\View->render('admin/pages/hom...', Array, true)
#5 /home/acessoho/public_html/codeigniter4/app/Controllers/Admin/Home.php(37): view('admin/pages/hom...')
#6 /home/acessoho/public_html/codeigniter4/system/CodeIgniter.php(825): App\Controllers\Admin\Home->index()
#7 /home/acessoho/public_html/codeigniter4/system/CodeIgniter.php(412): CodeIgniter\CodeIgniter->runController(Object(App\Controllers\Admin\Home))
#8 /home/acessoho/public_html/codeigniter4/system/CodeIgniter.php(320): CodeIgniter\CodeIgniter->handleRequest(NULL, Object(Config\Cache), false)
#9 /home/acessoho/public_html/codeigniter4/index.php(38): CodeIgniter\CodeIgniter->run()
#10 {main}
ERROR - 2022-03-10 14:42:57 --> Unknown column 'asc' in 'order clause'
CRITICAL - 2022-03-10 14:42:57 --> Unknown column 'asc' in 'order clause'
#0 /home/acessoho/public_html/codeigniter4/system/Database/MySQLi/Connection.php(292): mysqli->query('SELECT *\nFROM `...', 0)
#1 /home/acessoho/public_html/codeigniter4/system/Database/BaseConnection.php(670): CodeIgniter\Database\MySQLi\Connection->execute('SELECT *\nFROM `...')
#2 /home/acessoho/public_html/codeigniter4/system/Database/BaseConnection.php(598): CodeIgniter\Database\BaseConnection->simpleQuery('SELECT *\nFROM `...')
#3 /home/acessoho/public_html/codeigniter4/system/Database/BaseBuilder.php(1455): CodeIgniter\Database\BaseConnection->query('SELECT *\nFROM `...', Array, false)
#4 /home/acessoho/public_html/codeigniter4/system/Model.php(183): CodeIgniter\Database\BaseBuilder->get()
#5 /home/acessoho/public_html/codeigniter4/system/BaseModel.php(584): CodeIgniter\Model->doFindAll(0, 0)
#6 /home/acessoho/public_html/codeigniter4/app/Controllers/Admin/Home.php(34): CodeIgniter\BaseModel->findAll()
#7 /home/acessoho/public_html/codeigniter4/system/CodeIgniter.php(825): App\Controllers\Admin\Home->index()
#8 /home/acessoho/public_html/codeigniter4/system/CodeIgniter.php(412): CodeIgniter\CodeIgniter->runController(Object(App\Controllers\Admin\Home))
#9 /home/acessoho/public_html/codeigniter4/system/CodeIgniter.php(320): CodeIgniter\CodeIgniter->handleRequest(NULL, Object(Config\Cache), false)
#10 /home/acessoho/public_html/codeigniter4/index.php(38): CodeIgniter\CodeIgniter->run()
#11 {main}
CRITICAL - 2022-03-10 14:51:11 --> extract() expects parameter 1 to be array, null given
#0 [internal function]: CodeIgniter\Debug\Exceptions->errorHandler(2, 'extract() expec...', '/home/acessoho/...', 77, Array)
#1 /home/acessoho/public_html/codeigniter4/app/Views/admin/pages/home.php(77): extract(NULL)
#2 /home/acessoho/public_html/codeigniter4/system/View/View.php(210): include('/home/acessoho/...')
#3 /home/acessoho/public_html/codeigniter4/system/View/View.php(213): CodeIgniter\View\View->CodeIgniter\View\{closure}()
#4 /home/acessoho/public_html/codeigniter4/system/Common.php(1089): CodeIgniter\View\View->render('admin/pages/hom...', Array, true)
#5 /home/acessoho/public_html/codeigniter4/app/Controllers/Admin/Home.php(37): view('admin/pages/hom...')
#6 /home/acessoho/public_html/codeigniter4/system/CodeIgniter.php(825): App\Controllers\Admin\Home->index()
#7 /home/acessoho/public_html/codeigniter4/system/CodeIgniter.php(412): CodeIgniter\CodeIgniter->runController(Object(App\Controllers\Admin\Home))
#8 /home/acessoho/public_html/codeigniter4/system/CodeIgniter.php(320): CodeIgniter\CodeIgniter->handleRequest(NULL, Object(Config\Cache), false)
#9 /home/acessoho/public_html/codeigniter4/index.php(38): CodeIgniter\CodeIgniter->run()
#10 {main}
CRITICAL - 2022-03-10 15:09:05 --> Undefined index: o_texto_agencia
#0 /home/acessoho/public_html/codeigniter4/app/Views/admin/pages/home.php(93): CodeIgniter\Debug\Exceptions->errorHandler(8, 'Undefined index...', '/home/acessoho/...', 93, Array)
#1 /home/acessoho/public_html/codeigniter4/system/View/View.php(210): include('/home/acessoho/...')
#2 /home/acessoho/public_html/codeigniter4/system/View/View.php(213): CodeIgniter\View\View->CodeIgniter\View\{closure}()
#3 /home/acessoho/public_html/codeigniter4/system/Common.php(1089): CodeIgniter\View\View->render('admin/pages/hom...', Array, true)
#4 /home/acessoho/public_html/codeigniter4/app/Controllers/Admin/Home.php(41): view('admin/pages/hom...')
#5 /home/acessoho/public_html/codeigniter4/system/CodeIgniter.php(825): App\Controllers\Admin\Home->index()
#6 /home/acessoho/public_html/codeigniter4/system/CodeIgniter.php(412): CodeIgniter\CodeIgniter->runController(Object(App\Controllers\Admin\Home))
#7 /home/acessoho/public_html/codeigniter4/system/CodeIgniter.php(320): CodeIgniter\CodeIgniter->handleRequest(NULL, Object(Config\Cache), false)
#8 /home/acessoho/public_html/codeigniter4/index.php(38): CodeIgniter\CodeIgniter->run()
#9 {main}
CRITICAL - 2022-03-10 15:10:34 --> Undefined variable: co_texto_agencia
#0 /home/acessoho/public_html/codeigniter4/app/Views/admin/pages/home.php(97): CodeIgniter\Debug\Exceptions->errorHandler(8, 'Undefined varia...', '/home/acessoho/...', 97, Array)
#1 /home/acessoho/public_html/codeigniter4/system/View/View.php(210): include('/home/acessoho/...')
#2 /home/acessoho/public_html/codeigniter4/system/View/View.php(213): CodeIgniter\View\View->CodeIgniter\View\{closure}()
#3 /home/acessoho/public_html/codeigniter4/system/Common.php(1089): CodeIgniter\View\View->render('admin/pages/hom...', Array, true)
#4 /home/acessoho/public_html/codeigniter4/app/Controllers/Admin/Home.php(41): view('admin/pages/hom...')
#5 /home/acessoho/public_html/codeigniter4/system/CodeIgniter.php(825): App\Controllers\Admin\Home->index()
#6 /home/acessoho/public_html/codeigniter4/system/CodeIgniter.php(412): CodeIgniter\CodeIgniter->runController(Object(App\Controllers\Admin\Home))
#7 /home/acessoho/public_html/codeigniter4/system/CodeIgniter.php(320): CodeIgniter\CodeIgniter->handleRequest(NULL, Object(Config\Cache), false)
#8 /home/acessoho/public_html/codeigniter4/index.php(38): CodeIgniter\CodeIgniter->run()
#9 {main}
CRITICAL - 2022-03-10 15:10:49 --> Undefined index: co_texto_agencia
#0 /home/acessoho/public_html/codeigniter4/app/Views/admin/pages/home.php(93): CodeIgniter\Debug\Exceptions->errorHandler(8, 'Undefined index...', '/home/acessoho/...', 93, Array)
#1 /home/acessoho/public_html/codeigniter4/system/View/View.php(210): include('/home/acessoho/...')
#2 /home/acessoho/public_html/codeigniter4/system/View/View.php(213): CodeIgniter\View\View->CodeIgniter\View\{closure}()
#3 /home/acessoho/public_html/codeigniter4/system/Common.php(1089): CodeIgniter\View\View->render('admin/pages/hom...', Array, true)
#4 /home/acessoho/public_html/codeigniter4/app/Controllers/Admin/Home.php(41): view('admin/pages/hom...')
#5 /home/acessoho/public_html/codeigniter4/system/CodeIgniter.php(825): App\Controllers\Admin\Home->index()
#6 /home/acessoho/public_html/codeigniter4/system/CodeIgniter.php(412): CodeIgniter\CodeIgniter->runController(Object(App\Controllers\Admin\Home))
#7 /home/acessoho/public_html/codeigniter4/system/CodeIgniter.php(320): CodeIgniter\CodeIgniter->handleRequest(NULL, Object(Config\Cache), false)
#8 /home/acessoho/public_html/codeigniter4/index.php(38): CodeIgniter\CodeIgniter->run()
#9 {main}
CRITICAL - 2022-03-10 16:12:29 --> Trying to get property 'pager' of non-object
#0 /home/acessoho/public_html/codeigniter4/app/Controllers/Admin/Blog.php(29): CodeIgniter\Debug\Exceptions->errorHandler(8, 'Trying to get p...', '/home/acessoho/...', 29, Array)
#1 /home/acessoho/public_html/codeigniter4/system/CodeIgniter.php(825): App\Controllers\Admin\Blog->index()
#2 /home/acessoho/public_html/codeigniter4/system/CodeIgniter.php(412): CodeIgniter\CodeIgniter->runController(Object(App\Controllers\Admin\Blog))
#3 /home/acessoho/public_html/codeigniter4/system/CodeIgniter.php(320): CodeIgniter\CodeIgniter->handleRequest(NULL, Object(Config\Cache), false)
#4 /home/acessoho/public_html/codeigniter4/index.php(38): CodeIgniter\CodeIgniter->run()
#5 {main}
CRITICAL - 2022-03-10 16:12:30 --> Trying to get property 'pager' of non-object
#0 /home/acessoho/public_html/codeigniter4/app/Controllers/Admin/Blog.php(29): CodeIgniter\Debug\Exceptions->errorHandler(8, 'Trying to get p...', '/home/acessoho/...', 29, Array)
#1 /home/acessoho/public_html/codeigniter4/system/CodeIgniter.php(825): App\Controllers\Admin\Blog->index()
#2 /home/acessoho/public_html/codeigniter4/system/CodeIgniter.php(412): CodeIgniter\CodeIgniter->runController(Object(App\Controllers\Admin\Blog))
#3 /home/acessoho/public_html/codeigniter4/system/CodeIgniter.php(320): CodeIgniter\CodeIgniter->handleRequest(NULL, Object(Config\Cache), false)
#4 /home/acessoho/public_html/codeigniter4/index.php(38): CodeIgniter\CodeIgniter->run()
#5 {main}
CRITICAL - 2022-03-10 16:13:09 --> Undefined variable: id
#0 /home/acessoho/public_html/codeigniter4/app/Views/admin/pages/blog/blog.php(49): CodeIgniter\Debug\Exceptions->errorHandler(8, 'Undefined varia...', '/home/acessoho/...', 49, Array)
#1 /home/acessoho/public_html/codeigniter4/system/View/View.php(210): include('/home/acessoho/...')
#2 /home/acessoho/public_html/codeigniter4/system/View/View.php(213): CodeIgniter\View\View->CodeIgniter\View\{closure}()
#3 /home/acessoho/public_html/codeigniter4/system/Common.php(1089): CodeIgniter\View\View->render('admin/pages/blo...', Array, true)
#4 /home/acessoho/public_html/codeigniter4/app/Controllers/Admin/Blog.php(30): view('admin/pages/blo...', Array)
#5 /home/acessoho/public_html/codeigniter4/system/CodeIgniter.php(825): App\Controllers\Admin\Blog->index()
#6 /home/acessoho/public_html/codeigniter4/system/CodeIgniter.php(412): CodeIgniter\CodeIgniter->runController(Object(App\Controllers\Admin\Blog))
#7 /home/acessoho/public_html/codeigniter4/system/CodeIgniter.php(320): CodeIgniter\CodeIgniter->handleRequest(NULL, Object(Config\Cache), false)
#8 /home/acessoho/public_html/codeigniter4/index.php(38): CodeIgniter\CodeIgniter->run()
#9 {main}
CRITICAL - 2022-03-10 16:25:34 --> Use of undefined constant blo_autor - assumed 'blo_autor' (this will throw an Error in a future version of PHP)
#0 /home/acessoho/public_html/codeigniter4/app/Views/admin/pages/blog/blog.php(66): CodeIgniter\Debug\Exceptions->errorHandler(2, 'Use of undefine...', '/home/acessoho/...', 66, Array)
#1 /home/acessoho/public_html/codeigniter4/system/View/View.php(210): include('/home/acessoho/...')
#2 /home/acessoho/public_html/codeigniter4/system/View/View.php(213): CodeIgniter\View\View->CodeIgniter\View\{closure}()
#3 /home/acessoho/public_html/codeigniter4/system/Common.php(1089): CodeIgniter\View\View->render('admin/pages/blo...', Array, true)
#4 /home/acessoho/public_html/codeigniter4/app/Controllers/Admin/Blog.php(30): view('admin/pages/blo...', Array)
#5 /home/acessoho/public_html/codeigniter4/system/CodeIgniter.php(825): App\Controllers\Admin\Blog->index()
#6 /home/acessoho/public_html/codeigniter4/system/CodeIgniter.php(412): CodeIgniter\CodeIgniter->runController(Object(App\Controllers\Admin\Blog))
#7 /home/acessoho/public_html/codeigniter4/system/CodeIgniter.php(320): CodeIgniter\CodeIgniter->handleRequest(NULL, Object(Config\Cache), false)
#8 /home/acessoho/public_html/codeigniter4/index.php(38): CodeIgniter\CodeIgniter->run()
#9 {main}
CRITICAL - 2022-03-10 18:28:23 --> Class 'App\Models\ContatoModel' not found
#0 /home/acessoho/public_html/codeigniter4/system/CodeIgniter.php(802): App\Controllers\Admin\Contato->__construct()
#1 /home/acessoho/public_html/codeigniter4/system/CodeIgniter.php(403): CodeIgniter\CodeIgniter->createController()
#2 /home/acessoho/public_html/codeigniter4/system/CodeIgniter.php(320): CodeIgniter\CodeIgniter->handleRequest(NULL, Object(Config\Cache), false)
#3 /home/acessoho/public_html/codeigniter4/index.php(38): CodeIgniter\CodeIgniter->run()
#4 {main}
CRITICAL - 2022-03-10 18:29:15 --> Class 'App\Controllers\Admin\ContatoModel' not found
#0 /home/acessoho/public_html/codeigniter4/system/CodeIgniter.php(802): App\Controllers\Admin\Contato->__construct()
#1 /home/acessoho/public_html/codeigniter4/system/CodeIgniter.php(403): CodeIgniter\CodeIgniter->createController()
#2 /home/acessoho/public_html/codeigniter4/system/CodeIgniter.php(320): CodeIgniter\CodeIgniter->handleRequest(NULL, Object(Config\Cache), false)
#3 /home/acessoho/public_html/codeigniter4/index.php(38): CodeIgniter\CodeIgniter->run()
#4 {main}
