CRITICAL - 2022-03-04 10:54:34 --> Undefined property: App\Controllers\Admin\Company::$db
#0 /home/acessoho/public_html/codeigniter4/app/Controllers/Admin/Company.php(47): CodeIgniter\Debug\Exceptions->errorHandler(8, 'Undefined prope...', '/home/acessoho/...', 47, Array)
#1 /home/acessoho/public_html/codeigniter4/system/CodeIgniter.php(825): App\Controllers\Admin\Company->store()
#2 /home/acessoho/public_html/codeigniter4/system/CodeIgniter.php(412): CodeIgniter\CodeIgniter->runController(Object(App\Controllers\Admin\Company))
#3 /home/acessoho/public_html/codeigniter4/system/CodeIgniter.php(320): CodeIgniter\CodeIgniter->handleRequest(NULL, Object(Config\Cache), false)
#4 /home/acessoho/public_html/codeigniter4/index.php(38): CodeIgniter\CodeIgniter->run()
#5 {main}
CRITICAL - 2022-03-04 10:54:57 --> Call to undefined method App\Controllers\Admin\Company::trans_start()
#0 /home/acessoho/public_html/codeigniter4/system/CodeIgniter.php(825): App\Controllers\Admin\Company->store()
#1 /home/acessoho/public_html/codeigniter4/system/CodeIgniter.php(412): CodeIgniter\CodeIgniter->runController(Object(App\Controllers\Admin\Company))
#2 /home/acessoho/public_html/codeigniter4/system/CodeIgniter.php(320): CodeIgniter\CodeIgniter->handleRequest(NULL, Object(Config\Cache), false)
#3 /home/acessoho/public_html/codeigniter4/index.php(38): CodeIgniter\CodeIgniter->run()
#4 {main}
CRITICAL - 2022-03-04 10:56:30 --> Call to undefined method App\Controllers\Admin\Company::trans_start()
#0 /home/acessoho/public_html/codeigniter4/system/CodeIgniter.php(825): App\Controllers\Admin\Company->store()
#1 /home/acessoho/public_html/codeigniter4/system/CodeIgniter.php(412): CodeIgniter\CodeIgniter->runController(Object(App\Controllers\Admin\Company))
#2 /home/acessoho/public_html/codeigniter4/system/CodeIgniter.php(320): CodeIgniter\CodeIgniter->handleRequest(NULL, Object(Config\Cache), false)
#3 /home/acessoho/public_html/codeigniter4/index.php(38): CodeIgniter\CodeIgniter->run()
#4 {main}
CRITICAL - 2022-03-04 10:57:15 --> Call to undefined method App\Models\CompanyModel::trans_start
#0 /home/acessoho/public_html/codeigniter4/app/Controllers/Admin/Company.php(47): CodeIgniter\Model->__call('trans_start', Array)
#1 /home/acessoho/public_html/codeigniter4/system/CodeIgniter.php(825): App\Controllers\Admin\Company->store()
#2 /home/acessoho/public_html/codeigniter4/system/CodeIgniter.php(412): CodeIgniter\CodeIgniter->runController(Object(App\Controllers\Admin\Company))
#3 /home/acessoho/public_html/codeigniter4/system/CodeIgniter.php(320): CodeIgniter\CodeIgniter->handleRequest(NULL, Object(Config\Cache), false)
#4 /home/acessoho/public_html/codeigniter4/index.php(38): CodeIgniter\CodeIgniter->run()
#5 {main}
CRITICAL - 2022-03-04 11:01:10 --> Call to undefined method App\Models\CompanyModel::trans_start
#0 /home/acessoho/public_html/codeigniter4/app/Controllers/Admin/Company.php(47): CodeIgniter\Model->__call('trans_start', Array)
#1 /home/acessoho/public_html/codeigniter4/system/CodeIgniter.php(825): App\Controllers\Admin\Company->store()
#2 /home/acessoho/public_html/codeigniter4/system/CodeIgniter.php(412): CodeIgniter\CodeIgniter->runController(Object(App\Controllers\Admin\Company))
#3 /home/acessoho/public_html/codeigniter4/system/CodeIgniter.php(320): CodeIgniter\CodeIgniter->handleRequest(NULL, Object(Config\Cache), false)
#4 /home/acessoho/public_html/codeigniter4/index.php(38): CodeIgniter\CodeIgniter->run()
#5 {main}
CRITICAL - 2022-03-04 11:05:16 --> Call to undefined method App\Models\CompanyModel::trans_start
#0 /home/acessoho/public_html/codeigniter4/app/Controllers/Admin/Company.php(47): CodeIgniter\Model->__call('trans_start', Array)
#1 /home/acessoho/public_html/codeigniter4/system/CodeIgniter.php(825): App\Controllers\Admin\Company->store()
#2 /home/acessoho/public_html/codeigniter4/system/CodeIgniter.php(412): CodeIgniter\CodeIgniter->runController(Object(App\Controllers\Admin\Company))
#3 /home/acessoho/public_html/codeigniter4/system/CodeIgniter.php(320): CodeIgniter\CodeIgniter->handleRequest(NULL, Object(Config\Cache), false)
#4 /home/acessoho/public_html/codeigniter4/index.php(38): CodeIgniter\CodeIgniter->run()
#5 {main}
CRITICAL - 2022-03-04 14:54:17 --> Undefined variable: count
#0 /home/acessoho/public_html/codeigniter4/app/Views/admin/pages/users/usuarios.php(18): CodeIgniter\Debug\Exceptions->errorHandler(8, 'Undefined varia...', '/home/acessoho/...', 18, Array)
#1 /home/acessoho/public_html/codeigniter4/system/View/View.php(210): include('/home/acessoho/...')
#2 /home/acessoho/public_html/codeigniter4/system/View/View.php(213): CodeIgniter\View\View->CodeIgniter\View\{closure}()
#3 /home/acessoho/public_html/codeigniter4/system/Common.php(1089): CodeIgniter\View\View->render('admin/pages/use...', Array, true)
#4 /home/acessoho/public_html/codeigniter4/app/Controllers/Admin/Usuarios.php(29): view('admin/pages/use...', Array)
#5 /home/acessoho/public_html/codeigniter4/system/CodeIgniter.php(825): App\Controllers\Admin\Usuarios->index()
#6 /home/acessoho/public_html/codeigniter4/system/CodeIgniter.php(412): CodeIgniter\CodeIgniter->runController(Object(App\Controllers\Admin\Usuarios))
#7 /home/acessoho/public_html/codeigniter4/system/CodeIgniter.php(320): CodeIgniter\CodeIgniter->handleRequest(NULL, Object(Config\Cache), false)
#8 /home/acessoho/public_html/codeigniter4/index.php(38): CodeIgniter\CodeIgniter->run()
#9 {main}
CRITICAL - 2022-03-04 14:55:32 --> Undefined variable: count
#0 /home/acessoho/public_html/codeigniter4/app/Views/admin/pages/users/usuarios.php(18): CodeIgniter\Debug\Exceptions->errorHandler(8, 'Undefined varia...', '/home/acessoho/...', 18, Array)
#1 /home/acessoho/public_html/codeigniter4/system/View/View.php(210): include('/home/acessoho/...')
#2 /home/acessoho/public_html/codeigniter4/system/View/View.php(213): CodeIgniter\View\View->CodeIgniter\View\{closure}()
#3 /home/acessoho/public_html/codeigniter4/system/Common.php(1089): CodeIgniter\View\View->render('admin/pages/use...', Array, true)
#4 /home/acessoho/public_html/codeigniter4/app/Controllers/Admin/Usuarios.php(29): view('admin/pages/use...', Array)
#5 /home/acessoho/public_html/codeigniter4/system/CodeIgniter.php(825): App\Controllers\Admin\Usuarios->index()
#6 /home/acessoho/public_html/codeigniter4/system/CodeIgniter.php(412): CodeIgniter\CodeIgniter->runController(Object(App\Controllers\Admin\Usuarios))
#7 /home/acessoho/public_html/codeigniter4/system/CodeIgniter.php(320): CodeIgniter\CodeIgniter->handleRequest(NULL, Object(Config\Cache), false)
#8 /home/acessoho/public_html/codeigniter4/index.php(38): CodeIgniter\CodeIgniter->run()
#9 {main}
CRITICAL - 2022-03-04 14:55:56 --> Call to a member function countAll() on array
#0 /home/acessoho/public_html/codeigniter4/system/CodeIgniter.php(825): App\Controllers\Admin\Usuarios->index()
#1 /home/acessoho/public_html/codeigniter4/system/CodeIgniter.php(412): CodeIgniter\CodeIgniter->runController(Object(App\Controllers\Admin\Usuarios))
#2 /home/acessoho/public_html/codeigniter4/system/CodeIgniter.php(320): CodeIgniter\CodeIgniter->handleRequest(NULL, Object(Config\Cache), false)
#3 /home/acessoho/public_html/codeigniter4/index.php(38): CodeIgniter\CodeIgniter->run()
#4 {main}
ERROR - 2022-03-04 15:15:31 --> Column 'name' cannot be null
CRITICAL - 2022-03-04 15:15:31 --> Column 'name' cannot be null
#0 /home/acessoho/public_html/codeigniter4/system/Database/MySQLi/Connection.php(292): mysqli->query('INSERT INTO `us...', 0)
#1 /home/acessoho/public_html/codeigniter4/system/Database/BaseConnection.php(670): CodeIgniter\Database\MySQLi\Connection->execute('INSERT INTO `us...')
#2 /home/acessoho/public_html/codeigniter4/system/Database/BaseConnection.php(598): CodeIgniter\Database\BaseConnection->simpleQuery('INSERT INTO `us...')
#3 /home/acessoho/public_html/codeigniter4/system/Database/BaseBuilder.php(1771): CodeIgniter\Database\BaseConnection->query('INSERT INTO `us...', Array, false)
#4 /home/acessoho/public_html/codeigniter4/system/Model.php(239): CodeIgniter\Database\BaseBuilder->insert()
#5 /home/acessoho/public_html/codeigniter4/system/BaseModel.php(738): CodeIgniter\Model->doInsert(Array)
#6 /home/acessoho/public_html/codeigniter4/system/Model.php(625): CodeIgniter\BaseModel->insert(Array, false)
#7 /home/acessoho/public_html/codeigniter4/system/BaseModel.php(658): CodeIgniter\Model->insert(Array, false)
#8 /home/acessoho/public_html/codeigniter4/app/Controllers/Admin/Usuarios.php(76): CodeIgniter\BaseModel->save(Array)
#9 /home/acessoho/public_html/codeigniter4/system/CodeIgniter.php(825): App\Controllers\Admin\Usuarios->store()
#10 /home/acessoho/public_html/codeigniter4/system/CodeIgniter.php(412): CodeIgniter\CodeIgniter->runController(Object(App\Controllers\Admin\Usuarios))
#11 /home/acessoho/public_html/codeigniter4/system/CodeIgniter.php(320): CodeIgniter\CodeIgniter->handleRequest(NULL, Object(Config\Cache), false)
#12 /home/acessoho/public_html/codeigniter4/index.php(38): CodeIgniter\CodeIgniter->run()
#13 {main}
ERROR - 2022-03-04 15:17:04 --> Column 'name' cannot be null
CRITICAL - 2022-03-04 15:17:04 --> Column 'name' cannot be null
#0 /home/acessoho/public_html/codeigniter4/system/Database/MySQLi/Connection.php(292): mysqli->query('INSERT INTO `us...', 0)
#1 /home/acessoho/public_html/codeigniter4/system/Database/BaseConnection.php(670): CodeIgniter\Database\MySQLi\Connection->execute('INSERT INTO `us...')
#2 /home/acessoho/public_html/codeigniter4/system/Database/BaseConnection.php(598): CodeIgniter\Database\BaseConnection->simpleQuery('INSERT INTO `us...')
#3 /home/acessoho/public_html/codeigniter4/system/Database/BaseBuilder.php(1771): CodeIgniter\Database\BaseConnection->query('INSERT INTO `us...', Array, false)
#4 /home/acessoho/public_html/codeigniter4/system/Model.php(239): CodeIgniter\Database\BaseBuilder->insert()
#5 /home/acessoho/public_html/codeigniter4/system/BaseModel.php(738): CodeIgniter\Model->doInsert(Array)
#6 /home/acessoho/public_html/codeigniter4/system/Model.php(625): CodeIgniter\BaseModel->insert(Array, false)
#7 /home/acessoho/public_html/codeigniter4/system/BaseModel.php(658): CodeIgniter\Model->insert(Array, false)
#8 /home/acessoho/public_html/codeigniter4/app/Controllers/Admin/Usuarios.php(76): CodeIgniter\BaseModel->save(Array)
#9 /home/acessoho/public_html/codeigniter4/system/CodeIgniter.php(825): App\Controllers\Admin\Usuarios->store()
#10 /home/acessoho/public_html/codeigniter4/system/CodeIgniter.php(412): CodeIgniter\CodeIgniter->runController(Object(App\Controllers\Admin\Usuarios))
#11 /home/acessoho/public_html/codeigniter4/system/CodeIgniter.php(320): CodeIgniter\CodeIgniter->handleRequest(NULL, Object(Config\Cache), false)
#12 /home/acessoho/public_html/codeigniter4/index.php(38): CodeIgniter\CodeIgniter->run()
#13 {main}
CRITICAL - 2022-03-04 16:29:08 --> Undefined variable: img
#0 /home/acessoho/public_html/codeigniter4/app/Views/admin/templates/header.php(250): CodeIgniter\Debug\Exceptions->errorHandler(8, 'Undefined varia...', '/home/acessoho/...', 250, Array)
#1 /home/acessoho/public_html/codeigniter4/system/View/View.php(210): include('/home/acessoho/...')
#2 /home/acessoho/public_html/codeigniter4/system/View/View.php(213): CodeIgniter\View\View->CodeIgniter\View\{closure}()
#3 /home/acessoho/public_html/codeigniter4/system/Common.php(1089): CodeIgniter\View\View->render('admin/templates...', Array, true)
#4 /home/acessoho/public_html/codeigniter4/app/Controllers/Admin/Usuarios.php(25): view('admin/templates...', Array)
#5 /home/acessoho/public_html/codeigniter4/system/CodeIgniter.php(825): App\Controllers\Admin\Usuarios->index()
#6 /home/acessoho/public_html/codeigniter4/system/CodeIgniter.php(412): CodeIgniter\CodeIgniter->runController(Object(App\Controllers\Admin\Usuarios))
#7 /home/acessoho/public_html/codeigniter4/system/CodeIgniter.php(320): CodeIgniter\CodeIgniter->handleRequest(NULL, Object(Config\Cache), false)
#8 /home/acessoho/public_html/codeigniter4/index.php(38): CodeIgniter\CodeIgniter->run()
#9 {main}
