CRITICAL - 2022-03-03 07:59:15 --> Undefined variable: msg
#0 /home/acessoho/public_html/codeigniter4/app/Views/admin/pages/users/usuarios.php(14): CodeIgniter\Debug\Exceptions->errorHandler(8, 'Undefined varia...', '/home/acessoho/...', 14, Array)
#1 /home/acessoho/public_html/codeigniter4/system/View/View.php(210): include('/home/acessoho/...')
#2 /home/acessoho/public_html/codeigniter4/system/View/View.php(213): CodeIgniter\View\View->CodeIgniter\View\{closure}()
#3 /home/acessoho/public_html/codeigniter4/system/Common.php(1089): CodeIgniter\View\View->render('admin/pages/use...', Array, true)
#4 /home/acessoho/public_html/codeigniter4/app/Controllers/Admin/Usuarios.php(29): view('admin/pages/use...', Array)
#5 /home/acessoho/public_html/codeigniter4/system/CodeIgniter.php(825): App\Controllers\Admin\Usuarios->index()
#6 /home/acessoho/public_html/codeigniter4/system/CodeIgniter.php(412): CodeIgniter\CodeIgniter->runController(Object(App\Controllers\Admin\Usuarios))
#7 /home/acessoho/public_html/codeigniter4/system/CodeIgniter.php(320): CodeIgniter\CodeIgniter->handleRequest(NULL, Object(Config\Cache), false)
#8 /home/acessoho/public_html/codeigniter4/index.php(38): CodeIgniter\CodeIgniter->run()
#9 {main}
CRITICAL - 2022-03-03 08:42:00 --> Undefined variable: companys
#0 /home/acessoho/public_html/codeigniter4/app/Views/admin/pages/company/company.php(30): CodeIgniter\Debug\Exceptions->errorHandler(8, 'Undefined varia...', '/home/acessoho/...', 30, Array)
#1 /home/acessoho/public_html/codeigniter4/system/View/View.php(210): include('/home/acessoho/...')
#2 /home/acessoho/public_html/codeigniter4/system/View/View.php(213): CodeIgniter\View\View->CodeIgniter\View\{closure}()
#3 /home/acessoho/public_html/codeigniter4/system/Common.php(1089): CodeIgniter\View\View->render('admin/pages/com...', Array, true)
#4 /home/acessoho/public_html/codeigniter4/app/Controllers/Admin/Company.php(32): view('admin/pages/com...', Array)
#5 /home/acessoho/public_html/codeigniter4/system/CodeIgniter.php(825): App\Controllers\Admin\Company->index()
#6 /home/acessoho/public_html/codeigniter4/system/CodeIgniter.php(412): CodeIgniter\CodeIgniter->runController(Object(App\Controllers\Admin\Company))
#7 /home/acessoho/public_html/codeigniter4/system/CodeIgniter.php(320): CodeIgniter\CodeIgniter->handleRequest(NULL, Object(Config\Cache), false)
#8 /home/acessoho/public_html/codeigniter4/index.php(38): CodeIgniter\CodeIgniter->run()
#9 {main}
CRITICAL - 2022-03-03 08:42:21 --> extract() expects parameter 1 to be array, null given
#0 [internal function]: CodeIgniter\Debug\Exceptions->errorHandler(2, 'extract() expec...', '/home/acessoho/...', 31, Array)
#1 /home/acessoho/public_html/codeigniter4/app/Views/admin/pages/company/company.php(31): extract(NULL)
#2 /home/acessoho/public_html/codeigniter4/system/View/View.php(210): include('/home/acessoho/...')
#3 /home/acessoho/public_html/codeigniter4/system/View/View.php(213): CodeIgniter\View\View->CodeIgniter\View\{closure}()
#4 /home/acessoho/public_html/codeigniter4/system/Common.php(1089): CodeIgniter\View\View->render('admin/pages/com...', Array, true)
#5 /home/acessoho/public_html/codeigniter4/app/Controllers/Admin/Company.php(32): view('admin/pages/com...', Array)
#6 /home/acessoho/public_html/codeigniter4/system/CodeIgniter.php(825): App\Controllers\Admin\Company->index()
#7 /home/acessoho/public_html/codeigniter4/system/CodeIgniter.php(412): CodeIgniter\CodeIgniter->runController(Object(App\Controllers\Admin\Company))
#8 /home/acessoho/public_html/codeigniter4/system/CodeIgniter.php(320): CodeIgniter\CodeIgniter->handleRequest(NULL, Object(Config\Cache), false)
#9 /home/acessoho/public_html/codeigniter4/index.php(38): CodeIgniter\CodeIgniter->run()
#10 {main}
CRITICAL - 2022-03-03 08:44:31 --> extract() expects parameter 1 to be array, null given
#0 [internal function]: CodeIgniter\Debug\Exceptions->errorHandler(2, 'extract() expec...', '/home/acessoho/...', 31, Array)
#1 /home/acessoho/public_html/codeigniter4/app/Views/admin/pages/company/company.php(31): extract(NULL)
#2 /home/acessoho/public_html/codeigniter4/system/View/View.php(210): include('/home/acessoho/...')
#3 /home/acessoho/public_html/codeigniter4/system/View/View.php(213): CodeIgniter\View\View->CodeIgniter\View\{closure}()
#4 /home/acessoho/public_html/codeigniter4/system/Common.php(1089): CodeIgniter\View\View->render('admin/pages/com...', Array, true)
#5 /home/acessoho/public_html/codeigniter4/app/Controllers/Admin/Company.php(32): view('admin/pages/com...', Array)
#6 /home/acessoho/public_html/codeigniter4/system/CodeIgniter.php(825): App\Controllers\Admin\Company->index()
#7 /home/acessoho/public_html/codeigniter4/system/CodeIgniter.php(412): CodeIgniter\CodeIgniter->runController(Object(App\Controllers\Admin\Company))
#8 /home/acessoho/public_html/codeigniter4/system/CodeIgniter.php(320): CodeIgniter\CodeIgniter->handleRequest(NULL, Object(Config\Cache), false)
#9 /home/acessoho/public_html/codeigniter4/index.php(38): CodeIgniter\CodeIgniter->run()
#10 {main}
CRITICAL - 2022-03-03 08:58:14 --> syntax error, unexpected 'return' (T_RETURN)
#0 /home/acessoho/public_html/codeigniter4/system/Autoloader/Autoloader.php(241): CodeIgniter\Autoloader\Autoloader->includeFile('/home/acessoho/...')
#1 /home/acessoho/public_html/codeigniter4/system/Autoloader/Autoloader.php(219): CodeIgniter\Autoloader\Autoloader->loadInNamespace('App\\Models\\Comp...')
#2 [internal function]: CodeIgniter\Autoloader\Autoloader->loadClass('App\\Models\\Comp...')
#3 /home/acessoho/public_html/codeigniter4/app/Controllers/Admin/Company.php(17): spl_autoload_call('App\\Models\\Comp...')
#4 /home/acessoho/public_html/codeigniter4/system/CodeIgniter.php(802): App\Controllers\Admin\Company->__construct()
#5 /home/acessoho/public_html/codeigniter4/system/CodeIgniter.php(403): CodeIgniter\CodeIgniter->createController()
#6 /home/acessoho/public_html/codeigniter4/system/CodeIgniter.php(320): CodeIgniter\CodeIgniter->handleRequest(NULL, Object(Config\Cache), false)
#7 /home/acessoho/public_html/codeigniter4/index.php(38): CodeIgniter\CodeIgniter->run()
#8 {main}
CRITICAL - 2022-03-03 09:04:53 --> Invalid argument supplied for foreach()
#0 /home/acessoho/public_html/codeigniter4/app/Views/admin/pages/company/company.php(30): CodeIgniter\Debug\Exceptions->errorHandler(2, 'Invalid argumen...', '/home/acessoho/...', 30, Array)
#1 /home/acessoho/public_html/codeigniter4/system/View/View.php(210): include('/home/acessoho/...')
#2 /home/acessoho/public_html/codeigniter4/system/View/View.php(213): CodeIgniter\View\View->CodeIgniter\View\{closure}()
#3 /home/acessoho/public_html/codeigniter4/system/Common.php(1089): CodeIgniter\View\View->render('admin/pages/com...', Array, true)
#4 /home/acessoho/public_html/codeigniter4/app/Controllers/Admin/Company.php(30): view('admin/pages/com...', Array)
#5 /home/acessoho/public_html/codeigniter4/system/CodeIgniter.php(825): App\Controllers\Admin\Company->index()
#6 /home/acessoho/public_html/codeigniter4/system/CodeIgniter.php(412): CodeIgniter\CodeIgniter->runController(Object(App\Controllers\Admin\Company))
#7 /home/acessoho/public_html/codeigniter4/system/CodeIgniter.php(320): CodeIgniter\CodeIgniter->handleRequest(NULL, Object(Config\Cache), false)
#8 /home/acessoho/public_html/codeigniter4/index.php(38): CodeIgniter\CodeIgniter->run()
#9 {main}
ERROR - 2022-03-03 09:46:48 --> Column 'company' cannot be null
CRITICAL - 2022-03-03 09:46:48 --> Column 'company' cannot be null
#0 /home/acessoho/public_html/codeigniter4/system/Database/MySQLi/Connection.php(292): mysqli->query('INSERT INTO `co...', 0)
#1 /home/acessoho/public_html/codeigniter4/system/Database/BaseConnection.php(670): CodeIgniter\Database\MySQLi\Connection->execute('INSERT INTO `co...')
#2 /home/acessoho/public_html/codeigniter4/system/Database/BaseConnection.php(598): CodeIgniter\Database\BaseConnection->simpleQuery('INSERT INTO `co...')
#3 /home/acessoho/public_html/codeigniter4/system/Database/BaseBuilder.php(1771): CodeIgniter\Database\BaseConnection->query('INSERT INTO `co...', Array, false)
#4 /home/acessoho/public_html/codeigniter4/system/Model.php(239): CodeIgniter\Database\BaseBuilder->insert()
#5 /home/acessoho/public_html/codeigniter4/system/BaseModel.php(738): CodeIgniter\Model->doInsert(Array)
#6 /home/acessoho/public_html/codeigniter4/system/Model.php(625): CodeIgniter\BaseModel->insert(Array, false)
#7 /home/acessoho/public_html/codeigniter4/system/BaseModel.php(658): CodeIgniter\Model->insert(Array, false)
#8 /home/acessoho/public_html/codeigniter4/app/Models/CompanyModel.php(17): CodeIgniter\BaseModel->save(Array)
#9 /home/acessoho/public_html/codeigniter4/app/Controllers/Admin/Company.php(46): App\Models\CompanyModel->saveData(Array)
#10 /home/acessoho/public_html/codeigniter4/system/CodeIgniter.php(825): App\Controllers\Admin\Company->store()
#11 /home/acessoho/public_html/codeigniter4/system/CodeIgniter.php(412): CodeIgniter\CodeIgniter->runController(Object(App\Controllers\Admin\Company))
#12 /home/acessoho/public_html/codeigniter4/system/CodeIgniter.php(320): CodeIgniter\CodeIgniter->handleRequest(NULL, Object(Config\Cache), false)
#13 /home/acessoho/public_html/codeigniter4/index.php(38): CodeIgniter\CodeIgniter->run()
#14 {main}
ERROR - 2022-03-03 09:48:36 --> Column 'company' cannot be null
CRITICAL - 2022-03-03 09:48:36 --> Column 'company' cannot be null
#0 /home/acessoho/public_html/codeigniter4/system/Database/MySQLi/Connection.php(292): mysqli->query('INSERT INTO `co...', 0)
#1 /home/acessoho/public_html/codeigniter4/system/Database/BaseConnection.php(670): CodeIgniter\Database\MySQLi\Connection->execute('INSERT INTO `co...')
#2 /home/acessoho/public_html/codeigniter4/system/Database/BaseConnection.php(598): CodeIgniter\Database\BaseConnection->simpleQuery('INSERT INTO `co...')
#3 /home/acessoho/public_html/codeigniter4/system/Database/BaseBuilder.php(1771): CodeIgniter\Database\BaseConnection->query('INSERT INTO `co...', Array, false)
#4 /home/acessoho/public_html/codeigniter4/system/Model.php(239): CodeIgniter\Database\BaseBuilder->insert()
#5 /home/acessoho/public_html/codeigniter4/system/BaseModel.php(738): CodeIgniter\Model->doInsert(Array)
#6 /home/acessoho/public_html/codeigniter4/system/Model.php(625): CodeIgniter\BaseModel->insert(Array, false)
#7 /home/acessoho/public_html/codeigniter4/system/BaseModel.php(658): CodeIgniter\Model->insert(Array, false)
#8 /home/acessoho/public_html/codeigniter4/app/Models/CompanyModel.php(17): CodeIgniter\BaseModel->save(Array)
#9 /home/acessoho/public_html/codeigniter4/app/Controllers/Admin/Company.php(46): App\Models\CompanyModel->saveData(Array)
#10 /home/acessoho/public_html/codeigniter4/system/CodeIgniter.php(825): App\Controllers\Admin\Company->store()
#11 /home/acessoho/public_html/codeigniter4/system/CodeIgniter.php(412): CodeIgniter\CodeIgniter->runController(Object(App\Controllers\Admin\Company))
#12 /home/acessoho/public_html/codeigniter4/system/CodeIgniter.php(320): CodeIgniter\CodeIgniter->handleRequest(NULL, Object(Config\Cache), false)
#13 /home/acessoho/public_html/codeigniter4/index.php(38): CodeIgniter\CodeIgniter->run()
#14 {main}
ERROR - 2022-03-03 09:49:18 --> Column 'contact' cannot be null
CRITICAL - 2022-03-03 09:49:18 --> Column 'contact' cannot be null
#0 /home/acessoho/public_html/codeigniter4/system/Database/MySQLi/Connection.php(292): mysqli->query('INSERT INTO `co...', 0)
#1 /home/acessoho/public_html/codeigniter4/system/Database/BaseConnection.php(670): CodeIgniter\Database\MySQLi\Connection->execute('INSERT INTO `co...')
#2 /home/acessoho/public_html/codeigniter4/system/Database/BaseConnection.php(598): CodeIgniter\Database\BaseConnection->simpleQuery('INSERT INTO `co...')
#3 /home/acessoho/public_html/codeigniter4/system/Database/BaseBuilder.php(1771): CodeIgniter\Database\BaseConnection->query('INSERT INTO `co...', Array, false)
#4 /home/acessoho/public_html/codeigniter4/system/Model.php(239): CodeIgniter\Database\BaseBuilder->insert()
#5 /home/acessoho/public_html/codeigniter4/system/BaseModel.php(738): CodeIgniter\Model->doInsert(Array)
#6 /home/acessoho/public_html/codeigniter4/system/Model.php(625): CodeIgniter\BaseModel->insert(Array, false)
#7 /home/acessoho/public_html/codeigniter4/system/BaseModel.php(658): CodeIgniter\Model->insert(Array, false)
#8 /home/acessoho/public_html/codeigniter4/app/Models/ContactModel.php(17): CodeIgniter\BaseModel->save(Array)
#9 /home/acessoho/public_html/codeigniter4/app/Controllers/Admin/Company.php(55): App\Models\ContactModel->saveData(Array)
#10 /home/acessoho/public_html/codeigniter4/system/CodeIgniter.php(825): App\Controllers\Admin\Company->store()
#11 /home/acessoho/public_html/codeigniter4/system/CodeIgniter.php(412): CodeIgniter\CodeIgniter->runController(Object(App\Controllers\Admin\Company))
#12 /home/acessoho/public_html/codeigniter4/system/CodeIgniter.php(320): CodeIgniter\CodeIgniter->handleRequest(NULL, Object(Config\Cache), false)
#13 /home/acessoho/public_html/codeigniter4/index.php(38): CodeIgniter\CodeIgniter->run()
#14 {main}
ERROR - 2022-03-03 09:50:01 --> Column 'contact' cannot be null
CRITICAL - 2022-03-03 09:50:01 --> Column 'contact' cannot be null
#0 /home/acessoho/public_html/codeigniter4/system/Database/MySQLi/Connection.php(292): mysqli->query('INSERT INTO `co...', 0)
#1 /home/acessoho/public_html/codeigniter4/system/Database/BaseConnection.php(670): CodeIgniter\Database\MySQLi\Connection->execute('INSERT INTO `co...')
#2 /home/acessoho/public_html/codeigniter4/system/Database/BaseConnection.php(598): CodeIgniter\Database\BaseConnection->simpleQuery('INSERT INTO `co...')
#3 /home/acessoho/public_html/codeigniter4/system/Database/BaseBuilder.php(1771): CodeIgniter\Database\BaseConnection->query('INSERT INTO `co...', Array, false)
#4 /home/acessoho/public_html/codeigniter4/system/Model.php(239): CodeIgniter\Database\BaseBuilder->insert()
#5 /home/acessoho/public_html/codeigniter4/system/BaseModel.php(738): CodeIgniter\Model->doInsert(Array)
#6 /home/acessoho/public_html/codeigniter4/system/Model.php(625): CodeIgniter\BaseModel->insert(Array, false)
#7 /home/acessoho/public_html/codeigniter4/system/BaseModel.php(658): CodeIgniter\Model->insert(Array, false)
#8 /home/acessoho/public_html/codeigniter4/app/Models/ContactModel.php(17): CodeIgniter\BaseModel->save(Array)
#9 /home/acessoho/public_html/codeigniter4/app/Controllers/Admin/Company.php(55): App\Models\ContactModel->saveData(Array)
#10 /home/acessoho/public_html/codeigniter4/system/CodeIgniter.php(825): App\Controllers\Admin\Company->store()
#11 /home/acessoho/public_html/codeigniter4/system/CodeIgniter.php(412): CodeIgniter\CodeIgniter->runController(Object(App\Controllers\Admin\Company))
#12 /home/acessoho/public_html/codeigniter4/system/CodeIgniter.php(320): CodeIgniter\CodeIgniter->handleRequest(NULL, Object(Config\Cache), false)
#13 /home/acessoho/public_html/codeigniter4/index.php(38): CodeIgniter\CodeIgniter->run()
#14 {main}
CRITICAL - 2022-03-03 10:07:34 --> Array to string conversion
#0 /home/acessoho/public_html/codeigniter4/app/Views/admin/pages/company/company.php(35): CodeIgniter\Debug\Exceptions->errorHandler(8, 'Array to string...', '/home/acessoho/...', 35, Array)
#1 /home/acessoho/public_html/codeigniter4/system/View/View.php(210): include('/home/acessoho/...')
#2 /home/acessoho/public_html/codeigniter4/system/View/View.php(213): CodeIgniter\View\View->CodeIgniter\View\{closure}()
#3 /home/acessoho/public_html/codeigniter4/system/Common.php(1089): CodeIgniter\View\View->render('admin/pages/com...', Array, true)
#4 /home/acessoho/public_html/codeigniter4/app/Controllers/Admin/Company.php(30): view('admin/pages/com...', Array)
#5 /home/acessoho/public_html/codeigniter4/system/CodeIgniter.php(825): App\Controllers\Admin\Company->index()
#6 /home/acessoho/public_html/codeigniter4/system/CodeIgniter.php(412): CodeIgniter\CodeIgniter->runController(Object(App\Controllers\Admin\Company))
#7 /home/acessoho/public_html/codeigniter4/system/CodeIgniter.php(320): CodeIgniter\CodeIgniter->handleRequest(NULL, Object(Config\Cache), false)
#8 /home/acessoho/public_html/codeigniter4/index.php(38): CodeIgniter\CodeIgniter->run()
#9 {main}
CRITICAL - 2022-03-03 10:08:53 --> Array to string conversion
#0 /home/acessoho/public_html/codeigniter4/app/Views/admin/pages/company/company.php(35): CodeIgniter\Debug\Exceptions->errorHandler(8, 'Array to string...', '/home/acessoho/...', 35, Array)
#1 /home/acessoho/public_html/codeigniter4/system/View/View.php(210): include('/home/acessoho/...')
#2 /home/acessoho/public_html/codeigniter4/system/View/View.php(213): CodeIgniter\View\View->CodeIgniter\View\{closure}()
#3 /home/acessoho/public_html/codeigniter4/system/Common.php(1089): CodeIgniter\View\View->render('admin/pages/com...', Array, true)
#4 /home/acessoho/public_html/codeigniter4/app/Controllers/Admin/Company.php(30): view('admin/pages/com...', Array)
#5 /home/acessoho/public_html/codeigniter4/system/CodeIgniter.php(825): App\Controllers\Admin\Company->index()
#6 /home/acessoho/public_html/codeigniter4/system/CodeIgniter.php(412): CodeIgniter\CodeIgniter->runController(Object(App\Controllers\Admin\Company))
#7 /home/acessoho/public_html/codeigniter4/system/CodeIgniter.php(320): CodeIgniter\CodeIgniter->handleRequest(NULL, Object(Config\Cache), false)
#8 /home/acessoho/public_html/codeigniter4/index.php(38): CodeIgniter\CodeIgniter->run()
#9 {main}
CRITICAL - 2022-03-03 10:32:24 --> Undefined variable: msg
#0 /home/acessoho/public_html/codeigniter4/app/Views/admin/pages/users/usuarios.php(14): CodeIgniter\Debug\Exceptions->errorHandler(8, 'Undefined varia...', '/home/acessoho/...', 14, Array)
#1 /home/acessoho/public_html/codeigniter4/system/View/View.php(210): include('/home/acessoho/...')
#2 /home/acessoho/public_html/codeigniter4/system/View/View.php(213): CodeIgniter\View\View->CodeIgniter\View\{closure}()
#3 /home/acessoho/public_html/codeigniter4/system/Common.php(1089): CodeIgniter\View\View->render('admin/pages/use...', Array, true)
#4 /home/acessoho/public_html/codeigniter4/app/Controllers/Admin/Usuarios.php(29): view('admin/pages/use...', Array)
#5 /home/acessoho/public_html/codeigniter4/system/CodeIgniter.php(825): App\Controllers\Admin\Usuarios->index()
#6 /home/acessoho/public_html/codeigniter4/system/CodeIgniter.php(412): CodeIgniter\CodeIgniter->runController(Object(App\Controllers\Admin\Usuarios))
#7 /home/acessoho/public_html/codeigniter4/system/CodeIgniter.php(320): CodeIgniter\CodeIgniter->handleRequest(NULL, Object(Config\Cache), false)
#8 /home/acessoho/public_html/codeigniter4/index.php(38): CodeIgniter\CodeIgniter->run()
#9 {main}
CRITICAL - 2022-03-03 10:37:29 --> Argument 2 passed to anchor() must be of the type string, array given, called in /home/acessoho/public_html/codeigniter4/app/Views/admin/pages/users/usuarios.php on line 31
#0 /home/acessoho/public_html/codeigniter4/app/Views/admin/pages/users/usuarios.php(31): anchor('https://acessoh...', Array)
#1 /home/acessoho/public_html/codeigniter4/system/View/View.php(210): include('/home/acessoho/...')
#2 /home/acessoho/public_html/codeigniter4/system/View/View.php(213): CodeIgniter\View\View->CodeIgniter\View\{closure}()
#3 /home/acessoho/public_html/codeigniter4/system/Common.php(1089): CodeIgniter\View\View->render('admin/pages/use...', Array, true)
#4 /home/acessoho/public_html/codeigniter4/app/Controllers/Admin/Usuarios.php(29): view('admin/pages/use...', Array)
#5 /home/acessoho/public_html/codeigniter4/system/CodeIgniter.php(825): App\Controllers\Admin\Usuarios->index()
#6 /home/acessoho/public_html/codeigniter4/system/CodeIgniter.php(412): CodeIgniter\CodeIgniter->runController(Object(App\Controllers\Admin\Usuarios))
#7 /home/acessoho/public_html/codeigniter4/system/CodeIgniter.php(320): CodeIgniter\CodeIgniter->handleRequest(NULL, Object(Config\Cache), false)
#8 /home/acessoho/public_html/codeigniter4/index.php(38): CodeIgniter\CodeIgniter->run()
#9 {main}
