CRITICAL - 2022-02-28 17:59:52 --> Undefined variable: status
#0 /home/acessoho/public_html/codeigniter4/app/Views/admin/pages/services/services.php(39): CodeIgniter\Debug\Exceptions->errorHandler(8, 'Undefined varia...', '/home/acessoho/...', 39, Array)
#1 /home/acessoho/public_html/codeigniter4/system/View/View.php(210): include('/home/acessoho/...')
#2 /home/acessoho/public_html/codeigniter4/system/View/View.php(213): CodeIgniter\View\View->CodeIgniter\View\{closure}()
#3 /home/acessoho/public_html/codeigniter4/system/Common.php(1089): CodeIgniter\View\View->render('admin/pages/ser...', Array, true)
#4 /home/acessoho/public_html/codeigniter4/app/Controllers/Admin/Services.php(36): view('admin/pages/ser...', Array)
#5 /home/acessoho/public_html/codeigniter4/system/CodeIgniter.php(825): App\Controllers\Admin\Services->index()
#6 /home/acessoho/public_html/codeigniter4/system/CodeIgniter.php(412): CodeIgniter\CodeIgniter->runController(Object(App\Controllers\Admin\Services))
#7 /home/acessoho/public_html/codeigniter4/system/CodeIgniter.php(320): CodeIgniter\CodeIgniter->handleRequest(NULL, Object(Config\Cache), false)
#8 /home/acessoho/public_html/codeigniter4/index.php(38): CodeIgniter\CodeIgniter->run()
#9 {main}
ERROR - 2022-02-28 18:35:05 --> Unknown column 'services.deleted_at' in 'where clause'
CRITICAL - 2022-02-28 18:35:05 --> Unknown column 'services.deleted_at' in 'where clause'
#0 /home/acessoho/public_html/codeigniter4/system/Database/MySQLi/Connection.php(292): mysqli->query('SELECT COUNT(*)...', 0)
#1 /home/acessoho/public_html/codeigniter4/system/Database/BaseConnection.php(670): CodeIgniter\Database\MySQLi\Connection->execute('SELECT COUNT(*)...')
#2 /home/acessoho/public_html/codeigniter4/system/Database/BaseConnection.php(598): CodeIgniter\Database\BaseConnection->simpleQuery('SELECT COUNT(*)...')
#3 /home/acessoho/public_html/codeigniter4/system/Database/BaseBuilder.php(1539): CodeIgniter\Database\BaseConnection->query('SELECT COUNT(*)...', Array, false)
#4 /home/acessoho/public_html/codeigniter4/system/Model.php(509): CodeIgniter\Database\BaseBuilder->countAllResults(false)
#5 /home/acessoho/public_html/codeigniter4/system/BaseModel.php(1084): CodeIgniter\Model->countAllResults(false)
#6 /home/acessoho/public_html/codeigniter4/app/Controllers/Admin/Services.php(35): CodeIgniter\BaseModel->paginate(10)
#7 /home/acessoho/public_html/codeigniter4/system/CodeIgniter.php(825): App\Controllers\Admin\Services->index()
#8 /home/acessoho/public_html/codeigniter4/system/CodeIgniter.php(412): CodeIgniter\CodeIgniter->runController(Object(App\Controllers\Admin\Services))
#9 /home/acessoho/public_html/codeigniter4/system/CodeIgniter.php(320): CodeIgniter\CodeIgniter->handleRequest(NULL, Object(Config\Cache), false)
#10 /home/acessoho/public_html/codeigniter4/index.php(38): CodeIgniter\CodeIgniter->run()
#11 {main}
ERROR - 2022-02-28 18:46:09 --> Unknown column 'services.deleted_at' in 'where clause'
CRITICAL - 2022-02-28 18:46:09 --> Unknown column 'services.deleted_at' in 'where clause'
#0 /home/acessoho/public_html/codeigniter4/system/Database/MySQLi/Connection.php(292): mysqli->query('SELECT COUNT(*)...', 0)
#1 /home/acessoho/public_html/codeigniter4/system/Database/BaseConnection.php(670): CodeIgniter\Database\MySQLi\Connection->execute('SELECT COUNT(*)...')
#2 /home/acessoho/public_html/codeigniter4/system/Database/BaseConnection.php(598): CodeIgniter\Database\BaseConnection->simpleQuery('SELECT COUNT(*)...')
#3 /home/acessoho/public_html/codeigniter4/system/Database/BaseBuilder.php(1539): CodeIgniter\Database\BaseConnection->query('SELECT COUNT(*)...', Array, false)
#4 /home/acessoho/public_html/codeigniter4/system/Model.php(509): CodeIgniter\Database\BaseBuilder->countAllResults(false)
#5 /home/acessoho/public_html/codeigniter4/system/BaseModel.php(1084): CodeIgniter\Model->countAllResults(false)
#6 /home/acessoho/public_html/codeigniter4/app/Controllers/Admin/Services.php(35): CodeIgniter\BaseModel->paginate(10)
#7 /home/acessoho/public_html/codeigniter4/system/CodeIgniter.php(825): App\Controllers\Admin\Services->index()
#8 /home/acessoho/public_html/codeigniter4/system/CodeIgniter.php(412): CodeIgniter\CodeIgniter->runController(Object(App\Controllers\Admin\Services))
#9 /home/acessoho/public_html/codeigniter4/system/CodeIgniter.php(320): CodeIgniter\CodeIgniter->handleRequest(NULL, Object(Config\Cache), false)
#10 /home/acessoho/public_html/codeigniter4/index.php(38): CodeIgniter\CodeIgniter->run()
#11 {main}
ERROR - 2022-02-28 18:48:34 --> Unknown column 'services.deleted_at' in 'where clause'
CRITICAL - 2022-02-28 18:48:34 --> Unknown column 'services.deleted_at' in 'where clause'
#0 /home/acessoho/public_html/codeigniter4/system/Database/MySQLi/Connection.php(292): mysqli->query('SELECT COUNT(*)...', 0)
#1 /home/acessoho/public_html/codeigniter4/system/Database/BaseConnection.php(670): CodeIgniter\Database\MySQLi\Connection->execute('SELECT COUNT(*)...')
#2 /home/acessoho/public_html/codeigniter4/system/Database/BaseConnection.php(598): CodeIgniter\Database\BaseConnection->simpleQuery('SELECT COUNT(*)...')
#3 /home/acessoho/public_html/codeigniter4/system/Database/BaseBuilder.php(1539): CodeIgniter\Database\BaseConnection->query('SELECT COUNT(*)...', Array, false)
#4 /home/acessoho/public_html/codeigniter4/system/Model.php(509): CodeIgniter\Database\BaseBuilder->countAllResults(false)
#5 /home/acessoho/public_html/codeigniter4/system/BaseModel.php(1084): CodeIgniter\Model->countAllResults(false)
#6 /home/acessoho/public_html/codeigniter4/app/Controllers/Admin/Services.php(35): CodeIgniter\BaseModel->paginate(10)
#7 /home/acessoho/public_html/codeigniter4/system/CodeIgniter.php(825): App\Controllers\Admin\Services->index()
#8 /home/acessoho/public_html/codeigniter4/system/CodeIgniter.php(412): CodeIgniter\CodeIgniter->runController(Object(App\Controllers\Admin\Services))
#9 /home/acessoho/public_html/codeigniter4/system/CodeIgniter.php(320): CodeIgniter\CodeIgniter->handleRequest(NULL, Object(Config\Cache), false)
#10 /home/acessoho/public_html/codeigniter4/index.php(38): CodeIgniter\CodeIgniter->run()
#11 {main}
ERROR - 2022-02-28 18:49:53 --> Unknown column 'services.deleted_at' in 'where clause'
CRITICAL - 2022-02-28 18:49:53 --> Unknown column 'services.deleted_at' in 'where clause'
#0 /home/acessoho/public_html/codeigniter4/system/Database/MySQLi/Connection.php(292): mysqli->query('SELECT COUNT(*)...', 0)
#1 /home/acessoho/public_html/codeigniter4/system/Database/BaseConnection.php(670): CodeIgniter\Database\MySQLi\Connection->execute('SELECT COUNT(*)...')
#2 /home/acessoho/public_html/codeigniter4/system/Database/BaseConnection.php(598): CodeIgniter\Database\BaseConnection->simpleQuery('SELECT COUNT(*)...')
#3 /home/acessoho/public_html/codeigniter4/system/Database/BaseBuilder.php(1539): CodeIgniter\Database\BaseConnection->query('SELECT COUNT(*)...', Array, false)
#4 /home/acessoho/public_html/codeigniter4/system/Model.php(509): CodeIgniter\Database\BaseBuilder->countAllResults(false)
#5 /home/acessoho/public_html/codeigniter4/system/BaseModel.php(1084): CodeIgniter\Model->countAllResults(false)
#6 /home/acessoho/public_html/codeigniter4/app/Controllers/Admin/Services.php(35): CodeIgniter\BaseModel->paginate(10)
#7 /home/acessoho/public_html/codeigniter4/system/CodeIgniter.php(825): App\Controllers\Admin\Services->index()
#8 /home/acessoho/public_html/codeigniter4/system/CodeIgniter.php(412): CodeIgniter\CodeIgniter->runController(Object(App\Controllers\Admin\Services))
#9 /home/acessoho/public_html/codeigniter4/system/CodeIgniter.php(320): CodeIgniter\CodeIgniter->handleRequest(NULL, Object(Config\Cache), false)
#10 /home/acessoho/public_html/codeigniter4/index.php(38): CodeIgniter\CodeIgniter->run()
#11 {main}
ERROR - 2022-02-28 18:53:26 --> Unknown column 'services.deleted_at' in 'where clause'
CRITICAL - 2022-02-28 18:53:26 --> Unknown column 'services.deleted_at' in 'where clause'
#0 /home/acessoho/public_html/codeigniter4/system/Database/MySQLi/Connection.php(292): mysqli->query('SELECT COUNT(*)...', 0)
#1 /home/acessoho/public_html/codeigniter4/system/Database/BaseConnection.php(670): CodeIgniter\Database\MySQLi\Connection->execute('SELECT COUNT(*)...')
#2 /home/acessoho/public_html/codeigniter4/system/Database/BaseConnection.php(598): CodeIgniter\Database\BaseConnection->simpleQuery('SELECT COUNT(*)...')
#3 /home/acessoho/public_html/codeigniter4/system/Database/BaseBuilder.php(1539): CodeIgniter\Database\BaseConnection->query('SELECT COUNT(*)...', Array, false)
#4 /home/acessoho/public_html/codeigniter4/system/Model.php(509): CodeIgniter\Database\BaseBuilder->countAllResults(false)
#5 /home/acessoho/public_html/codeigniter4/system/BaseModel.php(1084): CodeIgniter\Model->countAllResults(false)
#6 /home/acessoho/public_html/codeigniter4/app/Controllers/Admin/Services.php(35): CodeIgniter\BaseModel->paginate(10)
#7 /home/acessoho/public_html/codeigniter4/system/CodeIgniter.php(825): App\Controllers\Admin\Services->index()
#8 /home/acessoho/public_html/codeigniter4/system/CodeIgniter.php(412): CodeIgniter\CodeIgniter->runController(Object(App\Controllers\Admin\Services))
#9 /home/acessoho/public_html/codeigniter4/system/CodeIgniter.php(320): CodeIgniter\CodeIgniter->handleRequest(NULL, Object(Config\Cache), false)
#10 /home/acessoho/public_html/codeigniter4/index.php(38): CodeIgniter\CodeIgniter->run()
#11 {main}
ERROR - 2022-02-28 18:54:03 --> Unknown column 'services.deleted_at' in 'where clause'
CRITICAL - 2022-02-28 18:54:03 --> Unknown column 'services.deleted_at' in 'where clause'
#0 /home/acessoho/public_html/codeigniter4/system/Database/MySQLi/Connection.php(292): mysqli->query('SELECT COUNT(*)...', 0)
#1 /home/acessoho/public_html/codeigniter4/system/Database/BaseConnection.php(670): CodeIgniter\Database\MySQLi\Connection->execute('SELECT COUNT(*)...')
#2 /home/acessoho/public_html/codeigniter4/system/Database/BaseConnection.php(598): CodeIgniter\Database\BaseConnection->simpleQuery('SELECT COUNT(*)...')
#3 /home/acessoho/public_html/codeigniter4/system/Database/BaseBuilder.php(1539): CodeIgniter\Database\BaseConnection->query('SELECT COUNT(*)...', Array, false)
#4 /home/acessoho/public_html/codeigniter4/system/Model.php(509): CodeIgniter\Database\BaseBuilder->countAllResults(false)
#5 /home/acessoho/public_html/codeigniter4/system/BaseModel.php(1084): CodeIgniter\Model->countAllResults(false)
#6 /home/acessoho/public_html/codeigniter4/app/Controllers/Admin/Services.php(35): CodeIgniter\BaseModel->paginate(10)
#7 /home/acessoho/public_html/codeigniter4/system/CodeIgniter.php(825): App\Controllers\Admin\Services->index()
#8 /home/acessoho/public_html/codeigniter4/system/CodeIgniter.php(412): CodeIgniter\CodeIgniter->runController(Object(App\Controllers\Admin\Services))
#9 /home/acessoho/public_html/codeigniter4/system/CodeIgniter.php(320): CodeIgniter\CodeIgniter->handleRequest(NULL, Object(Config\Cache), false)
#10 /home/acessoho/public_html/codeigniter4/index.php(38): CodeIgniter\CodeIgniter->run()
#11 {main}
CRITICAL - 2022-02-28 18:54:19 --> Undefined variable: name
#0 /home/acessoho/public_html/codeigniter4/app/Views/admin/pages/services/services.php(51): CodeIgniter\Debug\Exceptions->errorHandler(8, 'Undefined varia...', '/home/acessoho/...', 51, Array)
#1 /home/acessoho/public_html/codeigniter4/system/View/View.php(210): include('/home/acessoho/...')
#2 /home/acessoho/public_html/codeigniter4/system/View/View.php(213): CodeIgniter\View\View->CodeIgniter\View\{closure}()
#3 /home/acessoho/public_html/codeigniter4/system/Common.php(1089): CodeIgniter\View\View->render('admin/pages/ser...', Array, true)
#4 /home/acessoho/public_html/codeigniter4/app/Controllers/Admin/Services.php(36): view('admin/pages/ser...', Array)
#5 /home/acessoho/public_html/codeigniter4/system/CodeIgniter.php(825): App\Controllers\Admin\Services->index()
#6 /home/acessoho/public_html/codeigniter4/system/CodeIgniter.php(412): CodeIgniter\CodeIgniter->runController(Object(App\Controllers\Admin\Services))
#7 /home/acessoho/public_html/codeigniter4/system/CodeIgniter.php(320): CodeIgniter\CodeIgniter->handleRequest(NULL, Object(Config\Cache), false)
#8 /home/acessoho/public_html/codeigniter4/index.php(38): CodeIgniter\CodeIgniter->run()
#9 {main}
CRITICAL - 2022-02-28 18:54:28 --> Undefined variable: name
#0 /home/acessoho/public_html/codeigniter4/app/Views/admin/pages/services/services.php(51): CodeIgniter\Debug\Exceptions->errorHandler(8, 'Undefined varia...', '/home/acessoho/...', 51, Array)
#1 /home/acessoho/public_html/codeigniter4/system/View/View.php(210): include('/home/acessoho/...')
#2 /home/acessoho/public_html/codeigniter4/system/View/View.php(213): CodeIgniter\View\View->CodeIgniter\View\{closure}()
#3 /home/acessoho/public_html/codeigniter4/system/Common.php(1089): CodeIgniter\View\View->render('admin/pages/ser...', Array, true)
#4 /home/acessoho/public_html/codeigniter4/app/Controllers/Admin/Services.php(36): view('admin/pages/ser...', Array)
#5 /home/acessoho/public_html/codeigniter4/system/CodeIgniter.php(825): App\Controllers\Admin\Services->index()
#6 /home/acessoho/public_html/codeigniter4/system/CodeIgniter.php(412): CodeIgniter\CodeIgniter->runController(Object(App\Controllers\Admin\Services))
#7 /home/acessoho/public_html/codeigniter4/system/CodeIgniter.php(320): CodeIgniter\CodeIgniter->handleRequest(NULL, Object(Config\Cache), false)
#8 /home/acessoho/public_html/codeigniter4/index.php(38): CodeIgniter\CodeIgniter->run()
#9 {main}
CRITICAL - 2022-02-28 18:54:43 --> Undefined variable: name
#0 /home/acessoho/public_html/codeigniter4/app/Views/admin/pages/services/services.php(51): CodeIgniter\Debug\Exceptions->errorHandler(8, 'Undefined varia...', '/home/acessoho/...', 51, Array)
#1 /home/acessoho/public_html/codeigniter4/system/View/View.php(210): include('/home/acessoho/...')
#2 /home/acessoho/public_html/codeigniter4/system/View/View.php(213): CodeIgniter\View\View->CodeIgniter\View\{closure}()
#3 /home/acessoho/public_html/codeigniter4/system/Common.php(1089): CodeIgniter\View\View->render('admin/pages/ser...', Array, true)
#4 /home/acessoho/public_html/codeigniter4/app/Controllers/Admin/Services.php(36): view('admin/pages/ser...', Array)
#5 /home/acessoho/public_html/codeigniter4/system/CodeIgniter.php(825): App\Controllers\Admin\Services->index()
#6 /home/acessoho/public_html/codeigniter4/system/CodeIgniter.php(412): CodeIgniter\CodeIgniter->runController(Object(App\Controllers\Admin\Services))
#7 /home/acessoho/public_html/codeigniter4/system/CodeIgniter.php(320): CodeIgniter\CodeIgniter->handleRequest(NULL, Object(Config\Cache), false)
#8 /home/acessoho/public_html/codeigniter4/index.php(38): CodeIgniter\CodeIgniter->run()
#9 {main}
ERROR - 2022-02-28 18:55:06 --> Unknown column 'services.deleted_at' in 'where clause'
CRITICAL - 2022-02-28 18:55:06 --> Unknown column 'services.deleted_at' in 'where clause'
#0 /home/acessoho/public_html/codeigniter4/system/Database/MySQLi/Connection.php(292): mysqli->query('SELECT COUNT(*)...', 0)
#1 /home/acessoho/public_html/codeigniter4/system/Database/BaseConnection.php(670): CodeIgniter\Database\MySQLi\Connection->execute('SELECT COUNT(*)...')
#2 /home/acessoho/public_html/codeigniter4/system/Database/BaseConnection.php(598): CodeIgniter\Database\BaseConnection->simpleQuery('SELECT COUNT(*)...')
#3 /home/acessoho/public_html/codeigniter4/system/Database/BaseBuilder.php(1539): CodeIgniter\Database\BaseConnection->query('SELECT COUNT(*)...', Array, false)
#4 /home/acessoho/public_html/codeigniter4/system/Model.php(509): CodeIgniter\Database\BaseBuilder->countAllResults(false)
#5 /home/acessoho/public_html/codeigniter4/system/BaseModel.php(1084): CodeIgniter\Model->countAllResults(false)
#6 /home/acessoho/public_html/codeigniter4/app/Controllers/Admin/Services.php(35): CodeIgniter\BaseModel->paginate(10)
#7 /home/acessoho/public_html/codeigniter4/system/CodeIgniter.php(825): App\Controllers\Admin\Services->index()
#8 /home/acessoho/public_html/codeigniter4/system/CodeIgniter.php(412): CodeIgniter\CodeIgniter->runController(Object(App\Controllers\Admin\Services))
#9 /home/acessoho/public_html/codeigniter4/system/CodeIgniter.php(320): CodeIgniter\CodeIgniter->handleRequest(NULL, Object(Config\Cache), false)
#10 /home/acessoho/public_html/codeigniter4/index.php(38): CodeIgniter\CodeIgniter->run()
#11 {main}
ERROR - 2022-02-28 18:55:31 --> Unknown column 'services.deleted_at' in 'where clause'
CRITICAL - 2022-02-28 18:55:31 --> Unknown column 'services.deleted_at' in 'where clause'
#0 /home/acessoho/public_html/codeigniter4/system/Database/MySQLi/Connection.php(292): mysqli->query('SELECT COUNT(*)...', 0)
#1 /home/acessoho/public_html/codeigniter4/system/Database/BaseConnection.php(670): CodeIgniter\Database\MySQLi\Connection->execute('SELECT COUNT(*)...')
#2 /home/acessoho/public_html/codeigniter4/system/Database/BaseConnection.php(598): CodeIgniter\Database\BaseConnection->simpleQuery('SELECT COUNT(*)...')
#3 /home/acessoho/public_html/codeigniter4/system/Database/BaseBuilder.php(1539): CodeIgniter\Database\BaseConnection->query('SELECT COUNT(*)...', Array, false)
#4 /home/acessoho/public_html/codeigniter4/system/Model.php(509): CodeIgniter\Database\BaseBuilder->countAllResults(false)
#5 /home/acessoho/public_html/codeigniter4/system/BaseModel.php(1084): CodeIgniter\Model->countAllResults(false)
#6 /home/acessoho/public_html/codeigniter4/app/Controllers/Admin/Services.php(35): CodeIgniter\BaseModel->paginate(10)
#7 /home/acessoho/public_html/codeigniter4/system/CodeIgniter.php(825): App\Controllers\Admin\Services->index()
#8 /home/acessoho/public_html/codeigniter4/system/CodeIgniter.php(412): CodeIgniter\CodeIgniter->runController(Object(App\Controllers\Admin\Services))
#9 /home/acessoho/public_html/codeigniter4/system/CodeIgniter.php(320): CodeIgniter\CodeIgniter->handleRequest(NULL, Object(Config\Cache), false)
#10 /home/acessoho/public_html/codeigniter4/index.php(38): CodeIgniter\CodeIgniter->run()
#11 {main}
ERROR - 2022-02-28 18:56:15 --> Unknown column 'services.deleted_at' in 'where clause'
CRITICAL - 2022-02-28 18:56:15 --> Unknown column 'services.deleted_at' in 'where clause'
#0 /home/acessoho/public_html/codeigniter4/system/Database/MySQLi/Connection.php(292): mysqli->query('SELECT COUNT(*)...', 0)
#1 /home/acessoho/public_html/codeigniter4/system/Database/BaseConnection.php(670): CodeIgniter\Database\MySQLi\Connection->execute('SELECT COUNT(*)...')
#2 /home/acessoho/public_html/codeigniter4/system/Database/BaseConnection.php(598): CodeIgniter\Database\BaseConnection->simpleQuery('SELECT COUNT(*)...')
#3 /home/acessoho/public_html/codeigniter4/system/Database/BaseBuilder.php(1539): CodeIgniter\Database\BaseConnection->query('SELECT COUNT(*)...', Array, false)
#4 /home/acessoho/public_html/codeigniter4/system/Model.php(509): CodeIgniter\Database\BaseBuilder->countAllResults(false)
#5 /home/acessoho/public_html/codeigniter4/system/BaseModel.php(1084): CodeIgniter\Model->countAllResults(false)
#6 /home/acessoho/public_html/codeigniter4/app/Controllers/Admin/Services.php(35): CodeIgniter\BaseModel->paginate(10)
#7 /home/acessoho/public_html/codeigniter4/system/CodeIgniter.php(825): App\Controllers\Admin\Services->index()
#8 /home/acessoho/public_html/codeigniter4/system/CodeIgniter.php(412): CodeIgniter\CodeIgniter->runController(Object(App\Controllers\Admin\Services))
#9 /home/acessoho/public_html/codeigniter4/system/CodeIgniter.php(320): CodeIgniter\CodeIgniter->handleRequest(NULL, Object(Config\Cache), false)
#10 /home/acessoho/public_html/codeigniter4/index.php(38): CodeIgniter\CodeIgniter->run()
#11 {main}
ERROR - 2022-02-28 18:56:50 --> Unknown column 'services.deleted_at' in 'where clause'
CRITICAL - 2022-02-28 18:56:50 --> Unknown column 'services.deleted_at' in 'where clause'
#0 /home/acessoho/public_html/codeigniter4/system/Database/MySQLi/Connection.php(292): mysqli->query('SELECT COUNT(*)...', 0)
#1 /home/acessoho/public_html/codeigniter4/system/Database/BaseConnection.php(670): CodeIgniter\Database\MySQLi\Connection->execute('SELECT COUNT(*)...')
#2 /home/acessoho/public_html/codeigniter4/system/Database/BaseConnection.php(598): CodeIgniter\Database\BaseConnection->simpleQuery('SELECT COUNT(*)...')
#3 /home/acessoho/public_html/codeigniter4/system/Database/BaseBuilder.php(1539): CodeIgniter\Database\BaseConnection->query('SELECT COUNT(*)...', Array, false)
#4 /home/acessoho/public_html/codeigniter4/system/Model.php(509): CodeIgniter\Database\BaseBuilder->countAllResults(false)
#5 /home/acessoho/public_html/codeigniter4/system/BaseModel.php(1084): CodeIgniter\Model->countAllResults(false)
#6 /home/acessoho/public_html/codeigniter4/app/Controllers/Admin/Services.php(35): CodeIgniter\BaseModel->paginate(10)
#7 /home/acessoho/public_html/codeigniter4/system/CodeIgniter.php(825): App\Controllers\Admin\Services->index()
#8 /home/acessoho/public_html/codeigniter4/system/CodeIgniter.php(412): CodeIgniter\CodeIgniter->runController(Object(App\Controllers\Admin\Services))
#9 /home/acessoho/public_html/codeigniter4/system/CodeIgniter.php(320): CodeIgniter\CodeIgniter->handleRequest(NULL, Object(Config\Cache), false)
#10 /home/acessoho/public_html/codeigniter4/index.php(38): CodeIgniter\CodeIgniter->run()
#11 {main}
ERROR - 2022-02-28 18:57:25 --> Unknown column 'services.deleted_at' in 'where clause'
CRITICAL - 2022-02-28 18:57:25 --> Unknown column 'services.deleted_at' in 'where clause'
#0 /home/acessoho/public_html/codeigniter4/system/Database/MySQLi/Connection.php(292): mysqli->query('SELECT COUNT(*)...', 0)
#1 /home/acessoho/public_html/codeigniter4/system/Database/BaseConnection.php(670): CodeIgniter\Database\MySQLi\Connection->execute('SELECT COUNT(*)...')
#2 /home/acessoho/public_html/codeigniter4/system/Database/BaseConnection.php(598): CodeIgniter\Database\BaseConnection->simpleQuery('SELECT COUNT(*)...')
#3 /home/acessoho/public_html/codeigniter4/system/Database/BaseBuilder.php(1539): CodeIgniter\Database\BaseConnection->query('SELECT COUNT(*)...', Array, false)
#4 /home/acessoho/public_html/codeigniter4/system/Model.php(509): CodeIgniter\Database\BaseBuilder->countAllResults(false)
#5 /home/acessoho/public_html/codeigniter4/system/BaseModel.php(1084): CodeIgniter\Model->countAllResults(false)
#6 /home/acessoho/public_html/codeigniter4/app/Controllers/Admin/Services.php(35): CodeIgniter\BaseModel->paginate(10)
#7 /home/acessoho/public_html/codeigniter4/system/CodeIgniter.php(825): App\Controllers\Admin\Services->index()
#8 /home/acessoho/public_html/codeigniter4/system/CodeIgniter.php(412): CodeIgniter\CodeIgniter->runController(Object(App\Controllers\Admin\Services))
#9 /home/acessoho/public_html/codeigniter4/system/CodeIgniter.php(320): CodeIgniter\CodeIgniter->handleRequest(NULL, Object(Config\Cache), false)
#10 /home/acessoho/public_html/codeigniter4/index.php(38): CodeIgniter\CodeIgniter->run()
#11 {main}
ERROR - 2022-02-28 18:58:51 --> Unknown column 'services.deleted_at' in 'where clause'
CRITICAL - 2022-02-28 18:58:51 --> Unknown column 'services.deleted_at' in 'where clause'
#0 /home/acessoho/public_html/codeigniter4/system/Database/MySQLi/Connection.php(292): mysqli->query('SELECT COUNT(*)...', 0)
#1 /home/acessoho/public_html/codeigniter4/system/Database/BaseConnection.php(670): CodeIgniter\Database\MySQLi\Connection->execute('SELECT COUNT(*)...')
#2 /home/acessoho/public_html/codeigniter4/system/Database/BaseConnection.php(598): CodeIgniter\Database\BaseConnection->simpleQuery('SELECT COUNT(*)...')
#3 /home/acessoho/public_html/codeigniter4/system/Database/BaseBuilder.php(1539): CodeIgniter\Database\BaseConnection->query('SELECT COUNT(*)...', Array, false)
#4 /home/acessoho/public_html/codeigniter4/system/Model.php(509): CodeIgniter\Database\BaseBuilder->countAllResults(false)
#5 /home/acessoho/public_html/codeigniter4/system/BaseModel.php(1084): CodeIgniter\Model->countAllResults(false)
#6 /home/acessoho/public_html/codeigniter4/app/Controllers/Admin/Services.php(35): CodeIgniter\BaseModel->paginate(10)
#7 /home/acessoho/public_html/codeigniter4/system/CodeIgniter.php(825): App\Controllers\Admin\Services->index()
#8 /home/acessoho/public_html/codeigniter4/system/CodeIgniter.php(412): CodeIgniter\CodeIgniter->runController(Object(App\Controllers\Admin\Services))
#9 /home/acessoho/public_html/codeigniter4/system/CodeIgniter.php(320): CodeIgniter\CodeIgniter->handleRequest(NULL, Object(Config\Cache), false)
#10 /home/acessoho/public_html/codeigniter4/index.php(38): CodeIgniter\CodeIgniter->run()
#11 {main}
CRITICAL - 2022-02-28 18:59:49 --> Undefined variable: name
#0 /home/acessoho/public_html/codeigniter4/app/Views/admin/pages/services/services.php(51): CodeIgniter\Debug\Exceptions->errorHandler(8, 'Undefined varia...', '/home/acessoho/...', 51, Array)
#1 /home/acessoho/public_html/codeigniter4/system/View/View.php(210): include('/home/acessoho/...')
#2 /home/acessoho/public_html/codeigniter4/system/View/View.php(213): CodeIgniter\View\View->CodeIgniter\View\{closure}()
#3 /home/acessoho/public_html/codeigniter4/system/Common.php(1089): CodeIgniter\View\View->render('admin/pages/ser...', Array, true)
#4 /home/acessoho/public_html/codeigniter4/app/Controllers/Admin/Services.php(36): view('admin/pages/ser...', Array)
#5 /home/acessoho/public_html/codeigniter4/system/CodeIgniter.php(825): App\Controllers\Admin\Services->index()
#6 /home/acessoho/public_html/codeigniter4/system/CodeIgniter.php(412): CodeIgniter\CodeIgniter->runController(Object(App\Controllers\Admin\Services))
#7 /home/acessoho/public_html/codeigniter4/system/CodeIgniter.php(320): CodeIgniter\CodeIgniter->handleRequest(NULL, Object(Config\Cache), false)
#8 /home/acessoho/public_html/codeigniter4/index.php(38): CodeIgniter\CodeIgniter->run()
#9 {main}
CRITICAL - 2022-02-28 19:00:11 --> Call to a member function links() on null
#0 /home/acessoho/public_html/codeigniter4/system/View/View.php(210): include()
#1 /home/acessoho/public_html/codeigniter4/system/View/View.php(213): CodeIgniter\View\View->CodeIgniter\View\{closure}()
#2 /home/acessoho/public_html/codeigniter4/system/Common.php(1089): CodeIgniter\View\View->render('admin/pages/ser...', Array, true)
#3 /home/acessoho/public_html/codeigniter4/app/Controllers/Admin/Services.php(36): view('admin/pages/ser...', Array)
#4 /home/acessoho/public_html/codeigniter4/system/CodeIgniter.php(825): App\Controllers\Admin\Services->index()
#5 /home/acessoho/public_html/codeigniter4/system/CodeIgniter.php(412): CodeIgniter\CodeIgniter->runController(Object(App\Controllers\Admin\Services))
#6 /home/acessoho/public_html/codeigniter4/system/CodeIgniter.php(320): CodeIgniter\CodeIgniter->handleRequest(NULL, Object(Config\Cache), false)
#7 /home/acessoho/public_html/codeigniter4/index.php(38): CodeIgniter\CodeIgniter->run()
#8 {main}
CRITICAL - 2022-02-28 19:00:34 --> Call to a member function paginator() on array
#0 /home/acessoho/public_html/codeigniter4/system/CodeIgniter.php(825): App\Controllers\Admin\Services->index()
#1 /home/acessoho/public_html/codeigniter4/system/CodeIgniter.php(412): CodeIgniter\CodeIgniter->runController(Object(App\Controllers\Admin\Services))
#2 /home/acessoho/public_html/codeigniter4/system/CodeIgniter.php(320): CodeIgniter\CodeIgniter->handleRequest(NULL, Object(Config\Cache), false)
#3 /home/acessoho/public_html/codeigniter4/index.php(38): CodeIgniter\CodeIgniter->run()
#4 {main}
ERROR - 2022-02-28 19:02:05 --> Unknown column 'services.deleted_at' in 'where clause'
CRITICAL - 2022-02-28 19:02:05 --> Unknown column 'services.deleted_at' in 'where clause'
#0 /home/acessoho/public_html/codeigniter4/system/Database/MySQLi/Connection.php(292): mysqli->query('SELECT COUNT(*)...', 0)
#1 /home/acessoho/public_html/codeigniter4/system/Database/BaseConnection.php(670): CodeIgniter\Database\MySQLi\Connection->execute('SELECT COUNT(*)...')
#2 /home/acessoho/public_html/codeigniter4/system/Database/BaseConnection.php(598): CodeIgniter\Database\BaseConnection->simpleQuery('SELECT COUNT(*)...')
#3 /home/acessoho/public_html/codeigniter4/system/Database/BaseBuilder.php(1539): CodeIgniter\Database\BaseConnection->query('SELECT COUNT(*)...', Array, false)
#4 /home/acessoho/public_html/codeigniter4/system/Model.php(509): CodeIgniter\Database\BaseBuilder->countAllResults(false)
#5 /home/acessoho/public_html/codeigniter4/system/BaseModel.php(1084): CodeIgniter\Model->countAllResults(false)
#6 /home/acessoho/public_html/codeigniter4/app/Controllers/Admin/Services.php(35): CodeIgniter\BaseModel->paginate(10)
#7 /home/acessoho/public_html/codeigniter4/system/CodeIgniter.php(825): App\Controllers\Admin\Services->index()
#8 /home/acessoho/public_html/codeigniter4/system/CodeIgniter.php(412): CodeIgniter\CodeIgniter->runController(Object(App\Controllers\Admin\Services))
#9 /home/acessoho/public_html/codeigniter4/system/CodeIgniter.php(320): CodeIgniter\CodeIgniter->handleRequest(NULL, Object(Config\Cache), false)
#10 /home/acessoho/public_html/codeigniter4/index.php(38): CodeIgniter\CodeIgniter->run()
#11 {main}
ERROR - 2022-02-28 19:08:33 --> Column 'id' in field list is ambiguous
CRITICAL - 2022-02-28 19:08:33 --> Column 'id' in field list is ambiguous
#0 /home/acessoho/public_html/codeigniter4/system/Database/MySQLi/Connection.php(292): mysqli->query('SELECT `id`, `t...', 0)
#1 /home/acessoho/public_html/codeigniter4/system/Database/BaseConnection.php(670): CodeIgniter\Database\MySQLi\Connection->execute('SELECT `id`, `t...')
#2 /home/acessoho/public_html/codeigniter4/system/Database/BaseConnection.php(598): CodeIgniter\Database\BaseConnection->simpleQuery('SELECT `id`, `t...')
#3 /home/acessoho/public_html/codeigniter4/system/Database/BaseBuilder.php(1455): CodeIgniter\Database\BaseConnection->query('SELECT `id`, `t...', Array, false)
#4 /home/acessoho/public_html/codeigniter4/system/Model.php(183): CodeIgniter\Database\BaseBuilder->get()
#5 /home/acessoho/public_html/codeigniter4/system/BaseModel.php(584): CodeIgniter\Model->doFindAll(10, 0)
#6 /home/acessoho/public_html/codeigniter4/system/BaseModel.php(1088): CodeIgniter\BaseModel->findAll(10, 0)
#7 /home/acessoho/public_html/codeigniter4/app/Controllers/Admin/Services.php(35): CodeIgniter\BaseModel->paginate(10)
#8 /home/acessoho/public_html/codeigniter4/system/CodeIgniter.php(825): App\Controllers\Admin\Services->index()
#9 /home/acessoho/public_html/codeigniter4/system/CodeIgniter.php(412): CodeIgniter\CodeIgniter->runController(Object(App\Controllers\Admin\Services))
#10 /home/acessoho/public_html/codeigniter4/system/CodeIgniter.php(320): CodeIgniter\CodeIgniter->handleRequest(NULL, Object(Config\Cache), false)
#11 /home/acessoho/public_html/codeigniter4/index.php(38): CodeIgniter\CodeIgniter->run()
#12 {main}
CRITICAL - 2022-02-28 19:09:40 --> Undefined variable: id
#0 /home/acessoho/public_html/codeigniter4/app/Views/admin/pages/services/services.php(69): CodeIgniter\Debug\Exceptions->errorHandler(8, 'Undefined varia...', '/home/acessoho/...', 69, Array)
#1 /home/acessoho/public_html/codeigniter4/system/View/View.php(210): include('/home/acessoho/...')
#2 /home/acessoho/public_html/codeigniter4/system/View/View.php(213): CodeIgniter\View\View->CodeIgniter\View\{closure}()
#3 /home/acessoho/public_html/codeigniter4/system/Common.php(1089): CodeIgniter\View\View->render('admin/pages/ser...', Array, true)
#4 /home/acessoho/public_html/codeigniter4/app/Controllers/Admin/Services.php(36): view('admin/pages/ser...', Array)
#5 /home/acessoho/public_html/codeigniter4/system/CodeIgniter.php(825): App\Controllers\Admin\Services->index()
#6 /home/acessoho/public_html/codeigniter4/system/CodeIgniter.php(412): CodeIgniter\CodeIgniter->runController(Object(App\Controllers\Admin\Services))
#7 /home/acessoho/public_html/codeigniter4/system/CodeIgniter.php(320): CodeIgniter\CodeIgniter->handleRequest(NULL, Object(Config\Cache), false)
#8 /home/acessoho/public_html/codeigniter4/index.php(38): CodeIgniter\CodeIgniter->run()
#9 {main}
ERROR - 2022-02-28 19:10:38 --> Unknown column 'services.deleted_at' in 'where clause'
CRITICAL - 2022-02-28 19:10:38 --> Unknown column 'services.deleted_at' in 'where clause'
#0 /home/acessoho/public_html/codeigniter4/system/Database/MySQLi/Connection.php(292): mysqli->query('SELECT COUNT(*)...', 0)
#1 /home/acessoho/public_html/codeigniter4/system/Database/BaseConnection.php(670): CodeIgniter\Database\MySQLi\Connection->execute('SELECT COUNT(*)...')
#2 /home/acessoho/public_html/codeigniter4/system/Database/BaseConnection.php(598): CodeIgniter\Database\BaseConnection->simpleQuery('SELECT COUNT(*)...')
#3 /home/acessoho/public_html/codeigniter4/system/Database/BaseBuilder.php(1539): CodeIgniter\Database\BaseConnection->query('SELECT COUNT(*)...', Array, false)
#4 /home/acessoho/public_html/codeigniter4/system/Model.php(509): CodeIgniter\Database\BaseBuilder->countAllResults(false)
#5 /home/acessoho/public_html/codeigniter4/system/BaseModel.php(1084): CodeIgniter\Model->countAllResults(false)
#6 /home/acessoho/public_html/codeigniter4/app/Controllers/Admin/Services.php(35): CodeIgniter\BaseModel->paginate(10)
#7 /home/acessoho/public_html/codeigniter4/system/CodeIgniter.php(825): App\Controllers\Admin\Services->index()
#8 /home/acessoho/public_html/codeigniter4/system/CodeIgniter.php(412): CodeIgniter\CodeIgniter->runController(Object(App\Controllers\Admin\Services))
#9 /home/acessoho/public_html/codeigniter4/system/CodeIgniter.php(320): CodeIgniter\CodeIgniter->handleRequest(NULL, Object(Config\Cache), false)
#10 /home/acessoho/public_html/codeigniter4/index.php(38): CodeIgniter\CodeIgniter->run()
#11 {main}
ERROR - 2022-02-28 19:11:23 --> Unknown column 'services.deleted_at' in 'where clause'
CRITICAL - 2022-02-28 19:11:23 --> Unknown column 'services.deleted_at' in 'where clause'
#0 /home/acessoho/public_html/codeigniter4/system/Database/MySQLi/Connection.php(292): mysqli->query('SELECT COUNT(*)...', 0)
#1 /home/acessoho/public_html/codeigniter4/system/Database/BaseConnection.php(670): CodeIgniter\Database\MySQLi\Connection->execute('SELECT COUNT(*)...')
#2 /home/acessoho/public_html/codeigniter4/system/Database/BaseConnection.php(598): CodeIgniter\Database\BaseConnection->simpleQuery('SELECT COUNT(*)...')
#3 /home/acessoho/public_html/codeigniter4/system/Database/BaseBuilder.php(1539): CodeIgniter\Database\BaseConnection->query('SELECT COUNT(*)...', Array, false)
#4 /home/acessoho/public_html/codeigniter4/system/Model.php(509): CodeIgniter\Database\BaseBuilder->countAllResults(false)
#5 /home/acessoho/public_html/codeigniter4/system/BaseModel.php(1084): CodeIgniter\Model->countAllResults(false)
#6 /home/acessoho/public_html/codeigniter4/app/Controllers/Admin/Services.php(35): CodeIgniter\BaseModel->paginate(10)
#7 /home/acessoho/public_html/codeigniter4/system/CodeIgniter.php(825): App\Controllers\Admin\Services->index()
#8 /home/acessoho/public_html/codeigniter4/system/CodeIgniter.php(412): CodeIgniter\CodeIgniter->runController(Object(App\Controllers\Admin\Services))
#9 /home/acessoho/public_html/codeigniter4/system/CodeIgniter.php(320): CodeIgniter\CodeIgniter->handleRequest(NULL, Object(Config\Cache), false)
#10 /home/acessoho/public_html/codeigniter4/index.php(38): CodeIgniter\CodeIgniter->run()
#11 {main}
ERROR - 2022-02-28 19:12:09 --> You have an error in your SQL syntax; check the manual that corresponds to your MariaDB server version for the right syntax to use near '*
INNER JOIN `users` `u` ON `s`.`user_id` = `u`.`id`
WHERE `services`.`delete...' at line 2
CRITICAL - 2022-02-28 19:12:09 --> You have an error in your SQL syntax; check the manual that corresponds to your MariaDB server version for the right syntax to use near '*
INNER JOIN `users` `u` ON `s`.`user_id` = `u`.`id`
WHERE `services`.`delete...' at line 2
#0 /home/acessoho/public_html/codeigniter4/system/Database/MySQLi/Connection.php(292): mysqli->query('SELECT COUNT(*)...', 0)
#1 /home/acessoho/public_html/codeigniter4/system/Database/BaseConnection.php(670): CodeIgniter\Database\MySQLi\Connection->execute('SELECT COUNT(*)...')
#2 /home/acessoho/public_html/codeigniter4/system/Database/BaseConnection.php(598): CodeIgniter\Database\BaseConnection->simpleQuery('SELECT COUNT(*)...')
#3 /home/acessoho/public_html/codeigniter4/system/Database/BaseBuilder.php(1539): CodeIgniter\Database\BaseConnection->query('SELECT COUNT(*)...', Array, false)
#4 /home/acessoho/public_html/codeigniter4/system/Model.php(509): CodeIgniter\Database\BaseBuilder->countAllResults(false)
#5 /home/acessoho/public_html/codeigniter4/system/BaseModel.php(1084): CodeIgniter\Model->countAllResults(false)
#6 /home/acessoho/public_html/codeigniter4/app/Controllers/Admin/Services.php(35): CodeIgniter\BaseModel->paginate(10)
#7 /home/acessoho/public_html/codeigniter4/system/CodeIgniter.php(825): App\Controllers\Admin\Services->index()
#8 /home/acessoho/public_html/codeigniter4/system/CodeIgniter.php(412): CodeIgniter\CodeIgniter->runController(Object(App\Controllers\Admin\Services))
#9 /home/acessoho/public_html/codeigniter4/system/CodeIgniter.php(320): CodeIgniter\CodeIgniter->handleRequest(NULL, Object(Config\Cache), false)
#10 /home/acessoho/public_html/codeigniter4/index.php(38): CodeIgniter\CodeIgniter->run()
#11 {main}
ERROR - 2022-02-28 19:12:26 --> Unknown column 'services.deleted_at' in 'where clause'
CRITICAL - 2022-02-28 19:12:26 --> Unknown column 'services.deleted_at' in 'where clause'
#0 /home/acessoho/public_html/codeigniter4/system/Database/MySQLi/Connection.php(292): mysqli->query('SELECT COUNT(*)...', 0)
#1 /home/acessoho/public_html/codeigniter4/system/Database/BaseConnection.php(670): CodeIgniter\Database\MySQLi\Connection->execute('SELECT COUNT(*)...')
#2 /home/acessoho/public_html/codeigniter4/system/Database/BaseConnection.php(598): CodeIgniter\Database\BaseConnection->simpleQuery('SELECT COUNT(*)...')
#3 /home/acessoho/public_html/codeigniter4/system/Database/BaseBuilder.php(1539): CodeIgniter\Database\BaseConnection->query('SELECT COUNT(*)...', Array, false)
#4 /home/acessoho/public_html/codeigniter4/system/Model.php(509): CodeIgniter\Database\BaseBuilder->countAllResults(false)
#5 /home/acessoho/public_html/codeigniter4/system/BaseModel.php(1084): CodeIgniter\Model->countAllResults(false)
#6 /home/acessoho/public_html/codeigniter4/app/Controllers/Admin/Services.php(35): CodeIgniter\BaseModel->paginate(10)
#7 /home/acessoho/public_html/codeigniter4/system/CodeIgniter.php(825): App\Controllers\Admin\Services->index()
#8 /home/acessoho/public_html/codeigniter4/system/CodeIgniter.php(412): CodeIgniter\CodeIgniter->runController(Object(App\Controllers\Admin\Services))
#9 /home/acessoho/public_html/codeigniter4/system/CodeIgniter.php(320): CodeIgniter\CodeIgniter->handleRequest(NULL, Object(Config\Cache), false)
#10 /home/acessoho/public_html/codeigniter4/index.php(38): CodeIgniter\CodeIgniter->run()
#11 {main}
