ERROR - 2022-03-11 09:10:21 --> Unknown column '$blo_cadastro' in 'order clause'
CRITICAL - 2022-03-11 09:10:21 --> Unknown column '$blo_cadastro' in 'order clause'
#0 /home/acessoho/public_html/codeigniter4/system/Database/MySQLi/Connection.php(292): mysqli->query('SELECT *\nFROM `...', 0)
#1 /home/acessoho/public_html/codeigniter4/system/Database/BaseConnection.php(670): CodeIgniter\Database\MySQLi\Connection->execute('SELECT *\nFROM `...')
#2 /home/acessoho/public_html/codeigniter4/system/Database/BaseConnection.php(598): CodeIgniter\Database\BaseConnection->simpleQuery('SELECT *\nFROM `...')
#3 /home/acessoho/public_html/codeigniter4/system/Database/BaseBuilder.php(1455): CodeIgniter\Database\BaseConnection->query('SELECT *\nFROM `...', Array, false)
#4 /home/acessoho/public_html/codeigniter4/system/Model.php(145): CodeIgniter\Database\BaseBuilder->get()
#5 /home/acessoho/public_html/codeigniter4/system/BaseModel.php(523): CodeIgniter\Model->doFind(false, NULL)
#6 /home/acessoho/public_html/codeigniter4/app/Controllers/Admin/Home.php(42): CodeIgniter\BaseModel->find()
#7 /home/acessoho/public_html/codeigniter4/system/CodeIgniter.php(825): App\Controllers\Admin\Home->index()
#8 /home/acessoho/public_html/codeigniter4/system/CodeIgniter.php(412): CodeIgniter\CodeIgniter->runController(Object(App\Controllers\Admin\Home))
#9 /home/acessoho/public_html/codeigniter4/system/CodeIgniter.php(320): CodeIgniter\CodeIgniter->handleRequest(NULL, Object(Config\Cache), false)
#10 /home/acessoho/public_html/codeigniter4/index.php(38): CodeIgniter\CodeIgniter->run()
#11 {main}
CRITICAL - 2022-03-11 09:10:45 --> extract() expects parameter 1 to be array, null given
#0 [internal function]: CodeIgniter\Debug\Exceptions->errorHandler(2, 'extract() expec...', '/home/acessoho/...', 124, Array)
#1 /home/acessoho/public_html/codeigniter4/app/Views/admin/pages/home.php(124): extract(NULL)
#2 /home/acessoho/public_html/codeigniter4/system/View/View.php(210): include('/home/acessoho/...')
#3 /home/acessoho/public_html/codeigniter4/system/View/View.php(213): CodeIgniter\View\View->CodeIgniter\View\{closure}()
#4 /home/acessoho/public_html/codeigniter4/system/Common.php(1089): CodeIgniter\View\View->render('admin/pages/hom...', Array, true)
#5 /home/acessoho/public_html/codeigniter4/app/Controllers/Admin/Home.php(45): view('admin/pages/hom...')
#6 /home/acessoho/public_html/codeigniter4/system/CodeIgniter.php(825): App\Controllers\Admin\Home->index()
#7 /home/acessoho/public_html/codeigniter4/system/CodeIgniter.php(412): CodeIgniter\CodeIgniter->runController(Object(App\Controllers\Admin\Home))
#8 /home/acessoho/public_html/codeigniter4/system/CodeIgniter.php(320): CodeIgniter\CodeIgniter->handleRequest(NULL, Object(Config\Cache), false)
#9 /home/acessoho/public_html/codeigniter4/index.php(38): CodeIgniter\CodeIgniter->run()
#10 {main}
CRITICAL - 2022-03-11 09:55:04 --> Call to a member function isValid() on null
#0 /home/acessoho/public_html/codeigniter4/system/CodeIgniter.php(825): App\Controllers\Admin\Blog->store()
#1 /home/acessoho/public_html/codeigniter4/system/CodeIgniter.php(412): CodeIgniter\CodeIgniter->runController(Object(App\Controllers\Admin\Blog))
#2 /home/acessoho/public_html/codeigniter4/system/CodeIgniter.php(320): CodeIgniter\CodeIgniter->handleRequest(NULL, Object(Config\Cache), false)
#3 /home/acessoho/public_html/codeigniter4/index.php(38): CodeIgniter\CodeIgniter->run()
#4 {main}
CRITICAL - 2022-03-11 10:41:25 --> Call to undefined function App\Controllers\Admin\convert_accented_characters()
#0 /home/acessoho/public_html/codeigniter4/system/CodeIgniter.php(825): App\Controllers\Admin\Blog->store()
#1 /home/acessoho/public_html/codeigniter4/system/CodeIgniter.php(412): CodeIgniter\CodeIgniter->runController(Object(App\Controllers\Admin\Blog))
#2 /home/acessoho/public_html/codeigniter4/system/CodeIgniter.php(320): CodeIgniter\CodeIgniter->handleRequest(NULL, Object(Config\Cache), false)
#3 /home/acessoho/public_html/codeigniter4/index.php(38): CodeIgniter\CodeIgniter->run()
#4 {main}
CRITICAL - 2022-03-11 10:42:44 --> Call to undefined function App\Controllers\Admin\convert_accented_characters()
#0 /home/acessoho/public_html/codeigniter4/system/CodeIgniter.php(825): App\Controllers\Admin\Blog->store()
#1 /home/acessoho/public_html/codeigniter4/system/CodeIgniter.php(412): CodeIgniter\CodeIgniter->runController(Object(App\Controllers\Admin\Blog))
#2 /home/acessoho/public_html/codeigniter4/system/CodeIgniter.php(320): CodeIgniter\CodeIgniter->handleRequest(NULL, Object(Config\Cache), false)
#3 /home/acessoho/public_html/codeigniter4/index.php(38): CodeIgniter\CodeIgniter->run()
#4 {main}
CRITICAL - 2022-03-11 10:43:15 --> Argument 1 passed to url_title() must be of the type string, null given, called in /home/acessoho/public_html/codeigniter4/app/Controllers/Admin/Blog.php on line 57
#0 /home/acessoho/public_html/codeigniter4/app/Controllers/Admin/Blog.php(57): url_title(NULL, '-', true)
#1 /home/acessoho/public_html/codeigniter4/system/CodeIgniter.php(825): App\Controllers\Admin\Blog->store()
#2 /home/acessoho/public_html/codeigniter4/system/CodeIgniter.php(412): CodeIgniter\CodeIgniter->runController(Object(App\Controllers\Admin\Blog))
#3 /home/acessoho/public_html/codeigniter4/system/CodeIgniter.php(320): CodeIgniter\CodeIgniter->handleRequest(NULL, Object(Config\Cache), false)
#4 /home/acessoho/public_html/codeigniter4/index.php(38): CodeIgniter\CodeIgniter->run()
#5 {main}
CRITICAL - 2022-03-11 10:43:47 --> Argument 1 passed to url_title() must be of the type string, null given, called in /home/acessoho/public_html/codeigniter4/app/Controllers/Admin/Blog.php on line 90
#0 /home/acessoho/public_html/codeigniter4/app/Controllers/Admin/Blog.php(90): url_title(NULL, '-', true)
#1 /home/acessoho/public_html/codeigniter4/system/CodeIgniter.php(825): App\Controllers\Admin\Blog->store()
#2 /home/acessoho/public_html/codeigniter4/system/CodeIgniter.php(412): CodeIgniter\CodeIgniter->runController(Object(App\Controllers\Admin\Blog))
#3 /home/acessoho/public_html/codeigniter4/system/CodeIgniter.php(320): CodeIgniter\CodeIgniter->handleRequest(NULL, Object(Config\Cache), false)
#4 /home/acessoho/public_html/codeigniter4/index.php(38): CodeIgniter\CodeIgniter->run()
#5 {main}
CRITICAL - 2022-03-11 10:46:01 --> Call to undefined function App\Controllers\Admin\strotime()
#0 /home/acessoho/public_html/codeigniter4/system/CodeIgniter.php(825): App\Controllers\Admin\Blog->store()
#1 /home/acessoho/public_html/codeigniter4/system/CodeIgniter.php(412): CodeIgniter\CodeIgniter->runController(Object(App\Controllers\Admin\Blog))
#2 /home/acessoho/public_html/codeigniter4/system/CodeIgniter.php(320): CodeIgniter\CodeIgniter->handleRequest(NULL, Object(Config\Cache), false)
#3 /home/acessoho/public_html/codeigniter4/index.php(38): CodeIgniter\CodeIgniter->run()
#4 {main}
CRITICAL - 2022-03-11 10:49:04 --> Call to a member function delete() on null
#0 /home/acessoho/public_html/codeigniter4/system/CodeIgniter.php(825): App\Controllers\Admin\Blog->delete('45')
#1 /home/acessoho/public_html/codeigniter4/system/CodeIgniter.php(412): CodeIgniter\CodeIgniter->runController(Object(App\Controllers\Admin\Blog))
#2 /home/acessoho/public_html/codeigniter4/system/CodeIgniter.php(320): CodeIgniter\CodeIgniter->handleRequest(NULL, Object(Config\Cache), false)
#3 /home/acessoho/public_html/codeigniter4/index.php(38): CodeIgniter\CodeIgniter->run()
#4 {main}
CRITICAL - 2022-03-11 11:04:24 --> Call to a member function isValid() on null
#0 /home/acessoho/public_html/codeigniter4/system/CodeIgniter.php(825): App\Controllers\Admin\Blog->store('43')
#1 /home/acessoho/public_html/codeigniter4/system/CodeIgniter.php(412): CodeIgniter\CodeIgniter->runController(Object(App\Controllers\Admin\Blog))
#2 /home/acessoho/public_html/codeigniter4/system/CodeIgniter.php(320): CodeIgniter\CodeIgniter->handleRequest(NULL, Object(Config\Cache), false)
#3 /home/acessoho/public_html/codeigniter4/index.php(38): CodeIgniter\CodeIgniter->run()
#4 {main}
CRITICAL - 2022-03-11 11:04:30 --> Call to a member function isValid() on null
#0 /home/acessoho/public_html/codeigniter4/system/CodeIgniter.php(825): App\Controllers\Admin\Blog->store('43')
#1 /home/acessoho/public_html/codeigniter4/system/CodeIgniter.php(412): CodeIgniter\CodeIgniter->runController(Object(App\Controllers\Admin\Blog))
#2 /home/acessoho/public_html/codeigniter4/system/CodeIgniter.php(320): CodeIgniter\CodeIgniter->handleRequest(NULL, Object(Config\Cache), false)
#3 /home/acessoho/public_html/codeigniter4/index.php(38): CodeIgniter\CodeIgniter->run()
#4 {main}
CRITICAL - 2022-03-11 11:23:33 --> Argument 2 passed to view() must be of the type array, null given, called in /home/acessoho/public_html/codeigniter4/app/Controllers/Admin/Blog.php on line 46
#0 /home/acessoho/public_html/codeigniter4/app/Controllers/Admin/Blog.php(46): view('admin/pages/blo...', NULL)
#1 /home/acessoho/public_html/codeigniter4/system/CodeIgniter.php(825): App\Controllers\Admin\Blog->create()
#2 /home/acessoho/public_html/codeigniter4/system/CodeIgniter.php(412): CodeIgniter\CodeIgniter->runController(Object(App\Controllers\Admin\Blog))
#3 /home/acessoho/public_html/codeigniter4/system/CodeIgniter.php(320): CodeIgniter\CodeIgniter->handleRequest(NULL, Object(Config\Cache), false)
#4 /home/acessoho/public_html/codeigniter4/index.php(38): CodeIgniter\CodeIgniter->run()
#5 {main}
CRITICAL - 2022-03-11 11:23:56 --> Undefined variable: id
#0 /home/acessoho/public_html/codeigniter4/app/Controllers/Admin/Blog.php(43): CodeIgniter\Debug\Exceptions->errorHandler(8, 'Undefined varia...', '/home/acessoho/...', 43, Array)
#1 /home/acessoho/public_html/codeigniter4/system/CodeIgniter.php(825): App\Controllers\Admin\Blog->create()
#2 /home/acessoho/public_html/codeigniter4/system/CodeIgniter.php(412): CodeIgniter\CodeIgniter->runController(Object(App\Controllers\Admin\Blog))
#3 /home/acessoho/public_html/codeigniter4/system/CodeIgniter.php(320): CodeIgniter\CodeIgniter->handleRequest(NULL, Object(Config\Cache), false)
#4 /home/acessoho/public_html/codeigniter4/index.php(38): CodeIgniter\CodeIgniter->run()
#5 {main}
CRITICAL - 2022-03-11 11:24:14 --> Too few arguments to function App\Controllers\Admin\Blog::create(), 0 passed in /home/acessoho/public_html/codeigniter4/system/CodeIgniter.php on line 825 and exactly 1 expected
#0 /home/acessoho/public_html/codeigniter4/system/CodeIgniter.php(825): App\Controllers\Admin\Blog->create()
#1 /home/acessoho/public_html/codeigniter4/system/CodeIgniter.php(412): CodeIgniter\CodeIgniter->runController(Object(App\Controllers\Admin\Blog))
#2 /home/acessoho/public_html/codeigniter4/system/CodeIgniter.php(320): CodeIgniter\CodeIgniter->handleRequest(NULL, Object(Config\Cache), false)
#3 /home/acessoho/public_html/codeigniter4/index.php(38): CodeIgniter\CodeIgniter->run()
#4 {main}
CRITICAL - 2022-03-11 11:36:23 --> Too few arguments to function App\Controllers\Admin\Blog::create(), 0 passed in /home/acessoho/public_html/codeigniter4/system/CodeIgniter.php on line 825 and exactly 1 expected
#0 /home/acessoho/public_html/codeigniter4/system/CodeIgniter.php(825): App\Controllers\Admin\Blog->create()
#1 /home/acessoho/public_html/codeigniter4/system/CodeIgniter.php(412): CodeIgniter\CodeIgniter->runController(Object(App\Controllers\Admin\Blog))
#2 /home/acessoho/public_html/codeigniter4/system/CodeIgniter.php(320): CodeIgniter\CodeIgniter->handleRequest(NULL, Object(Config\Cache), false)
#3 /home/acessoho/public_html/codeigniter4/index.php(38): CodeIgniter\CodeIgniter->run()
#4 {main}
CRITICAL - 2022-03-11 11:42:13 --> You must supply the parameters: from, to.
#0 /home/acessoho/public_html/codeigniter4/app/Config/Routes.php(52): CodeIgniter\Router\RouteCollection->match(Array)
#1 /home/acessoho/public_html/codeigniter4/system/CodeIgniter.php(706): require('/home/acessoho/...')
#2 /home/acessoho/public_html/codeigniter4/system/CodeIgniter.php(361): CodeIgniter\CodeIgniter->tryToRouteIt(Object(CodeIgniter\Router\RouteCollection))
#3 /home/acessoho/public_html/codeigniter4/system/CodeIgniter.php(320): CodeIgniter\CodeIgniter->handleRequest(NULL, Object(Config\Cache), false)
#4 /home/acessoho/public_html/codeigniter4/index.php(38): CodeIgniter\CodeIgniter->run()
#5 {main}
CRITICAL - 2022-03-11 14:12:25 --> Invalid file: admin/pages/documentacao.php
#0 /home/acessoho/public_html/codeigniter4/system/View/View.php(198): CodeIgniter\Exceptions\FrameworkException::forInvalidFile('admin/pages/doc...')
#1 /home/acessoho/public_html/codeigniter4/system/Common.php(1089): CodeIgniter\View\View->render('admin/pages/doc...', Array, true)
#2 /home/acessoho/public_html/codeigniter4/app/Controllers/Admin/Home.php(56): view('admin/pages/doc...')
#3 /home/acessoho/public_html/codeigniter4/system/CodeIgniter.php(825): App\Controllers\Admin\Home->doc()
#4 /home/acessoho/public_html/codeigniter4/system/CodeIgniter.php(412): CodeIgniter\CodeIgniter->runController(Object(App\Controllers\Admin\Home))
#5 /home/acessoho/public_html/codeigniter4/system/CodeIgniter.php(320): CodeIgniter\CodeIgniter->handleRequest(NULL, Object(Config\Cache), false)
#6 /home/acessoho/public_html/codeigniter4/index.php(38): CodeIgniter\CodeIgniter->run()
#7 {main}
CRITICAL - 2022-03-11 14:13:20 --> Invalid file: admin/pages/documentacao.php
#0 /home/acessoho/public_html/codeigniter4/system/View/View.php(198): CodeIgniter\Exceptions\FrameworkException::forInvalidFile('admin/pages/doc...')
#1 /home/acessoho/public_html/codeigniter4/system/Common.php(1089): CodeIgniter\View\View->render('admin/pages/doc...', Array, true)
#2 /home/acessoho/public_html/codeigniter4/app/Controllers/Admin/Home.php(56): view('admin/pages/doc...')
#3 /home/acessoho/public_html/codeigniter4/system/CodeIgniter.php(825): App\Controllers\Admin\Home->doc()
#4 /home/acessoho/public_html/codeigniter4/system/CodeIgniter.php(412): CodeIgniter\CodeIgniter->runController(Object(App\Controllers\Admin\Home))
#5 /home/acessoho/public_html/codeigniter4/system/CodeIgniter.php(320): CodeIgniter\CodeIgniter->handleRequest(NULL, Object(Config\Cache), false)
#6 /home/acessoho/public_html/codeigniter4/index.php(38): CodeIgniter\CodeIgniter->run()
#7 {main}
CRITICAL - 2022-03-11 14:13:57 --> Invalid file: admin/pages/documentacao.php
#0 /home/acessoho/public_html/codeigniter4/system/View/View.php(198): CodeIgniter\Exceptions\FrameworkException::forInvalidFile('admin/pages/doc...')
#1 /home/acessoho/public_html/codeigniter4/system/Common.php(1089): CodeIgniter\View\View->render('admin/pages/doc...', Array, true)
#2 /home/acessoho/public_html/codeigniter4/app/Controllers/Admin/Home.php(56): view('admin/pages/doc...')
#3 /home/acessoho/public_html/codeigniter4/system/CodeIgniter.php(825): App\Controllers\Admin\Home->doc()
#4 /home/acessoho/public_html/codeigniter4/system/CodeIgniter.php(412): CodeIgniter\CodeIgniter->runController(Object(App\Controllers\Admin\Home))
#5 /home/acessoho/public_html/codeigniter4/system/CodeIgniter.php(320): CodeIgniter\CodeIgniter->handleRequest(NULL, Object(Config\Cache), false)
#6 /home/acessoho/public_html/codeigniter4/index.php(38): CodeIgniter\CodeIgniter->run()
#7 {main}
CRITICAL - 2022-03-11 14:14:11 --> Invalid file: admin/pages/documentacao.php
#0 /home/acessoho/public_html/codeigniter4/system/View/View.php(198): CodeIgniter\Exceptions\FrameworkException::forInvalidFile('admin/pages/doc...')
#1 /home/acessoho/public_html/codeigniter4/system/Common.php(1089): CodeIgniter\View\View->render('admin/pages/doc...', Array, true)
#2 /home/acessoho/public_html/codeigniter4/app/Controllers/Admin/Home.php(56): view('admin/pages/doc...')
#3 /home/acessoho/public_html/codeigniter4/system/CodeIgniter.php(825): App\Controllers\Admin\Home->doc()
#4 /home/acessoho/public_html/codeigniter4/system/CodeIgniter.php(412): CodeIgniter\CodeIgniter->runController(Object(App\Controllers\Admin\Home))
#5 /home/acessoho/public_html/codeigniter4/system/CodeIgniter.php(320): CodeIgniter\CodeIgniter->handleRequest(NULL, Object(Config\Cache), false)
#6 /home/acessoho/public_html/codeigniter4/index.php(38): CodeIgniter\CodeIgniter->run()
#7 {main}
CRITICAL - 2022-03-11 14:14:40 --> Invalid file: admin/pages/documentacao.php
#0 /home/acessoho/public_html/codeigniter4/system/View/View.php(198): CodeIgniter\Exceptions\FrameworkException::forInvalidFile('admin/pages/doc...')
#1 /home/acessoho/public_html/codeigniter4/system/Common.php(1089): CodeIgniter\View\View->render('admin/pages/doc...', Array, true)
#2 /home/acessoho/public_html/codeigniter4/app/Controllers/Admin/Home.php(56): view('admin/pages/doc...')
#3 /home/acessoho/public_html/codeigniter4/system/CodeIgniter.php(825): App\Controllers\Admin\Home->doc()
#4 /home/acessoho/public_html/codeigniter4/system/CodeIgniter.php(412): CodeIgniter\CodeIgniter->runController(Object(App\Controllers\Admin\Home))
#5 /home/acessoho/public_html/codeigniter4/system/CodeIgniter.php(320): CodeIgniter\CodeIgniter->handleRequest(NULL, Object(Config\Cache), false)
#6 /home/acessoho/public_html/codeigniter4/index.php(38): CodeIgniter\CodeIgniter->run()
#7 {main}
CRITICAL - 2022-03-11 14:15:15 --> Invalid file: admin/pages/documentacao/documentacao.php
#0 /home/acessoho/public_html/codeigniter4/system/View/View.php(198): CodeIgniter\Exceptions\FrameworkException::forInvalidFile('admin/pages/doc...')
#1 /home/acessoho/public_html/codeigniter4/system/Common.php(1089): CodeIgniter\View\View->render('admin/pages/doc...', Array, true)
#2 /home/acessoho/public_html/codeigniter4/app/Controllers/Admin/Home.php(56): view('admin/pages/doc...')
#3 /home/acessoho/public_html/codeigniter4/system/CodeIgniter.php(825): App\Controllers\Admin\Home->doc()
#4 /home/acessoho/public_html/codeigniter4/system/CodeIgniter.php(412): CodeIgniter\CodeIgniter->runController(Object(App\Controllers\Admin\Home))
#5 /home/acessoho/public_html/codeigniter4/system/CodeIgniter.php(320): CodeIgniter\CodeIgniter->handleRequest(NULL, Object(Config\Cache), false)
#6 /home/acessoho/public_html/codeigniter4/index.php(38): CodeIgniter\CodeIgniter->run()
#7 {main}
CRITICAL - 2022-03-11 14:15:32 --> Invalid file: admin/pages/documentacao/documentacao.php
#0 /home/acessoho/public_html/codeigniter4/system/View/View.php(198): CodeIgniter\Exceptions\FrameworkException::forInvalidFile('admin/pages/doc...')
#1 /home/acessoho/public_html/codeigniter4/system/Common.php(1089): CodeIgniter\View\View->render('admin/pages/doc...', Array, true)
#2 /home/acessoho/public_html/codeigniter4/app/Controllers/Admin/Home.php(56): view('admin/pages/doc...')
#3 /home/acessoho/public_html/codeigniter4/system/CodeIgniter.php(825): App\Controllers\Admin\Home->doc()
#4 /home/acessoho/public_html/codeigniter4/system/CodeIgniter.php(412): CodeIgniter\CodeIgniter->runController(Object(App\Controllers\Admin\Home))
#5 /home/acessoho/public_html/codeigniter4/system/CodeIgniter.php(320): CodeIgniter\CodeIgniter->handleRequest(NULL, Object(Config\Cache), false)
#6 /home/acessoho/public_html/codeigniter4/index.php(38): CodeIgniter\CodeIgniter->run()
#7 {main}
